<?xml version="1.0" encoding="UTF-8"?>
<coverage generated="1772041673470" clover="3.2.0">
  <project timestamp="1772041673470" name="All files">
    <metrics statements="1021" coveredstatements="926" conditionals="394" coveredconditionals="326" methods="195" coveredmethods="149" elements="1610" coveredelements="1401" complexity="0" loc="1021" ncloc="1021" packages="1" files="1" classes="1"/>
    <file name="main.ts" path="/sessions/practical-hopeful-ritchie/mnt/bidirectional-folgezettel/main.ts">
      <metrics statements="1021" coveredstatements="926" conditionals="394" coveredconditionals="326" methods="195" coveredmethods="149"/>
      <line num="19" count="1" type="stmt"/>
      <line num="60" count="1" type="stmt"/>
      <line num="65" count="1" type="stmt"/>
      <line num="124" count="1" type="stmt"/>
      <line num="166" count="2" type="stmt"/>
      <line num="167" count="2" type="stmt"/>
      <line num="168" count="2" type="stmt"/>
      <line num="169" count="2" type="stmt"/>
      <line num="170" count="2" type="stmt"/>
      <line num="174" count="2" type="stmt"/>
      <line num="175" count="2" type="stmt"/>
      <line num="177" count="2" type="stmt"/>
      <line num="179" count="2" type="stmt"/>
      <line num="183" count="2" type="stmt"/>
      <line num="188" count="2" type="stmt"/>
      <line num="192" count="2" type="stmt"/>
      <line num="193" count="2" type="stmt"/>
      <line num="194" count="2" type="stmt"/>
      <line num="195" count="2" type="stmt"/>
      <line num="196" count="2" type="stmt"/>
      <line num="198" count="2" type="stmt"/>
      <line num="199" count="2" type="stmt"/>
      <line num="200" count="0" type="stmt"/>
      <line num="201" count="0" type="stmt"/>
      <line num="204" count="2" type="stmt"/>
      <line num="208" count="2" type="stmt"/>
      <line num="209" count="2" type="stmt"/>
      <line num="210" count="2" type="stmt"/>
      <line num="211" count="0" type="stmt"/>
      <line num="212" count="0" type="stmt"/>
      <line num="217" count="0" type="stmt"/>
      <line num="218" count="0" type="stmt"/>
      <line num="231" count="1" type="stmt"/>
      <line num="232" count="1" type="stmt"/>
      <line num="233" count="1" type="stmt"/>
      <line num="234" count="1" type="stmt"/>
      <line num="238" count="1" type="stmt"/>
      <line num="239" count="1" type="stmt"/>
      <line num="241" count="1" type="stmt"/>
      <line num="243" count="1" type="stmt"/>
      <line num="247" count="1" type="stmt"/>
      <line num="248" count="1" type="stmt"/>
      <line num="250" count="1" type="stmt"/>
      <line num="251" count="1" type="stmt"/>
      <line num="253" count="1" type="stmt"/>
      <line num="258" count="1" type="stmt"/>
      <line num="259" count="1" type="stmt"/>
      <line num="260" count="1" type="stmt"/>
      <line num="261" count="1" type="stmt"/>
      <line num="263" count="1" type="stmt"/>
      <line num="264" count="1" type="stmt"/>
      <line num="265" count="0" type="stmt"/>
      <line num="270" count="0" type="stmt"/>
      <line num="271" count="0" type="stmt"/>
      <line num="293" count="5" type="stmt"/>
      <line num="294" count="5" type="stmt"/>
      <line num="295" count="5" type="stmt"/>
      <line num="296" count="5" type="stmt"/>
      <line num="297" count="5" type="stmt"/>
      <line num="298" count="5" type="stmt"/>
      <line num="302" count="5" type="stmt"/>
      <line num="303" count="5" type="stmt"/>
      <line num="305" count="5" type="stmt"/>
      <line num="306" count="5" type="stmt"/>
      <line num="309" count="5" type="stmt"/>
      <line num="314" count="5" type="stmt"/>
      <line num="315" count="5" type="stmt"/>
      <line num="316" count="5" type="stmt"/>
      <line num="318" count="5" type="stmt"/>
      <line num="323" count="5" type="stmt"/>
      <line num="324" count="5" type="stmt"/>
      <line num="326" count="5" type="stmt"/>
      <line num="327" count="5" type="stmt"/>
      <line num="328" count="5" type="stmt"/>
      <line num="329" count="5" type="stmt"/>
      <line num="330" count="5" type="stmt"/>
      <line num="331" count="0" type="stmt"/>
      <line num="332" count="0" type="cond" truecount="0" falsecount="1"/>
      <line num="333" count="0" type="stmt"/>
      <line num="334" count="0" type="stmt"/>
      <line num="339" count="5" type="stmt"/>
      <line num="340" count="0" type="cond" truecount="0" falsecount="2"/>
      <line num="341" count="0" type="stmt"/>
      <line num="342" count="0" type="cond" truecount="0" falsecount="1"/>
      <line num="343" count="0" type="stmt"/>
      <line num="344" count="0" type="stmt"/>
      <line num="346" count="0" type="cond" truecount="0" falsecount="1"/>
      <line num="347" count="0" type="stmt"/>
      <line num="352" count="5" type="stmt"/>
      <line num="353" count="5" type="stmt"/>
      <line num="354" count="5" type="stmt"/>
      <line num="356" count="5" type="stmt"/>
      <line num="357" count="5" type="stmt"/>
      <line num="358" count="0" type="stmt"/>
      <line num="362" count="5" type="stmt"/>
      <line num="366" count="0" type="stmt"/>
      <line num="367" count="0" type="stmt"/>
      <line num="375" count="1" type="stmt"/>
      <line num="391" count="1" type="stmt"/>
      <line num="392" count="1" type="stmt"/>
      <line num="393" count="1" type="stmt"/>
      <line num="397" count="1" type="stmt"/>
      <line num="398" count="1" type="stmt"/>
      <line num="400" count="1" type="stmt"/>
      <line num="401" count="1" type="stmt"/>
      <line num="405" count="1" type="stmt"/>
      <line num="406" count="1" type="stmt"/>
      <line num="407" count="1" type="stmt"/>
      <line num="408" count="1" type="stmt"/>
      <line num="409" count="1" type="stmt"/>
      <line num="411" count="1" type="stmt"/>
      <line num="412" count="2" type="stmt"/>
      <line num="413" count="2" type="stmt"/>
      <line num="414" count="2" type="stmt"/>
      <line num="415" count="0" type="stmt"/>
      <line num="416" count="0" type="stmt"/>
      <line num="420" count="1" type="stmt"/>
      <line num="421" count="1" type="stmt"/>
      <line num="422" count="1" type="stmt"/>
      <line num="424" count="1" type="stmt"/>
      <line num="425" count="1" type="stmt"/>
      <line num="426" count="0" type="stmt"/>
      <line num="427" count="0" type="stmt"/>
      <line num="432" count="0" type="stmt"/>
      <line num="433" count="0" type="stmt"/>
      <line num="444" count="1" type="stmt"/>
      <line num="452" count="1" type="stmt"/>
      <line num="453" count="1" type="stmt"/>
      <line num="454" count="1" type="stmt"/>
      <line num="455" count="1" type="stmt"/>
      <line num="459" count="1" type="stmt"/>
      <line num="460" count="1" type="stmt"/>
      <line num="462" count="1" type="stmt"/>
      <line num="464" count="1" type="stmt"/>
      <line num="468" count="1" type="stmt"/>
      <line num="469" count="1" type="stmt"/>
      <line num="470" count="1" type="stmt"/>
      <line num="472" count="1" type="stmt"/>
      <line num="473" count="0" type="cond" truecount="0" falsecount="2"/>
      <line num="474" count="0" type="stmt"/>
      <line num="475" count="0" type="cond" truecount="0" falsecount="1"/>
      <line num="476" count="0" type="stmt"/>
      <line num="480" count="1" type="stmt"/>
      <line num="481" count="1" type="stmt"/>
      <line num="482" count="1" type="stmt"/>
      <line num="483" count="1" type="stmt"/>
      <line num="485" count="1" type="stmt"/>
      <line num="486" count="1" type="stmt"/>
      <line num="488" count="1" type="stmt"/>
      <line num="489" count="1" type="stmt"/>
      <line num="490" count="1" type="stmt"/>
      <line num="491" count="1" type="stmt"/>
      <line num="494" count="1" type="cond" truecount="0" falsecount="4"/>
      <line num="498" count="0" type="cond" truecount="0" falsecount="4"/>
      <line num="499" count="0" type="cond" truecount="0" falsecount="1"/>
      <line num="500" count="0" type="stmt"/>
      <line num="501" count="0" type="stmt"/>
      <line num="506" count="0" type="stmt"/>
      <line num="507" count="0" type="stmt"/>
      <line num="517" count="4" type="stmt"/>
      <line num="524" count="4" type="stmt"/>
      <line num="525" count="4" type="stmt"/>
      <line num="526" count="4" type="stmt"/>
      <line num="530" count="4" type="stmt"/>
      <line num="531" count="4" type="stmt"/>
      <line num="533" count="4" type="stmt"/>
      <line num="536" count="4" type="stmt"/>
      <line num="538" count="4" type="cond" truecount="2" falsecount="0"/>
      <line num="539" count="2" type="stmt"/>
      <line num="543" count="2" type="stmt"/>
      <line num="544" count="2" type="stmt"/>
      <line num="545" count="2" type="stmt"/>
      <line num="548" count="2" type="stmt"/>
      <line num="552" count="2" type="stmt"/>
      <line num="553" count="2" type="stmt"/>
      <line num="554" count="2" type="stmt"/>
      <line num="555" count="0" type="stmt"/>
      <line num="556" count="0" type="stmt"/>
      <line num="558" count="2" type="stmt"/>
      <line num="559" count="0" type="stmt"/>
      <line num="561" count="2" type="stmt"/>
      <line num="562" count="0" type="stmt"/>
      <line num="566" count="2" type="stmt"/>
      <line num="567" count="4" type="stmt"/>
      <line num="571" count="4" type="stmt"/>
      <line num="572" count="4" type="stmt"/>
      <line num="573" count="4" type="stmt"/>
      <line num="574" count="0" type="stmt"/>
      <line num="575" count="0" type="stmt"/>
      <line num="577" count="4" type="stmt"/>
      <line num="578" count="0" type="stmt"/>
      <line num="580" count="4" type="stmt"/>
      <line num="581" count="0" type="stmt"/>
      <line num="586" count="4" type="stmt"/>
      <line num="587" count="4" type="stmt"/>
      <line num="588" count="4" type="stmt"/>
      <line num="592" count="4" type="stmt"/>
      <line num="593" count="4" type="cond" truecount="1" falsecount="0"/>
      <line num="595" count="3" type="stmt"/>
      <line num="596" count="3" type="cond" truecount="2" falsecount="1"/>
      <line num="598" count="3" type="stmt"/>
      <line num="599" count="3" type="stmt"/>
      <line num="600" count="4" type="stmt"/>
      <line num="601" count="5" type="cond" truecount="4" falsecount="0"/>
      <line num="602" count="4" type="stmt"/>
      <line num="603" count="1" type="cond" truecount="1" falsecount="0"/>
      <line num="604" count="1" type="stmt"/>
      <line num="609" count="3" type="stmt"/>
      <line num="610" count="3" type="stmt"/>
      <line num="614" count="0" type="stmt"/>
      <line num="615" count="0" type="stmt"/>
      <line num="623" count="1" type="stmt"/>
      <line num="625" count="230" type="stmt"/>
      <line num="626" count="230" type="stmt"/>
      <line num="627" count="230" type="stmt"/>
      <line num="628" count="230" type="stmt"/>
      <line num="631" count="230" type="stmt"/>
      <line num="632" count="230" type="stmt"/>
      <line num="636" count="230" type="stmt"/>
      <line num="639" count="26" type="stmt"/>
      <line num="640" count="26" type="stmt"/>
      <line num="643" count="26" type="stmt"/>
      <line num="644" count="26" type="stmt"/>
      <line num="648" count="26" type="stmt"/>
      <line num="651" count="1" type="stmt"/>
      <line num="654" count="26" type="stmt"/>
      <line num="657" count="1" type="stmt"/>
      <line num="660" count="26" type="stmt"/>
      <line num="663" count="1" type="stmt"/>
      <line num="666" count="26" type="stmt"/>
      <line num="669" count="1" type="stmt"/>
      <line num="672" count="26" type="stmt"/>
      <line num="675" count="1" type="stmt"/>
      <line num="679" count="26" type="stmt"/>
      <line num="680" count="1" type="stmt"/>
      <line num="688" count="26" type="stmt"/>
      <line num="690" count="3" type="cond" truecount="1" falsecount="0"/>
      <line num="691" count="2" type="cond" truecount="1" falsecount="0"/>
      <line num="692" count="1" type="stmt"/>
      <line num="693" count="1" type="stmt"/>
      <line num="694" count="1" type="stmt"/>
      <line num="695" count="1" type="cond" truecount="1" falsecount="0"/>
      <line num="696" count="1" type="stmt"/>
      <line num="703" count="26" type="stmt"/>
      <line num="705" count="3" type="cond" truecount="1" falsecount="0"/>
      <line num="706" count="2" type="cond" truecount="1" falsecount="0"/>
      <line num="707" count="1" type="cond" truecount="1" falsecount="0"/>
      <line num="708" count="1" type="stmt"/>
      <line num="709" count="1" type="stmt"/>
      <line num="711" count="1" type="cond" truecount="1" falsecount="0"/>
      <line num="712" count="1" type="stmt"/>
      <line num="713" count="1" type="stmt"/>
      <line num="714" count="1" type="stmt"/>
      <line num="716" count="1" type="stmt"/>
      <line num="717" count="1" type="cond" truecount="1" falsecount="0"/>
      <line num="718" count="1" type="stmt"/>
      <line num="725" count="26" type="stmt"/>
      <line num="727" count="4" type="cond" truecount="1" falsecount="0"/>
      <line num="728" count="3" type="cond" truecount="3" falsecount="0"/>
      <line num="729" count="1" type="stmt"/>
      <line num="735" count="26" type="stmt"/>
      <line num="739" count="1" type="stmt"/>
      <line num="740" count="1" type="stmt"/>
      <line num="741" count="1" type="stmt"/>
      <line num="742" count="1" type="stmt"/>
      <line num="746" count="27" type="stmt"/>
      <line num="750" count="27" type="stmt"/>
      <line num="757" count="28" type="stmt"/>
      <line num="758" count="28" type="stmt"/>
      <line num="760" count="1" type="stmt"/>
      <line num="761" count="1" type="stmt"/>
      <line num="770" count="10" type="stmt"/>
      <line num="771" count="10" type="cond" truecount="1" falsecount="0"/>
      <line num="772" count="4" type="stmt"/>
      <line num="788" count="48" type="cond" truecount="2" falsecount="0"/>
      <line num="789" count="4" type="stmt"/>
      <line num="791" count="44" type="stmt"/>
      <line num="800" count="44" type="cond" truecount="3" falsecount="0"/>
      <line num="801" count="23" type="stmt"/>
      <line num="803" count="21" type="stmt"/>
      <line num="815" count="4" type="cond" truecount="1" falsecount="1"/>
      <line num="819" count="4" type="cond" truecount="5" falsecount="0"/>
      <line num="820" count="2" type="stmt"/>
      <line num="823" count="2" type="stmt"/>
      <line num="827" count="6" type="stmt"/>
      <line num="829" count="4" type="stmt"/>
      <line num="836" count="4" type="cond" truecount="4" falsecount="2"/>
      <line num="837" count="3" type="cond" truecount="4" falsecount="2"/>
      <line num="840" count="3" type="stmt"/>
      <line num="841" count="3" type="cond" truecount="3" falsecount="0"/>
      <line num="844" count="2" type="stmt"/>
      <line num="848" count="3" type="stmt"/>
      <line num="849" count="3" type="stmt"/>
      <line num="851" count="3" type="stmt"/>
      <line num="852" count="3" type="cond" truecount="4" falsecount="0"/>
      <line num="854" count="1" type="stmt"/>
      <line num="857" count="2" type="stmt"/>
      <line num="858" count="2" type="stmt"/>
      <line num="861" count="2" type="cond" truecount="1" falsecount="0"/>
      <line num="862" count="1" type="stmt"/>
      <line num="864" count="2" type="stmt"/>
      <line num="867" count="3" type="stmt"/>
      <line num="874" count="6" type="stmt"/>
      <line num="877" count="6" type="stmt"/>
      <line num="879" count="6" type="stmt"/>
      <line num="880" count="5" type="stmt"/>
      <line num="881" count="5" type="cond" truecount="4" falsecount="2"/>
      <line num="882" count="5" type="stmt"/>
      <line num="886" count="6" type="stmt"/>
      <line num="887" count="6" type="stmt"/>
      <line num="888" count="2" type="stmt"/>
      <line num="890" count="2" type="stmt"/>
      <line num="891" count="2" type="cond" truecount="4" falsecount="2"/>
      <line num="892" count="2" type="stmt"/>
      <line num="895" count="6" type="stmt"/>
      <line num="904" count="56" type="stmt"/>
      <line num="905" count="56" type="cond" truecount="1" falsecount="0"/>
      <line num="906" count="3" type="stmt"/>
      <line num="910" count="53" type="stmt"/>
      <line num="911" count="53" type="stmt"/>
      <line num="913" count="53" type="cond" truecount="2" falsecount="0"/>
      <line num="920" count="219" type="stmt"/>
      <line num="931" count="256" type="cond" truecount="1" falsecount="0"/>
      <line num="932" count="1" type="stmt"/>
      <line num="934" count="256" type="stmt"/>
      <line num="935" count="256" type="cond" truecount="2" falsecount="0"/>
      <line num="942" count="69" type="stmt"/>
      <line num="943" count="69" type="stmt"/>
      <line num="945" count="69" type="stmt"/>
      <line num="947" count="118" type="stmt"/>
      <line num="948" count="118" type="cond" truecount="1" falsecount="0"/>
      <line num="949" count="99" type="stmt"/>
      <line num="950" count="99" type="stmt"/>
      <line num="951" count="99" type="stmt"/>
      <line num="955" count="19" type="stmt"/>
      <line num="956" count="19" type="cond" truecount="1" falsecount="0"/>
      <line num="957" count="17" type="stmt"/>
      <line num="958" count="17" type="stmt"/>
      <line num="959" count="17" type="stmt"/>
      <line num="963" count="2" type="stmt"/>
      <line num="966" count="67" type="cond" truecount="1" falsecount="0"/>
      <line num="967" count="2" type="stmt"/>
      <line num="970" count="65" type="stmt"/>
      <line num="980" count="37" type="cond" truecount="1" falsecount="0"/>
      <line num="981" count="2" type="stmt"/>
      <line num="984" count="35" type="stmt"/>
      <line num="985" count="35" type="cond" truecount="1" falsecount="0"/>
      <line num="987" count="34" type="cond" truecount="1" falsecount="0"/>
      <line num="989" count="17" type="cond" truecount="3" falsecount="0"/>
      <line num="990" count="16" type="stmt"/>
      <line num="992" count="1" type="stmt"/>
      <line num="996" count="17" type="stmt"/>
      <line num="997" count="17" type="stmt"/>
      <line num="1004" count="17" type="stmt"/>
      <line num="1005" count="17" type="stmt"/>
      <line num="1006" count="21" type="stmt"/>
      <line num="1007" count="21" type="cond" truecount="2" falsecount="0"/>
      <line num="1009" count="19" type="cond" truecount="3" falsecount="0"/>
      <line num="1010" count="2" type="stmt"/>
      <line num="1012" count="19" type="stmt"/>
      <line num="1014" count="2" type="stmt"/>
      <line num="1017" count="17" type="stmt"/>
      <line num="1024" count="25" type="cond" truecount="3" falsecount="0"/>
      <line num="1025" count="3" type="stmt"/>
      <line num="1029" count="22" type="cond" truecount="1" falsecount="0"/>
      <line num="1030" count="4" type="stmt"/>
      <line num="1037" count="18" type="cond" truecount="1" falsecount="0"/>
      <line num="1038" count="1" type="stmt"/>
      <line num="1042" count="17" type="cond" truecount="3" falsecount="0"/>
      <line num="1043" count="2" type="stmt"/>
      <line num="1047" count="15" type="stmt"/>
      <line num="1048" count="15" type="cond" truecount="0" falsecount="1"/>
      <line num="1049" count="0" type="stmt"/>
      <line num="1053" count="15" type="stmt"/>
      <line num="1054" count="10" type="stmt"/>
      <line num="1055" count="10" type="stmt"/>
      <line num="1058" count="10" type="cond" truecount="3" falsecount="0"/>
      <line num="1060" count="6" type="stmt"/>
      <line num="1064" count="4" type="cond" truecount="2" falsecount="1"/>
      <line num="1065" count="0" type="stmt"/>
      <line num="1072" count="15" type="stmt"/>
      <line num="1079" count="13" type="stmt"/>
      <line num="1081" count="13" type="cond" truecount="1" falsecount="0"/>
      <line num="1082" count="3" type="stmt"/>
      <line num="1091" count="10" type="stmt"/>
      <line num="1092" count="10" type="cond" truecount="1" falsecount="0"/>
      <line num="1093" count="4" type="stmt"/>
      <line num="1101" count="6" type="stmt"/>
      <line num="1113" count="100" type="stmt"/>
      <line num="1114" count="100" type="stmt"/>
      <line num="1115" count="120" type="stmt"/>
      <line num="1116" count="120" type="cond" truecount="1" falsecount="0"/>
      <line num="1117" count="67" type="stmt"/>
      <line num="1120" count="33" type="stmt"/>
      <line num="1127" count="18" type="stmt"/>
      <line num="1128" count="18" type="cond" truecount="1" falsecount="0"/>
      <line num="1129" count="17" type="stmt"/>
      <line num="1136" count="5" type="stmt"/>
      <line num="1137" count="5" type="cond" truecount="1" falsecount="0"/>
      <line num="1139" count="3" type="stmt"/>
      <line num="1140" count="3" type="stmt"/>
      <line num="1141" count="4" type="cond" truecount="1" falsecount="0"/>
      <line num="1143" count="3" type="stmt"/>
      <line num="1144" count="3" type="cond" truecount="1" falsecount="0"/>
      <line num="1145" count="1" type="stmt"/>
      <line num="1151" count="1" type="stmt"/>
      <line num="1171" count="8" type="stmt"/>
      <line num="1172" count="8" type="cond" truecount="1" falsecount="0"/>
      <line num="1173" count="1" type="stmt"/>
      <line num="1176" count="7" type="stmt"/>
      <line num="1177" count="7" type="stmt"/>
      <line num="1178" count="6" type="stmt"/>
      <line num="1181" count="6" type="stmt"/>
      <line num="1185" count="6" type="stmt"/>
      <line num="1186" count="6" type="stmt"/>
      <line num="1187" count="12" type="cond" truecount="1" falsecount="0"/>
      <line num="1188" count="5" type="stmt"/>
      <line num="1189" count="5" type="stmt"/>
      <line num="1193" count="6" type="cond" truecount="1" falsecount="0"/>
      <line num="1194" count="1" type="stmt"/>
      <line num="1198" count="5" type="stmt"/>
      <line num="1200" count="5" type="stmt"/>
      <line num="1201" count="5" type="stmt"/>
      <line num="1203" count="5" type="stmt"/>
      <line num="1205" count="14" type="cond" truecount="1" falsecount="0"/>
      <line num="1208" count="10" type="stmt"/>
      <line num="1209" count="10" type="stmt"/>
      <line num="1210" count="4" type="stmt"/>
      <line num="1211" count="4" type="cond" truecount="1" falsecount="0"/>
      <line num="1213" count="10" type="stmt"/>
      <line num="1214" count="10" type="stmt"/>
      <line num="1215" count="1" type="stmt"/>
      <line num="1216" count="1" type="cond" truecount="1" falsecount="0"/>
      <line num="1220" count="5" type="cond" truecount="1" falsecount="0"/>
      <line num="1222" count="2" type="stmt"/>
      <line num="1225" count="3" type="stmt"/>
      <line num="1226" count="3" type="stmt"/>
      <line num="1228" count="1" type="stmt"/>
      <line num="1239" count="22" type="cond" truecount="1" falsecount="0"/>
      <line num="1240" count="7" type="stmt"/>
      <line num="1241" count="7" type="stmt"/>
      <line num="1242" count="8" type="stmt"/>
      <line num="1243" count="8" type="stmt"/>
      <line num="1244" count="7" type="cond" truecount="2" falsecount="0"/>
      <line num="1245" count="7" type="stmt"/>
      <line num="1249" count="15" type="cond" truecount="1" falsecount="0"/>
      <line num="1250" count="7" type="stmt"/>
      <line num="1251" count="7" type="cond" truecount="1" falsecount="1"/>
      <line num="1254" count="8" type="stmt"/>
      <line num="1255" count="8" type="cond" truecount="1" falsecount="0"/>
      <line num="1257" count="7" type="stmt"/>
      <line num="1260" count="7" type="cond" truecount="1" falsecount="0"/>
      <line num="1262" count="4" type="stmt"/>
      <line num="1263" count="4" type="stmt"/>
      <line num="1265" count="28" type="stmt"/>
      <line num="1266" count="28" type="stmt"/>
      <line num="1267" count="28" type="cond" truecount="1" falsecount="1"/>
      <line num="1269" count="28" type="stmt"/>
      <line num="1271" count="4" type="stmt"/>
      <line num="1275" count="3" type="stmt"/>
      <line num="1276" count="3" type="stmt"/>
      <line num="1278" count="2" type="stmt"/>
      <line num="1279" count="2" type="stmt"/>
      <line num="1280" count="2" type="cond" truecount="1" falsecount="1"/>
      <line num="1282" count="2" type="stmt"/>
      <line num="1284" count="3" type="cond" truecount="2" falsecount="0"/>
      <line num="1285" count="3" type="stmt"/>
      <line num="1292" count="11" type="cond" truecount="1" falsecount="0"/>
      <line num="1293" count="2" type="stmt"/>
      <line num="1296" count="9" type="stmt"/>
      <line num="1297" count="9" type="stmt"/>
      <line num="1299" count="6" type="stmt"/>
      <line num="1300" count="6" type="cond" truecount="1" falsecount="1"/>
      <line num="1302" count="6" type="stmt"/>
      <line num="1304" count="9" type="cond" truecount="2" falsecount="0"/>
      <line num="1305" count="9" type="stmt"/>
      <line num="1313" count="27" type="stmt"/>
      <line num="1314" count="27" type="stmt"/>
      <line num="1317" count="27" type="cond" truecount="1" falsecount="0"/>
      <line num="1318" count="8" type="stmt"/>
      <line num="1319" count="20" type="stmt"/>
      <line num="1320" count="20" type="cond" truecount="3" falsecount="0"/>
      <line num="1321" count="11" type="stmt"/>
      <line num="1324" count="8" type="stmt"/>
      <line num="1327" count="19" type="stmt"/>
      <line num="1328" count="62" type="stmt"/>
      <line num="1329" count="62" type="cond" truecount="4" falsecount="0"/>
      <line num="1330" count="41" type="stmt"/>
      <line num="1334" count="19" type="stmt"/>
      <line num="1341" count="4" type="cond" truecount="1" falsecount="0"/>
      <line num="1343" count="2" type="stmt"/>
      <line num="1344" count="26" type="cond" truecount="0" falsecount="1"/>
      <line num="1345" count="26" type="stmt"/>
      <line num="1348" count="2" type="stmt"/>
      <line num="1349" count="2" type="stmt"/>
      <line num="1356" count="2" type="stmt"/>
      <line num="1357" count="2" type="stmt"/>
      <line num="1359" count="2" type="stmt"/>
      <line num="1360" count="2" type="cond" truecount="2" falsecount="0"/>
      <line num="1361" count="1" type="stmt"/>
      <line num="1362" count="1" type="stmt"/>
      <line num="1364" count="1" type="stmt"/>
      <line num="1365" count="1" type="stmt"/>
      <line num="1369" count="1" type="stmt"/>
      <line num="1380" count="9" type="stmt"/>
      <line num="1381" count="9" type="stmt"/>
      <line num="1382" count="9" type="stmt"/>
      <line num="1385" count="9" type="stmt"/>
      <line num="1386" count="7" type="cond" truecount="1" falsecount="1"/>
      <line num="1388" count="7" type="stmt"/>
      <line num="1401" count="3" type="stmt"/>
      <line num="1402" count="3" type="cond" truecount="1" falsecount="0"/>
      <line num="1404" count="2" type="stmt"/>
      <line num="1405" count="2" type="cond" truecount="3" falsecount="0"/>
      <line num="1406" count="1" type="stmt"/>
      <line num="1408" count="1" type="stmt"/>
      <line num="1415" count="5" type="cond" truecount="1" falsecount="0"/>
      <line num="1417" count="4" type="stmt"/>
      <line num="1418" count="4" type="stmt"/>
      <line num="1419" count="3" type="stmt"/>
      <line num="1420" count="3" type="stmt"/>
      <line num="1422" count="1" type="stmt"/>
      <line num="1423" count="1" type="cond" truecount="0" falsecount="1"/>
      <line num="1424" count="0" type="stmt"/>
      <line num="1435" count="22" type="stmt"/>
      <line num="1437" count="22" type="cond" truecount="2" falsecount="0"/>
      <line num="1438" count="1" type="stmt"/>
      <line num="1439" count="21" type="cond" truecount="2" falsecount="0"/>
      <line num="1440" count="1" type="stmt"/>
      <line num="1443" count="20" type="stmt"/>
      <line num="1451" count="24" type="stmt"/>
      <line num="1453" count="24" type="cond" truecount="1" falsecount="0"/>
      <line num="1454" count="20" type="stmt"/>
      <line num="1457" count="4" type="stmt"/>
      <line num="1459" count="4" type="cond" truecount="3" falsecount="0"/>
      <line num="1460" count="1" type="cond" truecount="0" falsecount="1"/>
      <line num="1461" count="0" type="stmt"/>
      <line num="1463" count="1" type="stmt"/>
      <line num="1466" count="3" type="stmt"/>
      <line num="1467" count="3" type="stmt"/>
      <line num="1468" count="2" type="stmt"/>
      <line num="1469" count="1" type="stmt"/>
      <line num="1471" count="1" type="cond" truecount="1" falsecount="0"/>
      <line num="1472" count="1" type="stmt"/>
      <line num="1474" count="1" type="stmt"/>
      <line num="1476" count="2" type="stmt"/>
      <line num="1477" count="2" type="cond" truecount="0" falsecount="1"/>
      <line num="1478" count="0" type="stmt"/>
      <line num="1480" count="2" type="stmt"/>
      <line num="1488" count="5" type="stmt"/>
      <line num="1490" count="5" type="cond" truecount="1" falsecount="0"/>
      <line num="1491" count="1" type="cond" truecount="0" falsecount="1"/>
      <line num="1492" count="0" type="stmt"/>
      <line num="1494" count="1" type="stmt"/>
      <line num="1497" count="4" type="stmt"/>
      <line num="1499" count="4" type="cond" truecount="3" falsecount="0"/>
      <line num="1500" count="1" type="cond" truecount="0" falsecount="1"/>
      <line num="1501" count="0" type="stmt"/>
      <line num="1503" count="1" type="stmt"/>
      <line num="1506" count="3" type="stmt"/>
      <line num="1507" count="3" type="stmt"/>
      <line num="1508" count="2" type="stmt"/>
      <line num="1509" count="1" type="stmt"/>
      <line num="1511" count="1" type="cond" truecount="1" falsecount="0"/>
      <line num="1512" count="1" type="stmt"/>
      <line num="1514" count="1" type="stmt"/>
      <line num="1516" count="2" type="stmt"/>
      <line num="1517" count="2" type="cond" truecount="0" falsecount="1"/>
      <line num="1518" count="0" type="stmt"/>
      <line num="1520" count="2" type="stmt"/>
      <line num="1528" count="9" type="stmt"/>
      <line num="1530" count="9" type="cond" truecount="1" falsecount="0"/>
      <line num="1531" count="1" type="cond" truecount="0" falsecount="1"/>
      <line num="1532" count="0" type="stmt"/>
      <line num="1534" count="1" type="stmt"/>
      <line num="1538" count="8" type="cond" truecount="8" falsecount="0"/>
      <line num="1540" count="8" type="cond" truecount="1" falsecount="0"/>
      <line num="1541" count="2" type="cond" truecount="0" falsecount="1"/>
      <line num="1542" count="0" type="stmt"/>
      <line num="1544" count="2" type="stmt"/>
      <line num="1547" count="6" type="stmt"/>
      <line num="1549" count="6" type="cond" truecount="2" falsecount="1"/>
      <line num="1550" count="0" type="cond" truecount="0" falsecount="1"/>
      <line num="1551" count="0" type="stmt"/>
      <line num="1553" count="0" type="stmt"/>
      <line num="1556" count="6" type="stmt"/>
      <line num="1558" count="6" type="stmt"/>
      <line num="1560" count="6" type="cond" truecount="4" falsecount="0"/>
      <line num="1561" count="3" type="stmt"/>
      <line num="1563" count="2" type="cond" truecount="1" falsecount="0"/>
      <line num="1564" count="1" type="stmt"/>
      <line num="1566" count="2" type="stmt"/>
      <line num="1567" count="3" type="cond" truecount="4" falsecount="0"/>
      <line num="1569" count="1" type="stmt"/>
      <line num="1571" count="1" type="cond" truecount="1" falsecount="0"/>
      <line num="1572" count="1" type="stmt"/>
      <line num="1574" count="1" type="stmt"/>
      <line num="1577" count="2" type="stmt"/>
      <line num="1578" count="2" type="stmt"/>
      <line num="1580" count="2" type="cond" truecount="4" falsecount="0"/>
      <line num="1581" count="1" type="stmt"/>
      <line num="1583" count="1" type="cond" truecount="1" falsecount="0"/>
      <line num="1584" count="1" type="stmt"/>
      <line num="1586" count="1" type="stmt"/>
      <line num="1588" count="1" type="stmt"/>
      <line num="1592" count="2" type="stmt"/>
      <line num="1593" count="2" type="cond" truecount="1" falsecount="0"/>
      <line num="1594" count="1" type="stmt"/>
      <line num="1596" count="2" type="stmt"/>
      <line num="1608" count="18" type="stmt"/>
      <line num="1616" count="1" type="stmt"/>
      <line num="1617" count="1" type="stmt"/>
      <line num="1619" count="0" type="stmt"/>
      <line num="1620" count="0" type="stmt"/>
      <line num="1629" count="12" type="stmt"/>
      <line num="1630" count="12" type="cond" truecount="3" falsecount="0"/>
      <line num="1631" count="3" type="stmt"/>
      <line num="1632" count="3" type="stmt"/>
      <line num="1635" count="9" type="stmt"/>
      <line num="1636" count="9" type="stmt"/>
      <line num="1638" count="9" type="cond" truecount="1" falsecount="0"/>
      <line num="1639" count="1" type="stmt"/>
      <line num="1640" count="1" type="stmt"/>
      <line num="1643" count="8" type="stmt"/>
      <line num="1644" count="8" type="cond" truecount="1" falsecount="0"/>
      <line num="1645" count="2" type="stmt"/>
      <line num="1646" count="2" type="stmt"/>
      <line num="1651" count="6" type="cond" truecount="1" falsecount="0"/>
      <line num="1652" count="4" type="stmt"/>
      <line num="1653" count="4" type="cond" truecount="1" falsecount="0"/>
      <line num="1654" count="2" type="stmt"/>
      <line num="1655" count="2" type="stmt"/>
      <line num="1657" count="2" type="stmt"/>
      <line num="1660" count="4" type="stmt"/>
      <line num="1661" count="4" type="stmt"/>
      <line num="1668" count="7" type="stmt"/>
      <line num="1669" count="7" type="cond" truecount="3" falsecount="0"/>
      <line num="1670" count="2" type="stmt"/>
      <line num="1671" count="2" type="stmt"/>
      <line num="1674" count="5" type="stmt"/>
      <line num="1675" count="5" type="cond" truecount="1" falsecount="0"/>
      <line num="1676" count="1" type="stmt"/>
      <line num="1677" count="1" type="stmt"/>
      <line num="1680" count="4" type="stmt"/>
      <line num="1681" count="4" type="stmt"/>
      <line num="1683" count="4" type="cond" truecount="2" falsecount="0"/>
      <line num="1684" count="1" type="stmt"/>
      <line num="1686" count="3" type="stmt"/>
      <line num="1699" count="9" type="stmt"/>
      <line num="1700" count="9" type="cond" truecount="3" falsecount="0"/>
      <line num="1701" count="2" type="stmt"/>
      <line num="1702" count="2" type="stmt"/>
      <line num="1705" count="7" type="stmt"/>
      <line num="1706" count="7" type="stmt"/>
      <line num="1707" count="7" type="cond" truecount="1" falsecount="0"/>
      <line num="1708" count="1" type="stmt"/>
      <line num="1709" count="1" type="stmt"/>
      <line num="1713" count="6" type="stmt"/>
      <line num="1714" count="6" type="stmt"/>
      <line num="1719" count="6" type="cond" truecount="1" falsecount="0"/>
      <line num="1720" count="2" type="stmt"/>
      <line num="1721" count="2" type="cond" truecount="1" falsecount="0"/>
      <line num="1722" count="1" type="stmt"/>
      <line num="1723" count="1" type="stmt"/>
      <line num="1725" count="1" type="stmt"/>
      <line num="1729" count="5" type="cond" truecount="4" falsecount="0"/>
      <line num="1734" count="5" type="cond" truecount="2" falsecount="0"/>
      <line num="1735" count="1" type="stmt"/>
      <line num="1736" count="4" type="cond" truecount="2" falsecount="0"/>
      <line num="1737" count="2" type="stmt"/>
      <line num="1739" count="2" type="stmt"/>
      <line num="1740" count="2" type="cond" truecount="1" falsecount="1"/>
      <line num="1741" count="2" type="cond" truecount="2" falsecount="0"/>
      <line num="1744" count="5" type="stmt"/>
      <line num="1750" count="0" type="stmt"/>
      <line num="1753" count="0" type="cond" truecount="0" falsecount="2"/>
      <line num="1754" count="0" type="stmt"/>
      <line num="1756" count="0" type="cond" truecount="0" falsecount="1"/>
      <line num="1757" count="0" type="stmt"/>
      <line num="1758" count="0" type="stmt"/>
      <line num="1763" count="0" type="cond" truecount="0" falsecount="2"/>
      <line num="1765" count="0" type="cond" truecount="0" falsecount="4"/>
      <line num="1766" count="0" type="stmt"/>
      <line num="1770" count="0" type="stmt"/>
      <line num="1771" count="0" type="stmt"/>
      <line num="1774" count="0" type="stmt"/>
      <line num="1778" count="0" type="stmt"/>
      <line num="1798" count="8" type="cond" truecount="2" falsecount="0"/>
      <line num="1799" count="8" type="stmt"/>
      <line num="1800" count="8" type="cond" truecount="1" falsecount="1"/>
      <line num="1804" count="8" type="stmt"/>
      <line num="1806" count="8" type="stmt"/>
      <line num="1807" count="8" type="cond" truecount="1" falsecount="0"/>
      <line num="1808" count="8" type="stmt"/>
      <line num="1812" count="8" type="stmt"/>
      <line num="1815" count="6" type="stmt"/>
      <line num="1816" count="6" type="stmt"/>
      <line num="1819" count="6" type="stmt"/>
      <line num="1822" count="6" type="stmt"/>
      <line num="1823" count="6" type="stmt"/>
      <line num="1826" count="6" type="stmt"/>
      <line num="1827" count="6" type="stmt"/>
      <line num="1830" count="6" type="stmt"/>
      <line num="1832" count="6" type="cond" truecount="1" falsecount="0"/>
      <line num="1833" count="2" type="stmt"/>
      <line num="1836" count="2" type="stmt"/>
      <line num="1837" count="2" type="cond" truecount="1" falsecount="0"/>
      <line num="1838" count="1" type="stmt"/>
      <line num="1842" count="8" type="stmt"/>
      <line num="1843" count="1" type="stmt"/>
      <line num="1844" count="1" type="cond" truecount="1" falsecount="0"/>
      <line num="1845" count="1" type="stmt"/>
      <line num="1856" count="10" type="stmt"/>
      <line num="1857" count="10" type="cond" truecount="2" falsecount="0"/>
      <line num="1861" count="10" type="stmt"/>
      <line num="1863" count="10" type="stmt"/>
      <line num="1865" count="10" type="stmt"/>
      <line num="1868" count="8" type="stmt"/>
      <line num="1869" count="8" type="stmt"/>
      <line num="1872" count="8" type="stmt"/>
      <line num="1875" count="8" type="stmt"/>
      <line num="1876" count="8" type="stmt"/>
      <line num="1879" count="8" type="stmt"/>
      <line num="1881" count="8" type="cond" truecount="1" falsecount="0"/>
      <line num="1882" count="3" type="stmt"/>
      <line num="1885" count="2" type="stmt"/>
      <line num="1886" count="2" type="cond" truecount="1" falsecount="0"/>
      <line num="1887" count="1" type="stmt"/>
      <line num="1891" count="10" type="stmt"/>
      <line num="1892" count="3" type="stmt"/>
      <line num="1903" count="23" type="stmt"/>
      <line num="1904" count="9" type="stmt"/>
      <line num="1905" count="9" type="cond" truecount="3" falsecount="0"/>
      <line num="1907" count="2" type="stmt"/>
      <line num="1914" count="2" type="stmt"/>
      <line num="1915" count="2" type="cond" truecount="4" falsecount="0"/>
      <line num="1916" count="1" type="stmt"/>
      <line num="1919" count="1" type="stmt"/>
      <line num="1920" count="1" type="cond" truecount="1" falsecount="0"/>
      <line num="1921" count="1" type="stmt"/>
      <line num="1922" count="1" type="stmt"/>
      <line num="1923" count="1" type="stmt"/>
      <line num="1924" count="1" type="stmt"/>
      <line num="1925" count="1" type="stmt"/>
      <line num="1929" count="1" type="stmt"/>
      <line num="1930" count="1" type="stmt"/>
      <line num="1939" count="4" type="stmt"/>
      <line num="1940" count="0" type="stmt"/>
      <line num="1948" count="7" type="stmt"/>
      <line num="1949" count="7" type="cond" truecount="1" falsecount="0"/>
      <line num="1951" count="6" type="stmt"/>
      <line num="1952" count="6" type="stmt"/>
      <line num="1953" count="6" type="cond" truecount="2" falsecount="2"/>
      <line num="1954" count="6" type="cond" truecount="1" falsecount="1"/>
      <line num="1956" count="6" type="stmt"/>
      <line num="1958" count="6" type="stmt"/>
      <line num="1960" count="6" type="stmt"/>
      <line num="1963" count="4" type="stmt"/>
      <line num="1964" count="4" type="stmt"/>
      <line num="1966" count="4" type="cond" truecount="1" falsecount="0"/>
      <line num="1967" count="1" type="stmt"/>
      <line num="1970" count="4" type="stmt"/>
      <line num="1973" count="4" type="stmt"/>
      <line num="1975" count="4" type="cond" truecount="1" falsecount="0"/>
      <line num="1976" count="2" type="stmt"/>
      <line num="1979" count="2" type="stmt"/>
      <line num="1980" count="2" type="cond" truecount="1" falsecount="0"/>
      <line num="1981" count="1" type="stmt"/>
      <line num="1984" count="6" type="stmt"/>
      <line num="1985" count="1" type="stmt"/>
      <line num="1994" count="1" type="stmt"/>
      <line num="1995" count="1" type="stmt"/>
      <line num="1999" count="0" type="stmt"/>
      <line num="2003" count="1" type="stmt"/>
      <line num="2004" count="0" type="stmt"/>
      <line num="2005" count="0" type="cond" truecount="0" falsecount="1"/>
      <line num="2006" count="0" type="stmt"/>
      <line num="2007" count="0" type="cond" truecount="0" falsecount="1"/>
      <line num="2008" count="0" type="stmt"/>
      <line num="2009" count="0" type="stmt"/>
      <line num="2012" count="0" type="stmt"/>
      <line num="2022" count="8" type="stmt"/>
      <line num="2023" count="8" type="cond" truecount="1" falsecount="0"/>
      <line num="2025" count="6" type="stmt"/>
      <line num="2027" count="6" type="cond" truecount="1" falsecount="0"/>
      <line num="2028" count="2" type="stmt"/>
      <line num="2029" count="2" type="stmt"/>
      <line num="2032" count="4" type="cond" truecount="4" falsecount="0"/>
      <line num="2033" count="2" type="stmt"/>
      <line num="2037" count="0" type="stmt"/>
      <line num="2038" count="0" type="stmt"/>
      <line num="2041" count="0" type="stmt"/>
      <line num="2045" count="2" type="stmt"/>
      <line num="2053" count="4" type="stmt"/>
      <line num="2054" count="4" type="cond" truecount="6" falsecount="0"/>
      <line num="2055" count="4" type="stmt"/>
      <line num="2067" count="18" type="stmt"/>
      <line num="2069" count="18" type="stmt"/>
      <line num="2070" count="18" type="stmt"/>
      <line num="2071" count="18" type="stmt"/>
      <line num="2073" count="18" type="cond" truecount="1" falsecount="0"/>
      <line num="2074" count="4" type="stmt"/>
      <line num="2077" count="18" type="stmt"/>
      <line num="2078" count="2" type="stmt"/>
      <line num="2091" count="21" type="stmt"/>
      <line num="2093" count="21" type="stmt"/>
      <line num="2095" count="21" type="cond" truecount="2" falsecount="0"/>
      <line num="2096" count="21" type="stmt"/>
      <line num="2099" count="21" type="cond" truecount="2" falsecount="0"/>
      <line num="2100" count="21" type="stmt"/>
      <line num="2102" count="21" type="cond" truecount="1" falsecount="0"/>
      <line num="2103" count="4" type="stmt"/>
      <line num="2106" count="21" type="stmt"/>
      <line num="2107" count="2" type="stmt"/>
      <line num="2117" count="23" type="stmt"/>
      <line num="2119" count="23" type="cond" truecount="1" falsecount="0"/>
      <line num="2120" count="5" type="stmt"/>
      <line num="2123" count="18" type="cond" truecount="1" falsecount="0"/>
      <line num="2124" count="2" type="stmt"/>
      <line num="2127" count="16" type="cond" truecount="1" falsecount="0"/>
      <line num="2128" count="2" type="stmt"/>
      <line num="2130" count="14" type="stmt"/>
      <line num="2148" count="52" type="stmt"/>
      <line num="2151" count="52" type="cond" truecount="1" falsecount="0"/>
      <line num="2152" count="1" type="stmt"/>
      <line num="2155" count="51" type="stmt"/>
      <line num="2156" count="51" type="stmt"/>
      <line num="2158" count="51" type="cond" truecount="2" falsecount="0"/>
      <line num="2160" count="49" type="stmt"/>
      <line num="2161" count="49" type="stmt"/>
      <line num="2163" count="49" type="stmt"/>
      <line num="2164" count="59" type="cond" truecount="1" falsecount="0"/>
      <line num="2165" count="10" type="stmt"/>
      <line num="2166" count="10" type="stmt"/>
      <line num="2170" count="49" type="cond" truecount="2" falsecount="0"/>
      <line num="2173" count="10" type="stmt"/>
      <line num="2174" count="10" type="stmt"/>
      <line num="2175" count="10" type="stmt"/>
      <line num="2177" count="10" type="stmt"/>
      <line num="2178" count="19" type="stmt"/>
      <line num="2181" count="19" type="cond" truecount="1" falsecount="0"/>
      <line num="2182" count="7" type="stmt"/>
      <line num="2183" count="7" type="stmt"/>
      <line num="2187" count="12" type="cond" truecount="3" falsecount="0"/>
      <line num="2188" count="2" type="stmt"/>
      <line num="2192" count="12" type="cond" truecount="1" falsecount="0"/>
      <line num="2193" count="1" type="stmt"/>
      <line num="2198" count="10" type="cond" truecount="2" falsecount="0"/>
      <line num="2200" count="1" type="stmt"/>
      <line num="2204" count="9" type="stmt"/>
      <line num="2207" count="9" type="cond" truecount="2" falsecount="0"/>
      <line num="2208" count="8" type="stmt"/>
      <line num="2212" count="9" type="cond" truecount="4" falsecount="0"/>
      <line num="2214" count="1" type="stmt"/>
      <line num="2217" count="8" type="cond" truecount="4" falsecount="0"/>
      <line num="2219" count="7" type="stmt"/>
      <line num="2222" count="1" type="stmt"/>
      <line num="2229" count="39" type="cond" truecount="3" falsecount="0"/>
      <line num="2230" count="3" type="stmt"/>
      <line num="2232" count="39" type="stmt"/>
      <line num="2236" count="2" type="stmt"/>
      <line num="2237" count="2" type="cond" truecount="1" falsecount="0"/>
      <line num="2238" count="1" type="stmt"/>
      <line num="2239" count="1" type="cond" truecount="0" falsecount="1"/>
      <line num="2241" count="2" type="stmt"/>
      <line num="2244" count="51" type="stmt"/>
      <line num="2257" count="5" type="cond" truecount="1" falsecount="0"/>
      <line num="2258" count="1" type="stmt"/>
      <line num="2262" count="4" type="cond" truecount="1" falsecount="0"/>
      <line num="2263" count="1" type="stmt"/>
      <line num="2266" count="3" type="stmt"/>
      <line num="2267" count="3" type="stmt"/>
      <line num="2268" count="3" type="cond" truecount="1" falsecount="1"/>
      <line num="2271" count="3" type="stmt"/>
      <line num="2272" count="3" type="stmt"/>
      <line num="2273" count="3" type="cond" truecount="1" falsecount="0"/>
      <line num="2274" count="3" type="stmt"/>
      <line num="2279" count="3" type="stmt"/>
      <line num="2282" count="3" type="stmt"/>
      <line num="2283" count="3" type="stmt"/>
      <line num="2284" count="6" type="stmt"/>
      <line num="2287" count="3" type="cond" truecount="3" falsecount="0"/>
      <line num="2290" count="3" type="cond" truecount="1" falsecount="0"/>
      <line num="2291" count="1" type="stmt"/>
      <line num="2295" count="2" type="cond" truecount="1" falsecount="0"/>
      <line num="2296" count="1" type="stmt"/>
      <line num="2299" count="1" type="stmt"/>
      <line num="2308" count="3" type="stmt"/>
      <line num="2310" count="3" type="stmt"/>
      <line num="2311" count="3" type="stmt"/>
      <line num="2312" count="3" type="stmt"/>
      <line num="2314" count="3" type="cond" truecount="1" falsecount="0"/>
      <line num="2315" count="2" type="stmt"/>
      <line num="2318" count="3" type="stmt"/>
      <line num="2319" count="1" type="stmt"/>
      <line num="2334" count="10" type="cond" truecount="1" falsecount="0"/>
      <line num="2335" count="1" type="stmt"/>
      <line num="2338" count="9" type="stmt"/>
      <line num="2339" count="9" type="cond" truecount="1" falsecount="0"/>
      <line num="2342" count="7" type="stmt"/>
      <line num="2344" count="7" type="stmt"/>
      <line num="2346" count="7" type="stmt"/>
      <line num="2347" count="7" type="cond" truecount="1" falsecount="0"/>
      <line num="2348" count="6" type="stmt"/>
      <line num="2352" count="7" type="stmt"/>
      <line num="2353" count="7" type="cond" truecount="1" falsecount="0"/>
      <line num="2356" count="6" type="cond" truecount="1" falsecount="0"/>
      <line num="2357" count="2" type="stmt"/>
      <line num="2358" count="2" type="cond" truecount="1" falsecount="0"/>
      <line num="2359" count="1" type="stmt"/>
      <line num="2365" count="6" type="stmt"/>
      <line num="2367" count="6" type="stmt"/>
      <line num="2368" count="6" type="stmt"/>
      <line num="2369" count="6" type="stmt"/>
      <line num="2371" count="6" type="stmt"/>
      <line num="2372" count="1" type="stmt"/>
      <line num="2377" count="7" type="stmt"/>
      <line num="2378" count="1" type="stmt"/>
      <line num="2392" count="26" type="stmt"/>
      <line num="2393" count="26" type="stmt"/>
      <line num="2397" count="8" type="stmt"/>
      <line num="2398" count="8" type="stmt"/>
      <line num="2400" count="8" type="stmt"/>
      <line num="2405" count="8" type="stmt"/>
      <line num="2407" count="8" type="stmt"/>
      <line num="2410" count="8" type="stmt"/>
      <line num="2412" count="2" type="stmt"/>
      <line num="2413" count="2" type="stmt"/>
      <line num="2414" count="2" type="stmt"/>
      <line num="2417" count="8" type="stmt"/>
      <line num="2420" count="8" type="stmt"/>
      <line num="2422" count="2" type="stmt"/>
      <line num="2423" count="2" type="stmt"/>
      <line num="2424" count="2" type="stmt"/>
      <line num="2427" count="8" type="stmt"/>
      <line num="2430" count="8" type="stmt"/>
      <line num="2432" count="2" type="stmt"/>
      <line num="2433" count="2" type="stmt"/>
      <line num="2434" count="2" type="stmt"/>
      <line num="2440" count="8" type="stmt"/>
      <line num="2442" count="8" type="stmt"/>
      <line num="2445" count="8" type="stmt"/>
      <line num="2449" count="2" type="stmt"/>
      <line num="2450" count="2" type="stmt"/>
      <line num="2451" count="2" type="stmt"/>
      <line num="2453" count="2" type="stmt"/>
      <line num="2457" count="8" type="stmt"/>
      <line num="2461" count="8" type="stmt"/>
      <line num="2466" count="8" type="stmt"/>
      <line num="2468" count="8" type="stmt"/>
      <line num="2471" count="8" type="stmt"/>
      <line num="2474" count="2" type="stmt"/>
      <line num="2475" count="2" type="cond" truecount="2" falsecount="0"/>
      <line num="2476" count="2" type="stmt"/>
      <line num="2479" count="8" type="stmt"/>
      <line num="2482" count="8" type="stmt"/>
      <line num="2485" count="2" type="stmt"/>
      <line num="2486" count="2" type="cond" truecount="2" falsecount="0"/>
      <line num="2487" count="2" type="stmt"/>
      <line num="2493" count="8" type="stmt"/>
      <line num="2495" count="8" type="stmt"/>
      <line num="2498" count="8" type="stmt"/>
      <line num="2501" count="2" type="stmt"/>
      <line num="2502" count="2" type="cond" truecount="2" falsecount="0"/>
      <line num="2503" count="2" type="stmt"/>
      <line num="2506" count="8" type="stmt"/>
      <line num="2509" count="8" type="stmt"/>
      <line num="2512" count="2" type="stmt"/>
      <line num="2513" count="2" type="cond" truecount="2" falsecount="0"/>
      <line num="2514" count="2" type="stmt"/>
      <line num="2517" count="8" type="stmt"/>
      <line num="2520" count="8" type="stmt"/>
      <line num="2523" count="2" type="stmt"/>
      <line num="2524" count="2" type="cond" truecount="2" falsecount="0"/>
      <line num="2525" count="2" type="stmt"/>
      <line num="2531" count="8" type="stmt"/>
      <line num="2533" count="8" type="stmt"/>
      <line num="2536" count="8" type="stmt"/>
      <line num="2539" count="2" type="stmt"/>
      <line num="2540" count="2" type="stmt"/>
      <line num="2541" count="2" type="stmt"/>
      <line num="2544" count="8" type="stmt"/>
      <line num="2547" count="8" type="stmt"/>
      <line num="2550" count="2" type="stmt"/>
      <line num="2551" count="2" type="stmt"/>
      <line num="2552" count="2" type="stmt"/>
      <line num="2558" count="8" type="stmt"/>
      <line num="2560" count="8" type="stmt"/>
      <line num="2565" count="8" type="stmt"/>
      <line num="2568" count="8" type="stmt"/>
      <line num="2573" count="2" type="stmt"/>
      <line num="2574" count="2" type="stmt"/>
      <line num="2575" count="2" type="stmt"/>
      <line num="2577" count="2" type="stmt"/>
      <line num="2581" count="8" type="cond" truecount="1" falsecount="0"/>
      <line num="2582" count="1" type="stmt"/>
      <line num="2585" count="1" type="stmt"/>
      <line num="2588" count="0" type="stmt"/>
      <line num="2589" count="0" type="stmt"/>
      <line num="2590" count="0" type="stmt"/>
      <line num="2595" count="8" type="cond" truecount="1" falsecount="0"/>
      <line num="2596" count="1" type="stmt"/>
      <line num="2599" count="1" type="stmt"/>
      <line num="2602" count="0" type="stmt"/>
      <line num="2603" count="0" type="stmt"/>
      <line num="2604" count="0" type="stmt"/>
      <line num="2607" count="1" type="stmt"/>
      <line num="2617" count="8" type="stmt"/>
      <line num="2619" count="8" type="stmt"/>
      <line num="2622" count="8" type="stmt"/>
      <line num="2625" count="2" type="stmt"/>
      <line num="2626" count="2" type="cond" truecount="2" falsecount="0"/>
      <line num="2627" count="2" type="stmt"/>
      <line num="2635" count="10" type="stmt"/>
      <line num="2638" count="10" type="cond" truecount="2" falsecount="0"/>
      <line num="2639" count="2" type="stmt"/>
      <line num="2641" count="8" type="stmt"/>
      <line num="2644" count="10" type="stmt"/>
      <line num="2645" count="10" type="stmt"/>
      <line num="2646" count="10" type="stmt"/>
      <line num="2647" count="10" type="stmt"/>
    </file>
  </project>
</coverage>
