{"/sessions/practical-hopeful-ritchie/mnt/bidirectional-folgezettel/main.ts": {"path":"/sessions/practical-hopeful-ritchie/mnt/bidirectional-folgezettel/main.ts","statementMap":{"0":{"start":{"line":19,"column":0},"end":{"line":19,"column":null}},"1":{"start":{"line":60,"column":31},"end":{"line":60,"column":59}},"2":{"start":{"line":65,"column":30},"end":{"line":65,"column":73}},"3":{"start":{"line":124,"column":46},"end":{"line":144,"column":2}},"4":{"start":{"line":166,"column":8},"end":{"line":166,"column":19}},"5":{"start":{"line":167,"column":8},"end":{"line":167,"column":31}},"6":{"start":{"line":168,"column":8},"end":{"line":168,"column":41}},"7":{"start":{"line":169,"column":8},"end":{"line":169,"column":35}},"8":{"start":{"line":170,"column":8},"end":{"line":170,"column":33}},"9":{"start":{"line":174,"column":30},"end":{"line":174,"column":34}},"10":{"start":{"line":175,"column":8},"end":{"line":175,"column":26}},"11":{"start":{"line":177,"column":8},"end":{"line":177,"column":72}},"12":{"start":{"line":179,"column":8},"end":{"line":181,"column":11}},"13":{"start":{"line":183,"column":8},"end":{"line":186,"column":11}},"14":{"start":{"line":188,"column":8},"end":{"line":190,"column":11}},"15":{"start":{"line":192,"column":32},"end":{"line":192,"column":92}},"16":{"start":{"line":193,"column":8},"end":{"line":193,"column":47}},"17":{"start":{"line":194,"column":8},"end":{"line":194,"column":58}},"18":{"start":{"line":195,"column":8},"end":{"line":195,"column":43}},"19":{"start":{"line":196,"column":8},"end":{"line":196,"column":49}},"20":{"start":{"line":198,"column":29},"end":{"line":198,"column":83}},"21":{"start":{"line":199,"column":8},"end":{"line":202,"column":11}},"22":{"start":{"line":200,"column":12},"end":{"line":200,"column":25}},"23":{"start":{"line":201,"column":12},"end":{"line":201,"column":28}},"24":{"start":{"line":204,"column":30},"end":{"line":207,"column":10}},"25":{"start":{"line":208,"column":8},"end":{"line":208,"column":74}},"26":{"start":{"line":209,"column":8},"end":{"line":209,"column":60}},"27":{"start":{"line":210,"column":8},"end":{"line":213,"column":11}},"28":{"start":{"line":211,"column":12},"end":{"line":211,"column":25}},"29":{"start":{"line":212,"column":12},"end":{"line":212,"column":29}},"30":{"start":{"line":217,"column":30},"end":{"line":217,"column":34}},"31":{"start":{"line":218,"column":8},"end":{"line":218,"column":26}},"32":{"start":{"line":231,"column":8},"end":{"line":231,"column":19}},"33":{"start":{"line":232,"column":8},"end":{"line":232,"column":31}},"34":{"start":{"line":233,"column":8},"end":{"line":233,"column":31}},"35":{"start":{"line":234,"column":8},"end":{"line":234,"column":41}},"36":{"start":{"line":238,"column":30},"end":{"line":238,"column":34}},"37":{"start":{"line":239,"column":8},"end":{"line":239,"column":26}},"38":{"start":{"line":241,"column":8},"end":{"line":241,"column":79}},"39":{"start":{"line":243,"column":8},"end":{"line":245,"column":11}},"40":{"start":{"line":247,"column":8},"end":{"line":247,"column":55}},"41":{"start":{"line":248,"column":8},"end":{"line":248,"column":64}},"42":{"start":{"line":250,"column":8},"end":{"line":250,"column":60}},"43":{"start":{"line":251,"column":8},"end":{"line":251,"column":69}},"44":{"start":{"line":253,"column":8},"end":{"line":256,"column":11}},"45":{"start":{"line":258,"column":32},"end":{"line":258,"column":92}},"46":{"start":{"line":259,"column":8},"end":{"line":259,"column":47}},"47":{"start":{"line":260,"column":8},"end":{"line":260,"column":58}},"48":{"start":{"line":261,"column":8},"end":{"line":261,"column":49}},"49":{"start":{"line":263,"column":28},"end":{"line":263,"column":78}},"50":{"start":{"line":264,"column":8},"end":{"line":266,"column":11}},"51":{"start":{"line":265,"column":12},"end":{"line":265,"column":25}},"52":{"start":{"line":270,"column":30},"end":{"line":270,"column":34}},"53":{"start":{"line":271,"column":8},"end":{"line":271,"column":26}},"54":{"start":{"line":293,"column":8},"end":{"line":293,"column":19}},"55":{"start":{"line":294,"column":8},"end":{"line":294,"column":29}},"56":{"start":{"line":295,"column":8},"end":{"line":295,"column":37}},"57":{"start":{"line":296,"column":8},"end":{"line":296,"column":47}},"58":{"start":{"line":297,"column":8},"end":{"line":297,"column":43}},"59":{"start":{"line":298,"column":8},"end":{"line":298,"column":33}},"60":{"start":{"line":302,"column":30},"end":{"line":302,"column":34}},"61":{"start":{"line":303,"column":8},"end":{"line":303,"column":26}},"62":{"start":{"line":305,"column":8},"end":{"line":305,"column":64}},"63":{"start":{"line":306,"column":8},"end":{"line":306,"column":75}},"64":{"start":{"line":309,"column":8},"end":{"line":312,"column":11}},"65":{"start":{"line":314,"column":31},"end":{"line":314,"column":56}},"66":{"start":{"line":315,"column":8},"end":{"line":315,"column":46}},"67":{"start":{"line":316,"column":8},"end":{"line":316,"column":42}},"68":{"start":{"line":318,"column":22},"end":{"line":322,"column":10}},"69":{"start":{"line":323,"column":8},"end":{"line":323,"column":31}},"70":{"start":{"line":324,"column":8},"end":{"line":324,"column":36}},"71":{"start":{"line":326,"column":29},"end":{"line":326,"column":82}},"72":{"start":{"line":327,"column":8},"end":{"line":327,"column":48}},"73":{"start":{"line":328,"column":8},"end":{"line":328,"column":73}},"74":{"start":{"line":329,"column":8},"end":{"line":329,"column":59}},"75":{"start":{"line":330,"column":8},"end":{"line":336,"column":11}},"76":{"start":{"line":331,"column":26},"end":{"line":331,"column":44}},"77":{"start":{"line":332,"column":12},"end":{"line":335,"column":13}},"78":{"start":{"line":333,"column":16},"end":{"line":333,"column":29}},"79":{"start":{"line":334,"column":16},"end":{"line":334,"column":37}},"80":{"start":{"line":339,"column":8},"end":{"line":349,"column":11}},"81":{"start":{"line":340,"column":12},"end":{"line":348,"column":13}},"82":{"start":{"line":341,"column":30},"end":{"line":341,"column":48}},"83":{"start":{"line":342,"column":16},"end":{"line":345,"column":17}},"84":{"start":{"line":343,"column":20},"end":{"line":343,"column":33}},"85":{"start":{"line":344,"column":20},"end":{"line":344,"column":41}},"86":{"start":{"line":346,"column":19},"end":{"line":348,"column":13}},"87":{"start":{"line":347,"column":16},"end":{"line":347,"column":29}},"88":{"start":{"line":352,"column":32},"end":{"line":352,"column":57}},"89":{"start":{"line":353,"column":8},"end":{"line":353,"column":49}},"90":{"start":{"line":354,"column":8},"end":{"line":354,"column":50}},"91":{"start":{"line":356,"column":29},"end":{"line":356,"column":83}},"92":{"start":{"line":357,"column":8},"end":{"line":359,"column":11}},"93":{"start":{"line":358,"column":12},"end":{"line":358,"column":25}},"94":{"start":{"line":362,"column":8},"end":{"line":362,"column":44}},"95":{"start":{"line":362,"column":25},"end":{"line":362,"column":38}},"96":{"start":{"line":366,"column":30},"end":{"line":366,"column":34}},"97":{"start":{"line":367,"column":8},"end":{"line":367,"column":26}},"98":{"start":{"line":375,"column":23},"end":{"line":375,"column":69}},"99":{"start":{"line":391,"column":8},"end":{"line":391,"column":19}},"100":{"start":{"line":392,"column":8},"end":{"line":392,"column":33}},"101":{"start":{"line":393,"column":8},"end":{"line":393,"column":33}},"102":{"start":{"line":397,"column":30},"end":{"line":397,"column":34}},"103":{"start":{"line":398,"column":8},"end":{"line":398,"column":26}},"104":{"start":{"line":400,"column":8},"end":{"line":400,"column":60}},"105":{"start":{"line":401,"column":8},"end":{"line":403,"column":11}},"106":{"start":{"line":405,"column":33},"end":{"line":405,"column":58}},"107":{"start":{"line":406,"column":8},"end":{"line":406,"column":48}},"108":{"start":{"line":407,"column":8},"end":{"line":407,"column":56}},"109":{"start":{"line":408,"column":8},"end":{"line":408,"column":44}},"110":{"start":{"line":409,"column":8},"end":{"line":409,"column":50}},"111":{"start":{"line":411,"column":8},"end":{"line":418,"column":9}},"112":{"start":{"line":412,"column":24},"end":{"line":412,"column":78}},"113":{"start":{"line":413,"column":12},"end":{"line":413,"column":39}},"114":{"start":{"line":414,"column":12},"end":{"line":417,"column":15}},"115":{"start":{"line":415,"column":16},"end":{"line":415,"column":29}},"116":{"start":{"line":416,"column":16},"end":{"line":416,"column":39}},"117":{"start":{"line":420,"column":32},"end":{"line":420,"column":57}},"118":{"start":{"line":421,"column":8},"end":{"line":421,"column":49}},"119":{"start":{"line":422,"column":8},"end":{"line":422,"column":50}},"120":{"start":{"line":424,"column":29},"end":{"line":424,"column":83}},"121":{"start":{"line":425,"column":8},"end":{"line":428,"column":11}},"122":{"start":{"line":426,"column":12},"end":{"line":426,"column":25}},"123":{"start":{"line":427,"column":12},"end":{"line":427,"column":28}},"124":{"start":{"line":432,"column":30},"end":{"line":432,"column":34}},"125":{"start":{"line":433,"column":8},"end":{"line":433,"column":26}},"126":{"start":{"line":452,"column":8},"end":{"line":452,"column":19}},"127":{"start":{"line":444,"column":12},"end":{"line":444,"column":52}},"128":{"start":{"line":453,"column":8},"end":{"line":453,"column":27}},"129":{"start":{"line":454,"column":8},"end":{"line":454,"column":39}},"130":{"start":{"line":455,"column":8},"end":{"line":455,"column":33}},"131":{"start":{"line":459,"column":30},"end":{"line":459,"column":34}},"132":{"start":{"line":460,"column":8},"end":{"line":460,"column":26}},"133":{"start":{"line":462,"column":8},"end":{"line":462,"column":55}},"134":{"start":{"line":464,"column":8},"end":{"line":467,"column":11}},"135":{"start":{"line":468,"column":8},"end":{"line":468,"column":42}},"136":{"start":{"line":469,"column":8},"end":{"line":469,"column":43}},"137":{"start":{"line":470,"column":8},"end":{"line":470,"column":49}},"138":{"start":{"line":472,"column":8},"end":{"line":478,"column":11}},"139":{"start":{"line":473,"column":12},"end":{"line":477,"column":13}},"140":{"start":{"line":474,"column":16},"end":{"line":474,"column":30}},"141":{"start":{"line":475,"column":19},"end":{"line":477,"column":13}},"142":{"start":{"line":476,"column":16},"end":{"line":476,"column":29}},"143":{"start":{"line":480,"column":32},"end":{"line":480,"column":57}},"144":{"start":{"line":481,"column":8},"end":{"line":481,"column":47}},"145":{"start":{"line":482,"column":8},"end":{"line":482,"column":58}},"146":{"start":{"line":483,"column":8},"end":{"line":483,"column":43}},"147":{"start":{"line":485,"column":29},"end":{"line":485,"column":83}},"148":{"start":{"line":486,"column":8},"end":{"line":486,"column":67}},"149":{"start":{"line":486,"column":53},"end":{"line":486,"column":65}},"150":{"start":{"line":488,"column":29},"end":{"line":488,"column":83}},"151":{"start":{"line":489,"column":8},"end":{"line":489,"column":73}},"152":{"start":{"line":490,"column":8},"end":{"line":490,"column":59}},"153":{"start":{"line":491,"column":8},"end":{"line":491,"column":68}},"154":{"start":{"line":491,"column":53},"end":{"line":491,"column":66}},"155":{"start":{"line":494,"column":8},"end":{"line":494,"column":52}},"156":{"start":{"line":494,"column":25},"end":{"line":494,"column":48}},"157":{"start":{"line":498,"column":22},"end":{"line":498,"column":48}},"158":{"start":{"line":499,"column":8},"end":{"line":502,"column":9}},"159":{"start":{"line":500,"column":12},"end":{"line":500,"column":25}},"160":{"start":{"line":501,"column":12},"end":{"line":501,"column":33}},"161":{"start":{"line":506,"column":30},"end":{"line":506,"column":34}},"162":{"start":{"line":507,"column":8},"end":{"line":507,"column":26}},"163":{"start":{"line":524,"column":8},"end":{"line":524,"column":19}},"164":{"start":{"line":517,"column":12},"end":{"line":517,"column":36}},"165":{"start":{"line":525,"column":8},"end":{"line":525,"column":29}},"166":{"start":{"line":526,"column":8},"end":{"line":526,"column":33}},"167":{"start":{"line":530,"column":30},"end":{"line":530,"column":34}},"168":{"start":{"line":531,"column":8},"end":{"line":531,"column":26}},"169":{"start":{"line":533,"column":8},"end":{"line":533,"column":62}},"170":{"start":{"line":536,"column":8},"end":{"line":536,"column":51}},"171":{"start":{"line":538,"column":8},"end":{"line":584,"column":9}},"172":{"start":{"line":539,"column":12},"end":{"line":541,"column":15}},"173":{"start":{"line":543,"column":25},"end":{"line":543,"column":50}},"174":{"start":{"line":544,"column":12},"end":{"line":544,"column":43}},"175":{"start":{"line":545,"column":12},"end":{"line":545,"column":42}},"176":{"start":{"line":548,"column":35},"end":{"line":551,"column":14}},"177":{"start":{"line":552,"column":12},"end":{"line":552,"column":49}},"178":{"start":{"line":553,"column":12},"end":{"line":553,"column":52}},"179":{"start":{"line":554,"column":12},"end":{"line":557,"column":15}},"180":{"start":{"line":555,"column":16},"end":{"line":555,"column":29}},"181":{"start":{"line":556,"column":16},"end":{"line":556,"column":36}},"182":{"start":{"line":558,"column":12},"end":{"line":560,"column":15}},"183":{"start":{"line":559,"column":16},"end":{"line":559,"column":90}},"184":{"start":{"line":561,"column":12},"end":{"line":563,"column":15}},"185":{"start":{"line":562,"column":16},"end":{"line":562,"column":58}},"186":{"start":{"line":566,"column":12},"end":{"line":583,"column":13}},"187":{"start":{"line":567,"column":29},"end":{"line":570,"column":18}},"188":{"start":{"line":571,"column":16},"end":{"line":571,"column":43}},"189":{"start":{"line":572,"column":16},"end":{"line":572,"column":46}},"190":{"start":{"line":573,"column":16},"end":{"line":576,"column":19}},"191":{"start":{"line":574,"column":20},"end":{"line":574,"column":33}},"192":{"start":{"line":575,"column":20},"end":{"line":575,"column":44}},"193":{"start":{"line":577,"column":16},"end":{"line":579,"column":19}},"194":{"start":{"line":578,"column":20},"end":{"line":578,"column":84}},"195":{"start":{"line":580,"column":16},"end":{"line":582,"column":19}},"196":{"start":{"line":581,"column":20},"end":{"line":581,"column":52}},"197":{"start":{"line":586,"column":29},"end":{"line":586,"column":77}},"198":{"start":{"line":587,"column":8},"end":{"line":587,"column":46}},"199":{"start":{"line":588,"column":8},"end":{"line":588,"column":67}},"200":{"start":{"line":588,"column":53},"end":{"line":588,"column":65}},"201":{"start":{"line":592,"column":31},"end":{"line":592,"column":66}},"202":{"start":{"line":593,"column":8},"end":{"line":593,"column":39}},"203":{"start":{"line":593,"column":29},"end":{"line":593,"column":39}},"204":{"start":{"line":595,"column":23},"end":{"line":595,"column":75}},"205":{"start":{"line":596,"column":8},"end":{"line":596,"column":63}},"206":{"start":{"line":596,"column":53},"end":{"line":596,"column":63}},"207":{"start":{"line":598,"column":35},"end":{"line":598,"column":37}},"208":{"start":{"line":599,"column":33},"end":{"line":607,"column":9}},"209":{"start":{"line":600,"column":12},"end":{"line":606,"column":13}},"210":{"start":{"line":601,"column":16},"end":{"line":605,"column":17}},"211":{"start":{"line":602,"column":20},"end":{"line":602,"column":42}},"212":{"start":{"line":603,"column":23},"end":{"line":605,"column":17}},"213":{"start":{"line":604,"column":20},"end":{"line":604,"column":44}},"214":{"start":{"line":609,"column":8},"end":{"line":609,"column":33}},"215":{"start":{"line":610,"column":8},"end":{"line":610,"column":78}},"216":{"start":{"line":610,"column":40},"end":{"line":610,"column":76}},"217":{"start":{"line":614,"column":30},"end":{"line":614,"column":34}},"218":{"start":{"line":615,"column":8},"end":{"line":615,"column":26}},"219":{"start":{"line":625,"column":12},"end":{"line":625,"column":67}},"220":{"start":{"line":626,"column":12},"end":{"line":626,"column":53}},"221":{"start":{"line":627,"column":12},"end":{"line":627,"column":58}},"222":{"start":{"line":628,"column":12},"end":{"line":628,"column":59}},"223":{"start":{"line":631,"column":12},"end":{"line":631,"column":63}},"224":{"start":{"line":632,"column":21},"end":{"line":632,"column":50}},"225":{"start":{"line":636,"column":12},"end":{"line":636,"column":32}},"226":{"start":{"line":639,"column":8},"end":{"line":639,"column":34}},"227":{"start":{"line":640,"column":8},"end":{"line":640,"column":28}},"228":{"start":{"line":643,"column":8},"end":{"line":645,"column":11}},"229":{"start":{"line":644,"column":12},"end":{"line":644,"column":36}},"230":{"start":{"line":648,"column":8},"end":{"line":652,"column":11}},"231":{"start":{"line":651,"column":28},"end":{"line":651,"column":54}},"232":{"start":{"line":654,"column":8},"end":{"line":658,"column":11}},"233":{"start":{"line":657,"column":28},"end":{"line":657,"column":50}},"234":{"start":{"line":660,"column":8},"end":{"line":664,"column":11}},"235":{"start":{"line":663,"column":28},"end":{"line":663,"column":58}},"236":{"start":{"line":666,"column":8},"end":{"line":670,"column":11}},"237":{"start":{"line":669,"column":28},"end":{"line":669,"column":62}},"238":{"start":{"line":672,"column":8},"end":{"line":676,"column":11}},"239":{"start":{"line":675,"column":28},"end":{"line":675,"column":61}},"240":{"start":{"line":679,"column":8},"end":{"line":681,"column":11}},"241":{"start":{"line":680,"column":12},"end":{"line":680,"column":39}},"242":{"start":{"line":688,"column":8},"end":{"line":700,"column":10}},"243":{"start":{"line":690,"column":16},"end":{"line":690,"column":46}},"244":{"start":{"line":690,"column":39},"end":{"line":690,"column":46}},"245":{"start":{"line":691,"column":16},"end":{"line":698,"column":17}},"246":{"start":{"line":692,"column":20},"end":{"line":692,"column":61}},"247":{"start":{"line":693,"column":20},"end":{"line":693,"column":70}},"248":{"start":{"line":694,"column":20},"end":{"line":694,"column":56}},"249":{"start":{"line":695,"column":20},"end":{"line":697,"column":21}},"250":{"start":{"line":696,"column":24},"end":{"line":696,"column":50}},"251":{"start":{"line":703,"column":8},"end":{"line":722,"column":10}},"252":{"start":{"line":705,"column":16},"end":{"line":705,"column":46}},"253":{"start":{"line":705,"column":39},"end":{"line":705,"column":46}},"254":{"start":{"line":706,"column":16},"end":{"line":720,"column":17}},"255":{"start":{"line":707,"column":20},"end":{"line":710,"column":21}},"256":{"start":{"line":708,"column":24},"end":{"line":708,"column":66}},"257":{"start":{"line":709,"column":24},"end":{"line":709,"column":65}},"258":{"start":{"line":711,"column":20},"end":{"line":715,"column":21}},"259":{"start":{"line":712,"column":37},"end":{"line":712,"column":73}},"260":{"start":{"line":713,"column":24},"end":{"line":713,"column":63}},"261":{"start":{"line":714,"column":24},"end":{"line":714,"column":68}},"262":{"start":{"line":716,"column":20},"end":{"line":716,"column":56}},"263":{"start":{"line":717,"column":20},"end":{"line":719,"column":21}},"264":{"start":{"line":718,"column":24},"end":{"line":718,"column":50}},"265":{"start":{"line":725,"column":8},"end":{"line":732,"column":10}},"266":{"start":{"line":727,"column":16},"end":{"line":727,"column":46}},"267":{"start":{"line":727,"column":39},"end":{"line":727,"column":46}},"268":{"start":{"line":728,"column":16},"end":{"line":730,"column":17}},"269":{"start":{"line":729,"column":20},"end":{"line":729,"column":44}},"270":{"start":{"line":735,"column":8},"end":{"line":735,"column":70}},"271":{"start":{"line":739,"column":8},"end":{"line":739,"column":38}},"272":{"start":{"line":740,"column":8},"end":{"line":740,"column":42}},"273":{"start":{"line":741,"column":8},"end":{"line":741,"column":37}},"274":{"start":{"line":742,"column":8},"end":{"line":742,"column":39}},"275":{"start":{"line":746,"column":8},"end":{"line":746,"column":83}},"276":{"start":{"line":750,"column":8},"end":{"line":750,"column":43}},"277":{"start":{"line":757,"column":8},"end":{"line":762,"column":9}},"278":{"start":{"line":758,"column":12},"end":{"line":758,"column":87}},"279":{"start":{"line":760,"column":12},"end":{"line":760,"column":59}},"280":{"start":{"line":761,"column":12},"end":{"line":761,"column":90}},"281":{"start":{"line":770,"column":29},"end":{"line":770,"column":65}},"282":{"start":{"line":771,"column":8},"end":{"line":771,"column":40}},"283":{"start":{"line":771,"column":27},"end":{"line":771,"column":40}},"284":{"start":{"line":772,"column":8},"end":{"line":772,"column":72}},"285":{"start":{"line":788,"column":8},"end":{"line":792,"column":9}},"286":{"start":{"line":789,"column":12},"end":{"line":789,"column":82}},"287":{"start":{"line":791,"column":12},"end":{"line":791,"column":66}},"288":{"start":{"line":800,"column":8},"end":{"line":802,"column":9}},"289":{"start":{"line":801,"column":12},"end":{"line":801,"column":63}},"290":{"start":{"line":803,"column":8},"end":{"line":803,"column":44}},"291":{"start":{"line":815,"column":25},"end":{"line":815,"column":59}},"292":{"start":{"line":819,"column":8},"end":{"line":824,"column":9}},"293":{"start":{"line":820,"column":12},"end":{"line":820,"column":68}},"294":{"start":{"line":823,"column":12},"end":{"line":823,"column":39}},"295":{"start":{"line":827,"column":28},"end":{"line":827,"column":95}},"296":{"start":{"line":827,"column":60},"end":{"line":827,"column":84}},"297":{"start":{"line":829,"column":8},"end":{"line":829,"column":47}},"298":{"start":{"line":836,"column":28},"end":{"line":836,"column":83}},"299":{"start":{"line":836,"column":75},"end":{"line":836,"column":76}},"300":{"start":{"line":837,"column":28},"end":{"line":837,"column":83}},"301":{"start":{"line":837,"column":75},"end":{"line":837,"column":76}},"302":{"start":{"line":840,"column":27},"end":{"line":840,"column":28}},"303":{"start":{"line":841,"column":8},"end":{"line":845,"column":9}},"304":{"start":{"line":844,"column":12},"end":{"line":844,"column":27}},"305":{"start":{"line":848,"column":24},"end":{"line":848,"column":57}},"306":{"start":{"line":849,"column":26},"end":{"line":849,"column":57}},"307":{"start":{"line":851,"column":27},"end":{"line":851,"column":29}},"308":{"start":{"line":852,"column":8},"end":{"line":865,"column":9}},"309":{"start":{"line":854,"column":12},"end":{"line":854,"column":43}},"310":{"start":{"line":857,"column":12},"end":{"line":859,"column":13}},"311":{"start":{"line":857,"column":25},"end":{"line":857,"column":26}},"312":{"start":{"line":858,"column":16},"end":{"line":858,"column":38}},"313":{"start":{"line":861,"column":12},"end":{"line":863,"column":13}},"314":{"start":{"line":862,"column":16},"end":{"line":862,"column":58}},"315":{"start":{"line":864,"column":12},"end":{"line":864,"column":44}},"316":{"start":{"line":867,"column":8},"end":{"line":867,"column":28}},"317":{"start":{"line":874,"column":22},"end":{"line":874,"column":39}},"318":{"start":{"line":877,"column":30},"end":{"line":877,"column":63}},"319":{"start":{"line":879,"column":8},"end":{"line":883,"column":9}},"320":{"start":{"line":880,"column":31},"end":{"line":880,"column":46}},"321":{"start":{"line":881,"column":29},"end":{"line":881,"column":92}},"322":{"start":{"line":882,"column":12},"end":{"line":882,"column":32}},"323":{"start":{"line":886,"column":34},"end":{"line":886,"column":60}},"324":{"start":{"line":887,"column":8},"end":{"line":893,"column":9}},"325":{"start":{"line":888,"column":29},"end":{"line":888,"column":44}},"326":{"start":{"line":890,"column":32},"end":{"line":890,"column":60}},"327":{"start":{"line":891,"column":29},"end":{"line":891,"column":94}},"328":{"start":{"line":892,"column":12},"end":{"line":892,"column":32}},"329":{"start":{"line":895,"column":8},"end":{"line":895,"column":21}},"330":{"start":{"line":904,"column":32},"end":{"line":904,"column":106}},"331":{"start":{"line":905,"column":8},"end":{"line":907,"column":9}},"332":{"start":{"line":906,"column":12},"end":{"line":906,"column":24}},"333":{"start":{"line":910,"column":33},"end":{"line":910,"column":111}},"334":{"start":{"line":911,"column":33},"end":{"line":911,"column":131}},"335":{"start":{"line":913,"column":8},"end":{"line":913,"column":80}},"336":{"start":{"line":920,"column":8},"end":{"line":920,"column":58}},"337":{"start":{"line":931,"column":8},"end":{"line":933,"column":9}},"338":{"start":{"line":932,"column":12},"end":{"line":932,"column":32}},"339":{"start":{"line":934,"column":22},"end":{"line":934,"column":65}},"340":{"start":{"line":935,"column":8},"end":{"line":935,"column":39}},"341":{"start":{"line":942,"column":46},"end":{"line":942,"column":48}},"342":{"start":{"line":943,"column":24},"end":{"line":943,"column":31}},"343":{"start":{"line":945,"column":8},"end":{"line":964,"column":9}},"344":{"start":{"line":947,"column":29},"end":{"line":947,"column":57}},"345":{"start":{"line":948,"column":12},"end":{"line":952,"column":13}},"346":{"start":{"line":949,"column":16},"end":{"line":949,"column":57}},"347":{"start":{"line":950,"column":16},"end":{"line":950,"column":64}},"348":{"start":{"line":951,"column":16},"end":{"line":951,"column":25}},"349":{"start":{"line":955,"column":32},"end":{"line":955,"column":60}},"350":{"start":{"line":956,"column":12},"end":{"line":960,"column":13}},"351":{"start":{"line":957,"column":16},"end":{"line":957,"column":46}},"352":{"start":{"line":958,"column":16},"end":{"line":958,"column":67}},"353":{"start":{"line":959,"column":16},"end":{"line":959,"column":25}},"354":{"start":{"line":963,"column":12},"end":{"line":963,"column":24}},"355":{"start":{"line":966,"column":8},"end":{"line":968,"column":9}},"356":{"start":{"line":967,"column":12},"end":{"line":967,"column":24}},"357":{"start":{"line":970,"column":8},"end":{"line":970,"column":42}},"358":{"start":{"line":980,"column":8},"end":{"line":982,"column":9}},"359":{"start":{"line":981,"column":12},"end":{"line":981,"column":24}},"360":{"start":{"line":984,"column":23},"end":{"line":984,"column":49}},"361":{"start":{"line":985,"column":8},"end":{"line":985,"column":33}},"362":{"start":{"line":985,"column":21},"end":{"line":985,"column":33}},"363":{"start":{"line":987,"column":8},"end":{"line":993,"column":9}},"364":{"start":{"line":989,"column":12},"end":{"line":991,"column":13}},"365":{"start":{"line":990,"column":16},"end":{"line":990,"column":30}},"366":{"start":{"line":992,"column":12},"end":{"line":992,"column":24}},"367":{"start":{"line":996,"column":31},"end":{"line":996,"column":59}},"368":{"start":{"line":997,"column":8},"end":{"line":997,"column":54}},"369":{"start":{"line":1004,"column":21},"end":{"line":1004,"column":23}},"370":{"start":{"line":1005,"column":8},"end":{"line":1016,"column":9}},"371":{"start":{"line":1005,"column":21},"end":{"line":1005,"column":22}},"372":{"start":{"line":1006,"column":24},"end":{"line":1006,"column":35}},"373":{"start":{"line":1007,"column":12},"end":{"line":1015,"column":13}},"374":{"start":{"line":1009,"column":16},"end":{"line":1011,"column":17}},"375":{"start":{"line":1010,"column":20},"end":{"line":1010,"column":34}},"376":{"start":{"line":1012,"column":16},"end":{"line":1012,"column":41}},"377":{"start":{"line":1014,"column":16},"end":{"line":1014,"column":30}},"378":{"start":{"line":1017,"column":8},"end":{"line":1017,"column":22}},"379":{"start":{"line":1024,"column":8},"end":{"line":1026,"column":9}},"380":{"start":{"line":1025,"column":12},"end":{"line":1025,"column":70}},"381":{"start":{"line":1029,"column":8},"end":{"line":1034,"column":9}},"382":{"start":{"line":1030,"column":12},"end":{"line":1033,"column":14}},"383":{"start":{"line":1037,"column":8},"end":{"line":1039,"column":9}},"384":{"start":{"line":1038,"column":12},"end":{"line":1038,"column":89}},"385":{"start":{"line":1042,"column":8},"end":{"line":1044,"column":9}},"386":{"start":{"line":1043,"column":12},"end":{"line":1043,"column":88}},"387":{"start":{"line":1047,"column":23},"end":{"line":1047,"column":49}},"388":{"start":{"line":1048,"column":8},"end":{"line":1050,"column":9}},"389":{"start":{"line":1049,"column":12},"end":{"line":1049,"column":72}},"390":{"start":{"line":1053,"column":8},"end":{"line":1070,"column":9}},"391":{"start":{"line":1053,"column":21},"end":{"line":1053,"column":22}},"392":{"start":{"line":1054,"column":25},"end":{"line":1054,"column":47}},"393":{"start":{"line":1055,"column":25},"end":{"line":1055,"column":43}},"394":{"start":{"line":1058,"column":12},"end":{"line":1061,"column":13}},"395":{"start":{"line":1060,"column":16},"end":{"line":1060,"column":25}},"396":{"start":{"line":1064,"column":12},"end":{"line":1069,"column":13}},"397":{"start":{"line":1065,"column":16},"end":{"line":1068,"column":18}},"398":{"start":{"line":1072,"column":8},"end":{"line":1072,"column":44}},"399":{"start":{"line":1079,"column":29},"end":{"line":1079,"column":64}},"400":{"start":{"line":1081,"column":8},"end":{"line":1088,"column":9}},"401":{"start":{"line":1082,"column":12},"end":{"line":1087,"column":14}},"402":{"start":{"line":1091,"column":29},"end":{"line":1091,"column":60}},"403":{"start":{"line":1092,"column":8},"end":{"line":1099,"column":9}},"404":{"start":{"line":1093,"column":12},"end":{"line":1098,"column":14}},"405":{"start":{"line":1101,"column":8},"end":{"line":1106,"column":10}},"406":{"start":{"line":1113,"column":22},"end":{"line":1113,"column":55}},"407":{"start":{"line":1114,"column":8},"end":{"line":1119,"column":9}},"408":{"start":{"line":1115,"column":32},"end":{"line":1115,"column":68}},"409":{"start":{"line":1116,"column":12},"end":{"line":1118,"column":13}},"410":{"start":{"line":1117,"column":16},"end":{"line":1117,"column":28}},"411":{"start":{"line":1120,"column":8},"end":{"line":1120,"column":20}},"412":{"start":{"line":1127,"column":30},"end":{"line":1127,"column":60}},"413":{"start":{"line":1128,"column":8},"end":{"line":1128,"column":40}},"414":{"start":{"line":1128,"column":28},"end":{"line":1128,"column":40}},"415":{"start":{"line":1129,"column":8},"end":{"line":1129,"column":53}},"416":{"start":{"line":1136,"column":24},"end":{"line":1136,"column":60}},"417":{"start":{"line":1137,"column":8},"end":{"line":1137,"column":29}},"418":{"start":{"line":1137,"column":22},"end":{"line":1137,"column":29}},"419":{"start":{"line":1139,"column":22},"end":{"line":1139,"column":55}},"420":{"start":{"line":1140,"column":8},"end":{"line":1153,"column":9}},"421":{"start":{"line":1141,"column":12},"end":{"line":1141,"column":55}},"422":{"start":{"line":1141,"column":46},"end":{"line":1141,"column":55}},"423":{"start":{"line":1143,"column":33},"end":{"line":1143,"column":74}},"424":{"start":{"line":1144,"column":12},"end":{"line":1152,"column":13}},"425":{"start":{"line":1145,"column":16},"end":{"line":1150,"column":25}},"426":{"start":{"line":1151,"column":16},"end":{"line":1151,"column":23}},"427":{"start":{"line":1171,"column":26},"end":{"line":1171,"column":56}},"428":{"start":{"line":1172,"column":8},"end":{"line":1174,"column":9}},"429":{"start":{"line":1173,"column":12},"end":{"line":1173,"column":49}},"430":{"start":{"line":1176,"column":8},"end":{"line":1229,"column":9}},"431":{"start":{"line":1177,"column":28},"end":{"line":1177,"column":64}},"432":{"start":{"line":1178,"column":26},"end":{"line":1178,"column":45}},"433":{"start":{"line":1181,"column":33},"end":{"line":1183,"column":null}},"434":{"start":{"line":1185,"column":31},"end":{"line":1185,"column":33}},"435":{"start":{"line":1186,"column":12},"end":{"line":1191,"column":13}},"436":{"start":{"line":1186,"column":25},"end":{"line":1186,"column":26}},"437":{"start":{"line":1187,"column":16},"end":{"line":1190,"column":17}},"438":{"start":{"line":1188,"column":20},"end":{"line":1188,"column":37}},"439":{"start":{"line":1189,"column":20},"end":{"line":1189,"column":26}},"440":{"start":{"line":1193,"column":12},"end":{"line":1195,"column":13}},"441":{"start":{"line":1194,"column":16},"end":{"line":1194,"column":53}},"442":{"start":{"line":1198,"column":43},"end":{"line":1198,"column":45}},"443":{"start":{"line":1200,"column":36},"end":{"line":1200,"column":61}},"444":{"start":{"line":1201,"column":34},"end":{"line":1201,"column":58}},"445":{"start":{"line":1203,"column":12},"end":{"line":1218,"column":13}},"446":{"start":{"line":1203,"column":25},"end":{"line":1203,"column":41}},"447":{"start":{"line":1205,"column":16},"end":{"line":1205,"column":50}},"448":{"start":{"line":1205,"column":44},"end":{"line":1205,"column":50}},"449":{"start":{"line":1208,"column":16},"end":{"line":1208,"column":46}},"450":{"start":{"line":1209,"column":16},"end":{"line":1212,"column":17}},"451":{"start":{"line":1210,"column":30},"end":{"line":1210,"column":52}},"452":{"start":{"line":1211,"column":20},"end":{"line":1211,"column":56}},"453":{"start":{"line":1211,"column":35},"end":{"line":1211,"column":56}},"454":{"start":{"line":1213,"column":16},"end":{"line":1213,"column":44}},"455":{"start":{"line":1214,"column":16},"end":{"line":1217,"column":17}},"456":{"start":{"line":1215,"column":30},"end":{"line":1215,"column":52}},"457":{"start":{"line":1216,"column":20},"end":{"line":1216,"column":56}},"458":{"start":{"line":1216,"column":35},"end":{"line":1216,"column":56}},"459":{"start":{"line":1220,"column":12},"end":{"line":1223,"column":13}},"460":{"start":{"line":1222,"column":16},"end":{"line":1222,"column":53}},"461":{"start":{"line":1225,"column":27},"end":{"line":1225,"column":52}},"462":{"start":{"line":1226,"column":12},"end":{"line":1226,"column":43}},"463":{"start":{"line":1228,"column":12},"end":{"line":1228,"column":49}},"464":{"start":{"line":1239,"column":8},"end":{"line":1246,"column":9}},"465":{"start":{"line":1240,"column":37},"end":{"line":1240,"column":64}},"466":{"start":{"line":1241,"column":33},"end":{"line":1243,"column":39}},"467":{"start":{"line":1242,"column":29},"end":{"line":1242,"column":47}},"468":{"start":{"line":1243,"column":29},"end":{"line":1243,"column":38}},"469":{"start":{"line":1244,"column":27},"end":{"line":1244,"column":82}},"470":{"start":{"line":1245,"column":12},"end":{"line":1245,"column":43}},"471":{"start":{"line":1249,"column":8},"end":{"line":1252,"column":9}},"472":{"start":{"line":1250,"column":29},"end":{"line":1250,"column":72}},"473":{"start":{"line":1251,"column":12},"end":{"line":1251,"column":52}},"474":{"start":{"line":1254,"column":23},"end":{"line":1254,"column":55}},"475":{"start":{"line":1255,"column":8},"end":{"line":1255,"column":48}},"476":{"start":{"line":1255,"column":21},"end":{"line":1255,"column":48}},"477":{"start":{"line":1257,"column":28},"end":{"line":1257,"column":71}},"478":{"start":{"line":1260,"column":8},"end":{"line":1272,"column":9}},"479":{"start":{"line":1262,"column":37},"end":{"line":1262,"column":71}},"480":{"start":{"line":1263,"column":35},"end":{"line":1269,"column":55}},"481":{"start":{"line":1265,"column":35},"end":{"line":1265,"column":71}},"482":{"start":{"line":1266,"column":34},"end":{"line":1266,"column":59}},"483":{"start":{"line":1267,"column":20},"end":{"line":1267,"column":51}},"484":{"start":{"line":1269,"column":44},"end":{"line":1269,"column":54}},"485":{"start":{"line":1271,"column":12},"end":{"line":1271,"column":75}},"486":{"start":{"line":1275,"column":33},"end":{"line":1275,"column":67}},"487":{"start":{"line":1276,"column":31},"end":{"line":1282,"column":51}},"488":{"start":{"line":1278,"column":31},"end":{"line":1278,"column":67}},"489":{"start":{"line":1279,"column":30},"end":{"line":1279,"column":52}},"490":{"start":{"line":1280,"column":16},"end":{"line":1280,"column":61}},"491":{"start":{"line":1282,"column":40},"end":{"line":1282,"column":50}},"492":{"start":{"line":1284,"column":23},"end":{"line":1284,"column":82}},"493":{"start":{"line":1285,"column":8},"end":{"line":1285,"column":55}},"494":{"start":{"line":1292,"column":8},"end":{"line":1294,"column":9}},"495":{"start":{"line":1293,"column":12},"end":{"line":1293,"column":24}},"496":{"start":{"line":1296,"column":33},"end":{"line":1296,"column":67}},"497":{"start":{"line":1297,"column":28},"end":{"line":1302,"column":51}},"498":{"start":{"line":1299,"column":30},"end":{"line":1299,"column":82}},"499":{"start":{"line":1300,"column":16},"end":{"line":1300,"column":61}},"500":{"start":{"line":1302,"column":40},"end":{"line":1302,"column":50}},"501":{"start":{"line":1304,"column":23},"end":{"line":1304,"column":76}},"502":{"start":{"line":1305,"column":8},"end":{"line":1305,"column":48}},"503":{"start":{"line":1313,"column":35},"end":{"line":1313,"column":37}},"504":{"start":{"line":1314,"column":22},"end":{"line":1314,"column":55}},"505":{"start":{"line":1317,"column":8},"end":{"line":1325,"column":9}},"506":{"start":{"line":1318,"column":12},"end":{"line":1323,"column":13}},"507":{"start":{"line":1319,"column":32},"end":{"line":1319,"column":68}},"508":{"start":{"line":1320,"column":16},"end":{"line":1322,"column":17}},"509":{"start":{"line":1321,"column":20},"end":{"line":1321,"column":43}},"510":{"start":{"line":1324,"column":12},"end":{"line":1324,"column":28}},"511":{"start":{"line":1327,"column":8},"end":{"line":1332,"column":9}},"512":{"start":{"line":1328,"column":28},"end":{"line":1328,"column":64}},"513":{"start":{"line":1329,"column":12},"end":{"line":1331,"column":13}},"514":{"start":{"line":1330,"column":16},"end":{"line":1330,"column":39}},"515":{"start":{"line":1334,"column":8},"end":{"line":1334,"column":24}},"516":{"start":{"line":1341,"column":8},"end":{"line":1341,"column":46}},"517":{"start":{"line":1341,"column":35},"end":{"line":1341,"column":46}},"518":{"start":{"line":1343,"column":23},"end":{"line":1346,"column":10}},"519":{"start":{"line":1344,"column":12},"end":{"line":1344,"column":66}},"520":{"start":{"line":1344,"column":39},"end":{"line":1344,"column":66}},"521":{"start":{"line":1345,"column":12},"end":{"line":1345,"column":38}},"522":{"start":{"line":1348,"column":21},"end":{"line":1348,"column":46}},"523":{"start":{"line":1349,"column":8},"end":{"line":1349,"column":43}},"524":{"start":{"line":1356,"column":22},"end":{"line":1356,"column":39}},"525":{"start":{"line":1357,"column":16},"end":{"line":1357,"column":32}},"526":{"start":{"line":1359,"column":8},"end":{"line":1367,"column":9}},"527":{"start":{"line":1360,"column":12},"end":{"line":1366,"column":13}},"528":{"start":{"line":1361,"column":16},"end":{"line":1361,"column":31}},"529":{"start":{"line":1362,"column":16},"end":{"line":1362,"column":20}},"530":{"start":{"line":1364,"column":16},"end":{"line":1364,"column":75}},"531":{"start":{"line":1365,"column":16},"end":{"line":1365,"column":38}},"532":{"start":{"line":1369,"column":8},"end":{"line":1369,"column":36}},"533":{"start":{"line":1380,"column":20},"end":{"line":1380,"column":30}},"534":{"start":{"line":1381,"column":24},"end":{"line":1381,"column":55}},"535":{"start":{"line":1382,"column":24},"end":{"line":1382,"column":56}},"536":{"start":{"line":1385,"column":29},"end":{"line":1385,"column":65}},"537":{"start":{"line":1386,"column":30},"end":{"line":1386,"column":85}},"538":{"start":{"line":1388,"column":8},"end":{"line":1394,"column":61}},"539":{"start":{"line":1401,"column":29},"end":{"line":1401,"column":58}},"540":{"start":{"line":1402,"column":8},"end":{"line":1402,"column":39}},"541":{"start":{"line":1402,"column":27},"end":{"line":1402,"column":39}},"542":{"start":{"line":1404,"column":21},"end":{"line":1404,"column":71}},"543":{"start":{"line":1405,"column":8},"end":{"line":1407,"column":9}},"544":{"start":{"line":1406,"column":12},"end":{"line":1406,"column":24}},"545":{"start":{"line":1408,"column":8},"end":{"line":1408,"column":20}},"546":{"start":{"line":1415,"column":8},"end":{"line":1415,"column":30}},"547":{"start":{"line":1415,"column":23},"end":{"line":1415,"column":30}},"548":{"start":{"line":1417,"column":8},"end":{"line":1426,"column":9}},"549":{"start":{"line":1418,"column":36},"end":{"line":1418,"column":71}},"550":{"start":{"line":1419,"column":37},"end":{"line":1419,"column":89}},"551":{"start":{"line":1420,"column":12},"end":{"line":1420,"column":64}},"552":{"start":{"line":1422,"column":12},"end":{"line":1422,"column":62}},"553":{"start":{"line":1423,"column":12},"end":{"line":1425,"column":13}},"554":{"start":{"line":1424,"column":16},"end":{"line":1424,"column":65}},"555":{"start":{"line":1435,"column":23},"end":{"line":1435,"column":60}},"556":{"start":{"line":1437,"column":8},"end":{"line":1444,"column":9}},"557":{"start":{"line":1438,"column":12},"end":{"line":1438,"column":54}},"558":{"start":{"line":1439,"column":15},"end":{"line":1444,"column":9}},"559":{"start":{"line":1440,"column":12},"end":{"line":1440,"column":59}},"560":{"start":{"line":1443,"column":12},"end":{"line":1443,"column":57}},"561":{"start":{"line":1451,"column":29},"end":{"line":1451,"column":58}},"562":{"start":{"line":1453,"column":8},"end":{"line":1455,"column":9}},"563":{"start":{"line":1454,"column":12},"end":{"line":1454,"column":25}},"564":{"start":{"line":1457,"column":29},"end":{"line":1457,"column":79}},"565":{"start":{"line":1459,"column":8},"end":{"line":1464,"column":9}},"566":{"start":{"line":1460,"column":12},"end":{"line":1462,"column":13}},"567":{"start":{"line":1461,"column":16},"end":{"line":1461,"column":79}},"568":{"start":{"line":1463,"column":12},"end":{"line":1463,"column":25}},"569":{"start":{"line":1466,"column":8},"end":{"line":1481,"column":9}},"570":{"start":{"line":1467,"column":36},"end":{"line":1467,"column":75}},"571":{"start":{"line":1468,"column":37},"end":{"line":1468,"column":89}},"572":{"start":{"line":1469,"column":12},"end":{"line":1469,"column":64}},"573":{"start":{"line":1471,"column":12},"end":{"line":1473,"column":13}},"574":{"start":{"line":1472,"column":16},"end":{"line":1472,"column":75}},"575":{"start":{"line":1474,"column":12},"end":{"line":1474,"column":24}},"576":{"start":{"line":1476,"column":12},"end":{"line":1476,"column":70}},"577":{"start":{"line":1477,"column":12},"end":{"line":1479,"column":13}},"578":{"start":{"line":1478,"column":16},"end":{"line":1478,"column":73}},"579":{"start":{"line":1480,"column":12},"end":{"line":1480,"column":25}},"580":{"start":{"line":1488,"column":29},"end":{"line":1488,"column":64}},"581":{"start":{"line":1490,"column":8},"end":{"line":1495,"column":9}},"582":{"start":{"line":1491,"column":12},"end":{"line":1493,"column":13}},"583":{"start":{"line":1492,"column":16},"end":{"line":1492,"column":79}},"584":{"start":{"line":1494,"column":12},"end":{"line":1494,"column":25}},"585":{"start":{"line":1497,"column":29},"end":{"line":1497,"column":79}},"586":{"start":{"line":1499,"column":8},"end":{"line":1504,"column":9}},"587":{"start":{"line":1500,"column":12},"end":{"line":1502,"column":13}},"588":{"start":{"line":1501,"column":16},"end":{"line":1501,"column":71}},"589":{"start":{"line":1503,"column":12},"end":{"line":1503,"column":25}},"590":{"start":{"line":1506,"column":8},"end":{"line":1521,"column":9}},"591":{"start":{"line":1507,"column":36},"end":{"line":1507,"column":75}},"592":{"start":{"line":1508,"column":37},"end":{"line":1508,"column":89}},"593":{"start":{"line":1509,"column":12},"end":{"line":1509,"column":64}},"594":{"start":{"line":1511,"column":12},"end":{"line":1513,"column":13}},"595":{"start":{"line":1512,"column":16},"end":{"line":1512,"column":67}},"596":{"start":{"line":1514,"column":12},"end":{"line":1514,"column":24}},"597":{"start":{"line":1516,"column":12},"end":{"line":1516,"column":67}},"598":{"start":{"line":1517,"column":12},"end":{"line":1519,"column":13}},"599":{"start":{"line":1518,"column":16},"end":{"line":1518,"column":65}},"600":{"start":{"line":1520,"column":12},"end":{"line":1520,"column":25}},"601":{"start":{"line":1528,"column":29},"end":{"line":1528,"column":65}},"602":{"start":{"line":1530,"column":8},"end":{"line":1535,"column":9}},"603":{"start":{"line":1531,"column":12},"end":{"line":1533,"column":13}},"604":{"start":{"line":1532,"column":16},"end":{"line":1532,"column":84}},"605":{"start":{"line":1534,"column":12},"end":{"line":1534,"column":25}},"606":{"start":{"line":1538,"column":32},"end":{"line":1538,"column":90}},"607":{"start":{"line":1540,"column":8},"end":{"line":1545,"column":9}},"608":{"start":{"line":1541,"column":12},"end":{"line":1543,"column":13}},"609":{"start":{"line":1542,"column":16},"end":{"line":1542,"column":75}},"610":{"start":{"line":1544,"column":12},"end":{"line":1544,"column":25}},"611":{"start":{"line":1547,"column":29},"end":{"line":1547,"column":79}},"612":{"start":{"line":1549,"column":8},"end":{"line":1554,"column":9}},"613":{"start":{"line":1550,"column":12},"end":{"line":1552,"column":13}},"614":{"start":{"line":1551,"column":16},"end":{"line":1551,"column":81}},"615":{"start":{"line":1553,"column":12},"end":{"line":1553,"column":25}},"616":{"start":{"line":1556,"column":8},"end":{"line":1597,"column":9}},"617":{"start":{"line":1558,"column":30},"end":{"line":1558,"column":55}},"618":{"start":{"line":1560,"column":12},"end":{"line":1590,"column":13}},"619":{"start":{"line":1561,"column":16},"end":{"line":1561,"column":75}},"620":{"start":{"line":1563,"column":16},"end":{"line":1565,"column":17}},"621":{"start":{"line":1564,"column":20},"end":{"line":1564,"column":81}},"622":{"start":{"line":1566,"column":16},"end":{"line":1566,"column":28}},"623":{"start":{"line":1567,"column":19},"end":{"line":1590,"column":13}},"624":{"start":{"line":1569,"column":16},"end":{"line":1569,"column":76}},"625":{"start":{"line":1571,"column":16},"end":{"line":1573,"column":17}},"626":{"start":{"line":1572,"column":20},"end":{"line":1572,"column":81}},"627":{"start":{"line":1574,"column":16},"end":{"line":1574,"column":28}},"628":{"start":{"line":1577,"column":29},"end":{"line":1577,"column":57}},"629":{"start":{"line":1578,"column":16},"end":{"line":1578,"column":42}},"630":{"start":{"line":1580,"column":16},"end":{"line":1589,"column":17}},"631":{"start":{"line":1581,"column":20},"end":{"line":1581,"column":81}},"632":{"start":{"line":1583,"column":20},"end":{"line":1585,"column":21}},"633":{"start":{"line":1584,"column":24},"end":{"line":1584,"column":85}},"634":{"start":{"line":1586,"column":20},"end":{"line":1586,"column":32}},"635":{"start":{"line":1588,"column":20},"end":{"line":1588,"column":75}},"636":{"start":{"line":1592,"column":12},"end":{"line":1592,"column":72}},"637":{"start":{"line":1593,"column":12},"end":{"line":1595,"column":13}},"638":{"start":{"line":1594,"column":16},"end":{"line":1594,"column":75}},"639":{"start":{"line":1596,"column":12},"end":{"line":1596,"column":25}},"640":{"start":{"line":1608,"column":8},"end":{"line":1608,"column":40}},"641":{"start":{"line":1616,"column":8},"end":{"line":1622,"column":11}},"642":{"start":{"line":1617,"column":12},"end":{"line":1621,"column":21}},"643":{"start":{"line":1619,"column":37},"end":{"line":1619,"column":53}},"644":{"start":{"line":1620,"column":22},"end":{"line":1620,"column":35}},"645":{"start":{"line":1629,"column":27},"end":{"line":1629,"column":79}},"646":{"start":{"line":1630,"column":8},"end":{"line":1633,"column":9}},"647":{"start":{"line":1631,"column":12},"end":{"line":1631,"column":41}},"648":{"start":{"line":1632,"column":12},"end":{"line":1632,"column":19}},"649":{"start":{"line":1635,"column":21},"end":{"line":1635,"column":36}},"650":{"start":{"line":1636,"column":24},"end":{"line":1636,"column":60}},"651":{"start":{"line":1638,"column":8},"end":{"line":1641,"column":9}},"652":{"start":{"line":1639,"column":12},"end":{"line":1639,"column":69}},"653":{"start":{"line":1640,"column":12},"end":{"line":1640,"column":19}},"654":{"start":{"line":1643,"column":27},"end":{"line":1643,"column":55}},"655":{"start":{"line":1644,"column":8},"end":{"line":1647,"column":9}},"656":{"start":{"line":1645,"column":12},"end":{"line":1645,"column":48}},"657":{"start":{"line":1646,"column":12},"end":{"line":1646,"column":19}},"658":{"start":{"line":1651,"column":8},"end":{"line":1658,"column":9}},"659":{"start":{"line":1652,"column":27},"end":{"line":1652,"column":61}},"660":{"start":{"line":1653,"column":12},"end":{"line":1656,"column":13}},"661":{"start":{"line":1654,"column":16},"end":{"line":1654,"column":49}},"662":{"start":{"line":1655,"column":16},"end":{"line":1655,"column":23}},"663":{"start":{"line":1657,"column":12},"end":{"line":1657,"column":37}},"664":{"start":{"line":1660,"column":8},"end":{"line":1660,"column":52}},"665":{"start":{"line":1661,"column":8},"end":{"line":1661,"column":72}},"666":{"start":{"line":1668,"column":27},"end":{"line":1668,"column":79}},"667":{"start":{"line":1669,"column":8},"end":{"line":1672,"column":9}},"668":{"start":{"line":1670,"column":12},"end":{"line":1670,"column":41}},"669":{"start":{"line":1671,"column":12},"end":{"line":1671,"column":19}},"670":{"start":{"line":1674,"column":24},"end":{"line":1674,"column":71}},"671":{"start":{"line":1675,"column":8},"end":{"line":1678,"column":9}},"672":{"start":{"line":1676,"column":12},"end":{"line":1676,"column":69}},"673":{"start":{"line":1677,"column":12},"end":{"line":1677,"column":19}},"674":{"start":{"line":1680,"column":26},"end":{"line":1680,"column":56}},"675":{"start":{"line":1681,"column":27},"end":{"line":1681,"column":58}},"676":{"start":{"line":1683,"column":8},"end":{"line":1687,"column":9}},"677":{"start":{"line":1684,"column":12},"end":{"line":1684,"column":77}},"678":{"start":{"line":1686,"column":12},"end":{"line":1686,"column":59}},"679":{"start":{"line":1699,"column":27},"end":{"line":1699,"column":79}},"680":{"start":{"line":1700,"column":8},"end":{"line":1703,"column":9}},"681":{"start":{"line":1701,"column":12},"end":{"line":1701,"column":41}},"682":{"start":{"line":1702,"column":12},"end":{"line":1702,"column":19}},"683":{"start":{"line":1705,"column":27},"end":{"line":1705,"column":42}},"684":{"start":{"line":1706,"column":30},"end":{"line":1706,"column":72}},"685":{"start":{"line":1707,"column":8},"end":{"line":1710,"column":9}},"686":{"start":{"line":1708,"column":12},"end":{"line":1708,"column":69}},"687":{"start":{"line":1709,"column":12},"end":{"line":1709,"column":19}},"688":{"start":{"line":1713,"column":33},"end":{"line":1713,"column":57}},"689":{"start":{"line":1714,"column":29},"end":{"line":1714,"column":59}},"690":{"start":{"line":1719,"column":8},"end":{"line":1726,"column":9}},"691":{"start":{"line":1720,"column":27},"end":{"line":1720,"column":61}},"692":{"start":{"line":1721,"column":12},"end":{"line":1724,"column":13}},"693":{"start":{"line":1722,"column":16},"end":{"line":1722,"column":54}},"694":{"start":{"line":1723,"column":16},"end":{"line":1723,"column":23}},"695":{"start":{"line":1725,"column":12},"end":{"line":1725,"column":37}},"696":{"start":{"line":1729,"column":27},"end":{"line":1731,"column":50}},"697":{"start":{"line":1734,"column":8},"end":{"line":1742,"column":9}},"698":{"start":{"line":1735,"column":12},"end":{"line":1735,"column":42}},"699":{"start":{"line":1736,"column":15},"end":{"line":1742,"column":9}},"700":{"start":{"line":1737,"column":12},"end":{"line":1737,"column":47}},"701":{"start":{"line":1739,"column":27},"end":{"line":1739,"column":59}},"702":{"start":{"line":1740,"column":32},"end":{"line":1740,"column":91}},"703":{"start":{"line":1741,"column":12},"end":{"line":1741,"column":96}},"704":{"start":{"line":1744,"column":8},"end":{"line":1781,"column":17}},"705":{"start":{"line":1750,"column":37},"end":{"line":1780,"column":null}},"706":{"start":{"line":1753,"column":32},"end":{"line":1753,"column":78}},"707":{"start":{"line":1754,"column":35},"end":{"line":1754,"column":64}},"708":{"start":{"line":1756,"column":16},"end":{"line":1759,"column":17}},"709":{"start":{"line":1757,"column":20},"end":{"line":1757,"column":76}},"710":{"start":{"line":1758,"column":20},"end":{"line":1758,"column":27}},"711":{"start":{"line":1763,"column":34},"end":{"line":1763,"column":87}},"712":{"start":{"line":1765,"column":16},"end":{"line":1779,"column":17}},"713":{"start":{"line":1766,"column":20},"end":{"line":1776,"column":29}},"714":{"start":{"line":1770,"column":35},"end":{"line":1772,"column":null}},"715":{"start":{"line":1771,"column":28},"end":{"line":1771,"column":115}},"716":{"start":{"line":1774,"column":28},"end":{"line":1774,"column":66}},"717":{"start":{"line":1778,"column":20},"end":{"line":1778,"column":107}},"718":{"start":{"line":1798,"column":25},"end":{"line":1798,"column":53}},"719":{"start":{"line":1799,"column":29},"end":{"line":1799,"column":46}},"720":{"start":{"line":1800,"column":25},"end":{"line":1802,"column":22}},"721":{"start":{"line":1804,"column":8},"end":{"line":1848,"column":9}},"722":{"start":{"line":1806,"column":12},"end":{"line":1806,"column":47}},"723":{"start":{"line":1807,"column":12},"end":{"line":1809,"column":13}},"724":{"start":{"line":1808,"column":16},"end":{"line":1808,"column":58}},"725":{"start":{"line":1812,"column":28},"end":{"line":1812,"column":69}},"726":{"start":{"line":1815,"column":12},"end":{"line":1815,"column":65}},"727":{"start":{"line":1816,"column":12},"end":{"line":1816,"column":56}},"728":{"start":{"line":1819,"column":12},"end":{"line":1819,"column":55}},"729":{"start":{"line":1822,"column":12},"end":{"line":1822,"column":59}},"730":{"start":{"line":1823,"column":12},"end":{"line":1823,"column":82}},"731":{"start":{"line":1826,"column":25},"end":{"line":1826,"column":53}},"732":{"start":{"line":1827,"column":12},"end":{"line":1827,"column":41}},"733":{"start":{"line":1830,"column":12},"end":{"line":1830,"column":53}},"734":{"start":{"line":1832,"column":12},"end":{"line":1834,"column":13}},"735":{"start":{"line":1833,"column":16},"end":{"line":1833,"column":61}},"736":{"start":{"line":1836,"column":12},"end":{"line":1836,"column":65}},"737":{"start":{"line":1837,"column":12},"end":{"line":1839,"column":13}},"738":{"start":{"line":1838,"column":16},"end":{"line":1838,"column":68}},"739":{"start":{"line":1842,"column":12},"end":{"line":1847,"column":21}},"740":{"start":{"line":1843,"column":16},"end":{"line":1843,"column":54}},"741":{"start":{"line":1844,"column":16},"end":{"line":1846,"column":17}},"742":{"start":{"line":1845,"column":20},"end":{"line":1845,"column":65}},"743":{"start":{"line":1856,"column":25},"end":{"line":1856,"column":40}},"744":{"start":{"line":1857,"column":25},"end":{"line":1859,"column":22}},"745":{"start":{"line":1861,"column":8},"end":{"line":1894,"column":9}},"746":{"start":{"line":1863,"column":12},"end":{"line":1863,"column":47}},"747":{"start":{"line":1865,"column":28},"end":{"line":1865,"column":69}},"748":{"start":{"line":1868,"column":12},"end":{"line":1868,"column":65}},"749":{"start":{"line":1869,"column":12},"end":{"line":1869,"column":56}},"750":{"start":{"line":1872,"column":12},"end":{"line":1872,"column":55}},"751":{"start":{"line":1875,"column":25},"end":{"line":1875,"column":53}},"752":{"start":{"line":1876,"column":12},"end":{"line":1876,"column":41}},"753":{"start":{"line":1879,"column":12},"end":{"line":1879,"column":53}},"754":{"start":{"line":1881,"column":12},"end":{"line":1883,"column":13}},"755":{"start":{"line":1882,"column":16},"end":{"line":1882,"column":55}},"756":{"start":{"line":1885,"column":12},"end":{"line":1885,"column":59}},"757":{"start":{"line":1886,"column":12},"end":{"line":1888,"column":13}},"758":{"start":{"line":1887,"column":16},"end":{"line":1887,"column":62}},"759":{"start":{"line":1891,"column":12},"end":{"line":1893,"column":21}},"760":{"start":{"line":1892,"column":16},"end":{"line":1892,"column":54}},"761":{"start":{"line":1903,"column":8},"end":{"line":1932,"column":16}},"762":{"start":{"line":1904,"column":31},"end":{"line":1904,"column":83}},"763":{"start":{"line":1905,"column":12},"end":{"line":1905,"column":58}},"764":{"start":{"line":1905,"column":51},"end":{"line":1905,"column":58}},"765":{"start":{"line":1907,"column":27},"end":{"line":1907,"column":44}},"766":{"start":{"line":1914,"column":28},"end":{"line":1914,"column":96}},"767":{"start":{"line":1915,"column":12},"end":{"line":1931,"column":13}},"768":{"start":{"line":1916,"column":16},"end":{"line":1916,"column":32}},"769":{"start":{"line":1919,"column":34},"end":{"line":1919,"column":55}},"770":{"start":{"line":1920,"column":16},"end":{"line":1926,"column":17}},"771":{"start":{"line":1921,"column":34},"end":{"line":1921,"column":56}},"772":{"start":{"line":1922,"column":20},"end":{"line":1922,"column":54}},"773":{"start":{"line":1923,"column":20},"end":{"line":1923,"column":42}},"774":{"start":{"line":1924,"column":20},"end":{"line":1924,"column":48}},"775":{"start":{"line":1925,"column":20},"end":{"line":1925,"column":46}},"776":{"start":{"line":1929,"column":16},"end":{"line":1929,"column":53}},"777":{"start":{"line":1930,"column":16},"end":{"line":1930,"column":31}},"778":{"start":{"line":1939,"column":8},"end":{"line":1941,"column":18}},"779":{"start":{"line":1939,"column":62},"end":{"line":1941,"column":10}},"780":{"start":{"line":1940,"column":12},"end":{"line":1940,"column":56}},"781":{"start":{"line":1948,"column":21},"end":{"line":1948,"column":51}},"782":{"start":{"line":1949,"column":8},"end":{"line":1949,"column":26}},"783":{"start":{"line":1949,"column":19},"end":{"line":1949,"column":26}},"784":{"start":{"line":1951,"column":25},"end":{"line":1951,"column":37}},"785":{"start":{"line":1952,"column":27},"end":{"line":1952,"column":61}},"786":{"start":{"line":1953,"column":23},"end":{"line":1953,"column":41}},"787":{"start":{"line":1954,"column":25},"end":{"line":1954,"column":73}},"788":{"start":{"line":1956,"column":8},"end":{"line":1987,"column":9}},"789":{"start":{"line":1958,"column":12},"end":{"line":1958,"column":47}},"790":{"start":{"line":1960,"column":28},"end":{"line":1960,"column":69}},"791":{"start":{"line":1963,"column":12},"end":{"line":1963,"column":65}},"792":{"start":{"line":1964,"column":12},"end":{"line":1964,"column":56}},"793":{"start":{"line":1966,"column":12},"end":{"line":1968,"column":13}},"794":{"start":{"line":1967,"column":16},"end":{"line":1967,"column":60}},"795":{"start":{"line":1970,"column":12},"end":{"line":1970,"column":65}},"796":{"start":{"line":1973,"column":12},"end":{"line":1973,"column":50}},"797":{"start":{"line":1975,"column":12},"end":{"line":1977,"column":13}},"798":{"start":{"line":1976,"column":16},"end":{"line":1976,"column":52}},"799":{"start":{"line":1979,"column":12},"end":{"line":1979,"column":59}},"800":{"start":{"line":1980,"column":12},"end":{"line":1982,"column":13}},"801":{"start":{"line":1981,"column":16},"end":{"line":1981,"column":62}},"802":{"start":{"line":1984,"column":12},"end":{"line":1986,"column":21}},"803":{"start":{"line":1985,"column":16},"end":{"line":1985,"column":54}},"804":{"start":{"line":1994,"column":8},"end":{"line":2015,"column":11}},"805":{"start":{"line":1995,"column":12},"end":{"line":2000,"column":21}},"806":{"start":{"line":1999,"column":27},"end":{"line":1999,"column":41}},"807":{"start":{"line":2003,"column":12},"end":{"line":2014,"column":20}},"808":{"start":{"line":2004,"column":30},"end":{"line":2004,"column":72}},"809":{"start":{"line":2005,"column":16},"end":{"line":2013,"column":17}},"810":{"start":{"line":2006,"column":37},"end":{"line":2011,"column":22}},"811":{"start":{"line":2007,"column":24},"end":{"line":2010,"column":25}},"812":{"start":{"line":2008,"column":28},"end":{"line":2008,"column":50}},"813":{"start":{"line":2009,"column":28},"end":{"line":2009,"column":42}},"814":{"start":{"line":2012,"column":20},"end":{"line":2012,"column":88}},"815":{"start":{"line":2022,"column":21},"end":{"line":2022,"column":51}},"816":{"start":{"line":2023,"column":8},"end":{"line":2023,"column":26}},"817":{"start":{"line":2023,"column":19},"end":{"line":2023,"column":26}},"818":{"start":{"line":2025,"column":27},"end":{"line":2025,"column":53}},"819":{"start":{"line":2027,"column":8},"end":{"line":2030,"column":9}},"820":{"start":{"line":2028,"column":12},"end":{"line":2028,"column":77}},"821":{"start":{"line":2029,"column":12},"end":{"line":2029,"column":19}},"822":{"start":{"line":2032,"column":8},"end":{"line":2046,"column":9}},"823":{"start":{"line":2033,"column":12},"end":{"line":2043,"column":21}},"824":{"start":{"line":2037,"column":27},"end":{"line":2039,"column":null}},"825":{"start":{"line":2038,"column":20},"end":{"line":2038,"column":59}},"826":{"start":{"line":2041,"column":20},"end":{"line":2041,"column":58}},"827":{"start":{"line":2045,"column":12},"end":{"line":2045,"column":51}},"828":{"start":{"line":2053,"column":27},"end":{"line":2053,"column":61}},"829":{"start":{"line":2054,"column":23},"end":{"line":2054,"column":49}},"830":{"start":{"line":2055,"column":8},"end":{"line":2055,"column":58}},"831":{"start":{"line":2067,"column":8},"end":{"line":2067,"column":49}},"832":{"start":{"line":2069,"column":8},"end":{"line":2080,"column":9}},"833":{"start":{"line":2070,"column":25},"end":{"line":2070,"column":102}},"834":{"start":{"line":2071,"column":12},"end":{"line":2071,"column":115}},"835":{"start":{"line":2073,"column":12},"end":{"line":2075,"column":13}},"836":{"start":{"line":2074,"column":16},"end":{"line":2074,"column":71}},"837":{"start":{"line":2077,"column":12},"end":{"line":2079,"column":20}},"838":{"start":{"line":2078,"column":16},"end":{"line":2078,"column":60}},"839":{"start":{"line":2091,"column":8},"end":{"line":2091,"column":50}},"840":{"start":{"line":2093,"column":8},"end":{"line":2109,"column":9}},"841":{"start":{"line":2095,"column":32},"end":{"line":2095,"column":88}},"842":{"start":{"line":2096,"column":25},"end":{"line":2096,"column":78}},"843":{"start":{"line":2099,"column":28},"end":{"line":2099,"column":79}},"844":{"start":{"line":2100,"column":12},"end":{"line":2100,"column":93}},"845":{"start":{"line":2102,"column":12},"end":{"line":2104,"column":13}},"846":{"start":{"line":2103,"column":16},"end":{"line":2103,"column":74}},"847":{"start":{"line":2106,"column":12},"end":{"line":2108,"column":20}},"848":{"start":{"line":2107,"column":16},"end":{"line":2107,"column":61}},"849":{"start":{"line":2117,"column":24},"end":{"line":2117,"column":35}},"850":{"start":{"line":2119,"column":8},"end":{"line":2121,"column":9}},"851":{"start":{"line":2120,"column":12},"end":{"line":2120,"column":24}},"852":{"start":{"line":2123,"column":8},"end":{"line":2125,"column":9}},"853":{"start":{"line":2124,"column":12},"end":{"line":2124,"column":24}},"854":{"start":{"line":2127,"column":8},"end":{"line":2129,"column":9}},"855":{"start":{"line":2128,"column":12},"end":{"line":2128,"column":24}},"856":{"start":{"line":2130,"column":8},"end":{"line":2130,"column":21}},"857":{"start":{"line":2148,"column":24},"end":{"line":2148,"column":55}},"858":{"start":{"line":2151,"column":8},"end":{"line":2153,"column":9}},"859":{"start":{"line":2152,"column":12},"end":{"line":2152,"column":19}},"860":{"start":{"line":2155,"column":22},"end":{"line":2155,"column":41}},"861":{"start":{"line":2156,"column":25},"end":{"line":2156,"column":36}},"862":{"start":{"line":2158,"column":8},"end":{"line":2242,"column":9}},"863":{"start":{"line":2160,"column":33},"end":{"line":2160,"column":95}},"864":{"start":{"line":2161,"column":31},"end":{"line":2161,"column":33}},"865":{"start":{"line":2163,"column":12},"end":{"line":2168,"column":13}},"866":{"start":{"line":2163,"column":25},"end":{"line":2163,"column":26}},"867":{"start":{"line":2164,"column":16},"end":{"line":2167,"column":17}},"868":{"start":{"line":2165,"column":20},"end":{"line":2165,"column":37}},"869":{"start":{"line":2166,"column":20},"end":{"line":2166,"column":26}},"870":{"start":{"line":2170,"column":12},"end":{"line":2233,"column":13}},"871":{"start":{"line":2173,"column":38},"end":{"line":2173,"column":50}},"872":{"start":{"line":2174,"column":40},"end":{"line":2174,"column":42}},"873":{"start":{"line":2175,"column":48},"end":{"line":2175,"column":50}},"874":{"start":{"line":2177,"column":16},"end":{"line":2195,"column":17}},"875":{"start":{"line":2177,"column":29},"end":{"line":2177,"column":45}},"876":{"start":{"line":2178,"column":33},"end":{"line":2178,"column":41}},"877":{"start":{"line":2181,"column":20},"end":{"line":2184,"column":21}},"878":{"start":{"line":2182,"column":24},"end":{"line":2182,"column":44}},"879":{"start":{"line":2183,"column":24},"end":{"line":2183,"column":30}},"880":{"start":{"line":2187,"column":20},"end":{"line":2189,"column":21}},"881":{"start":{"line":2188,"column":24},"end":{"line":2188,"column":54}},"882":{"start":{"line":2192,"column":20},"end":{"line":2194,"column":21}},"883":{"start":{"line":2193,"column":24},"end":{"line":2193,"column":46}},"884":{"start":{"line":2198,"column":16},"end":{"line":2225,"column":17}},"885":{"start":{"line":2200,"column":20},"end":{"line":2200,"column":69}},"886":{"start":{"line":2204,"column":35},"end":{"line":2204,"column":51}},"887":{"start":{"line":2207,"column":20},"end":{"line":2209,"column":21}},"888":{"start":{"line":2208,"column":24},"end":{"line":2208,"column":35}},"889":{"start":{"line":2212,"column":20},"end":{"line":2224,"column":21}},"890":{"start":{"line":2214,"column":24},"end":{"line":2214,"column":64}},"891":{"start":{"line":2217,"column":24},"end":{"line":2223,"column":25}},"892":{"start":{"line":2219,"column":28},"end":{"line":2219,"column":72}},"893":{"start":{"line":2222,"column":28},"end":{"line":2222,"column":76}},"894":{"start":{"line":2229,"column":16},"end":{"line":2231,"column":17}},"895":{"start":{"line":2230,"column":20},"end":{"line":2230,"column":35}},"896":{"start":{"line":2232,"column":16},"end":{"line":2232,"column":58}},"897":{"start":{"line":2236,"column":30},"end":{"line":2236,"column":31}},"898":{"start":{"line":2237,"column":12},"end":{"line":2240,"column":13}},"899":{"start":{"line":2238,"column":16},"end":{"line":2238,"column":58}},"900":{"start":{"line":2239,"column":16},"end":{"line":2239,"column":66}},"901":{"start":{"line":2239,"column":39},"end":{"line":2239,"column":66}},"902":{"start":{"line":2241,"column":12},"end":{"line":2241,"column":55}},"903":{"start":{"line":2244,"column":8},"end":{"line":2244,"column":60}},"904":{"start":{"line":2257,"column":8},"end":{"line":2259,"column":9}},"905":{"start":{"line":2258,"column":12},"end":{"line":2258,"column":19}},"906":{"start":{"line":2262,"column":8},"end":{"line":2264,"column":9}},"907":{"start":{"line":2263,"column":12},"end":{"line":2263,"column":19}},"908":{"start":{"line":2266,"column":24},"end":{"line":2266,"column":55}},"909":{"start":{"line":2267,"column":29},"end":{"line":2267,"column":55}},"910":{"start":{"line":2268,"column":30},"end":{"line":2268,"column":79}},"911":{"start":{"line":2271,"column":25},"end":{"line":2271,"column":42}},"912":{"start":{"line":2272,"column":8},"end":{"line":2276,"column":9}},"913":{"start":{"line":2273,"column":12},"end":{"line":2275,"column":13}},"914":{"start":{"line":2274,"column":16},"end":{"line":2274,"column":35}},"915":{"start":{"line":2279,"column":8},"end":{"line":2279,"column":59}},"916":{"start":{"line":2282,"column":8},"end":{"line":2301,"column":9}},"917":{"start":{"line":2283,"column":31},"end":{"line":2284,"column":null}},"918":{"start":{"line":2284,"column":21},"end":{"line":2284,"column":46}},"919":{"start":{"line":2287,"column":12},"end":{"line":2300,"column":13}},"920":{"start":{"line":2290,"column":16},"end":{"line":2292,"column":17}},"921":{"start":{"line":2291,"column":20},"end":{"line":2291,"column":29}},"922":{"start":{"line":2295,"column":16},"end":{"line":2297,"column":17}},"923":{"start":{"line":2296,"column":20},"end":{"line":2296,"column":29}},"924":{"start":{"line":2299,"column":16},"end":{"line":2299,"column":61}},"925":{"start":{"line":2308,"column":8},"end":{"line":2308,"column":50}},"926":{"start":{"line":2310,"column":8},"end":{"line":2321,"column":9}},"927":{"start":{"line":2311,"column":25},"end":{"line":2311,"column":85}},"928":{"start":{"line":2312,"column":12},"end":{"line":2312,"column":117}},"929":{"start":{"line":2314,"column":12},"end":{"line":2316,"column":13}},"930":{"start":{"line":2315,"column":16},"end":{"line":2315,"column":96}},"931":{"start":{"line":2318,"column":12},"end":{"line":2320,"column":20}},"932":{"start":{"line":2319,"column":16},"end":{"line":2319,"column":61}},"933":{"start":{"line":2334,"column":8},"end":{"line":2336,"column":9}},"934":{"start":{"line":2335,"column":12},"end":{"line":2335,"column":19}},"935":{"start":{"line":2338,"column":24},"end":{"line":2338,"column":60}},"936":{"start":{"line":2339,"column":8},"end":{"line":2339,"column":29}},"937":{"start":{"line":2339,"column":22},"end":{"line":2339,"column":29}},"938":{"start":{"line":2342,"column":8},"end":{"line":2342,"column":44}},"939":{"start":{"line":2344,"column":8},"end":{"line":2380,"column":9}},"940":{"start":{"line":2346,"column":28},"end":{"line":2346,"column":59}},"941":{"start":{"line":2347,"column":12},"end":{"line":2349,"column":13}},"942":{"start":{"line":2348,"column":16},"end":{"line":2348,"column":56}},"943":{"start":{"line":2352,"column":31},"end":{"line":2352,"column":59}},"944":{"start":{"line":2353,"column":12},"end":{"line":2375,"column":13}},"945":{"start":{"line":2356,"column":16},"end":{"line":2363,"column":17}},"946":{"start":{"line":2357,"column":35},"end":{"line":2357,"column":69}},"947":{"start":{"line":2358,"column":20},"end":{"line":2360,"column":21}},"948":{"start":{"line":2359,"column":24},"end":{"line":2359,"column":49}},"949":{"start":{"line":2365,"column":16},"end":{"line":2365,"column":58}},"950":{"start":{"line":2367,"column":16},"end":{"line":2374,"column":17}},"951":{"start":{"line":2368,"column":20},"end":{"line":2368,"column":64}},"952":{"start":{"line":2369,"column":20},"end":{"line":2369,"column":84}},"953":{"start":{"line":2371,"column":20},"end":{"line":2373,"column":29}},"954":{"start":{"line":2372,"column":24},"end":{"line":2372,"column":69}},"955":{"start":{"line":2377,"column":12},"end":{"line":2379,"column":21}},"956":{"start":{"line":2378,"column":16},"end":{"line":2378,"column":55}},"957":{"start":{"line":623,"column":0},"end":{"line":623,"column":21}},"958":{"start":{"line":2392,"column":8},"end":{"line":2392,"column":27}},"959":{"start":{"line":2393,"column":8},"end":{"line":2393,"column":29}},"960":{"start":{"line":2397,"column":32},"end":{"line":2397,"column":36}},"961":{"start":{"line":2398,"column":8},"end":{"line":2398,"column":28}},"962":{"start":{"line":2400,"column":8},"end":{"line":2400,"column":83}},"963":{"start":{"line":2405,"column":8},"end":{"line":2405,"column":65}},"964":{"start":{"line":2407,"column":8},"end":{"line":2415,"column":20}},"965":{"start":{"line":2410,"column":33},"end":{"line":2415,"column":18}},"966":{"start":{"line":2412,"column":42},"end":{"line":2415,"column":18}},"967":{"start":{"line":2413,"column":20},"end":{"line":2413,"column":61}},"968":{"start":{"line":2414,"column":20},"end":{"line":2414,"column":53}},"969":{"start":{"line":2417,"column":8},"end":{"line":2425,"column":20}},"970":{"start":{"line":2420,"column":33},"end":{"line":2425,"column":18}},"971":{"start":{"line":2422,"column":42},"end":{"line":2425,"column":18}},"972":{"start":{"line":2423,"column":20},"end":{"line":2423,"column":67}},"973":{"start":{"line":2424,"column":20},"end":{"line":2424,"column":53}},"974":{"start":{"line":2427,"column":8},"end":{"line":2435,"column":20}},"975":{"start":{"line":2430,"column":33},"end":{"line":2435,"column":18}},"976":{"start":{"line":2432,"column":42},"end":{"line":2435,"column":18}},"977":{"start":{"line":2433,"column":20},"end":{"line":2433,"column":72}},"978":{"start":{"line":2434,"column":20},"end":{"line":2434,"column":53}},"979":{"start":{"line":2440,"column":8},"end":{"line":2440,"column":68}},"980":{"start":{"line":2442,"column":8},"end":{"line":2454,"column":20}},"981":{"start":{"line":2445,"column":37},"end":{"line":2454,"column":18}},"982":{"start":{"line":2449,"column":53},"end":{"line":2454,"column":18}},"983":{"start":{"line":2450,"column":20},"end":{"line":2450,"column":59}},"984":{"start":{"line":2451,"column":20},"end":{"line":2451,"column":53}},"985":{"start":{"line":2453,"column":20},"end":{"line":2453,"column":35}},"986":{"start":{"line":2457,"column":33},"end":{"line":2460,"column":10}},"987":{"start":{"line":2461,"column":8},"end":{"line":2461,"column":54}},"988":{"start":{"line":2466,"column":8},"end":{"line":2466,"column":75}},"989":{"start":{"line":2468,"column":8},"end":{"line":2477,"column":20}},"990":{"start":{"line":2471,"column":29},"end":{"line":2477,"column":18}},"991":{"start":{"line":2474,"column":42},"end":{"line":2477,"column":18}},"992":{"start":{"line":2475,"column":20},"end":{"line":2475,"column":83}},"993":{"start":{"line":2476,"column":20},"end":{"line":2476,"column":53}},"994":{"start":{"line":2479,"column":8},"end":{"line":2488,"column":20}},"995":{"start":{"line":2482,"column":29},"end":{"line":2488,"column":18}},"996":{"start":{"line":2485,"column":42},"end":{"line":2488,"column":18}},"997":{"start":{"line":2486,"column":20},"end":{"line":2486,"column":76}},"998":{"start":{"line":2487,"column":20},"end":{"line":2487,"column":53}},"999":{"start":{"line":2493,"column":8},"end":{"line":2493,"column":79}},"1000":{"start":{"line":2495,"column":8},"end":{"line":2504,"column":20}},"1001":{"start":{"line":2498,"column":29},"end":{"line":2504,"column":18}},"1002":{"start":{"line":2501,"column":42},"end":{"line":2504,"column":18}},"1003":{"start":{"line":2502,"column":20},"end":{"line":2502,"column":71}},"1004":{"start":{"line":2503,"column":20},"end":{"line":2503,"column":53}},"1005":{"start":{"line":2506,"column":8},"end":{"line":2515,"column":20}},"1006":{"start":{"line":2509,"column":29},"end":{"line":2515,"column":18}},"1007":{"start":{"line":2512,"column":42},"end":{"line":2515,"column":18}},"1008":{"start":{"line":2513,"column":20},"end":{"line":2513,"column":74}},"1009":{"start":{"line":2514,"column":20},"end":{"line":2514,"column":53}},"1010":{"start":{"line":2517,"column":8},"end":{"line":2526,"column":20}},"1011":{"start":{"line":2520,"column":29},"end":{"line":2526,"column":18}},"1012":{"start":{"line":2523,"column":42},"end":{"line":2526,"column":18}},"1013":{"start":{"line":2524,"column":20},"end":{"line":2524,"column":72}},"1014":{"start":{"line":2525,"column":20},"end":{"line":2525,"column":53}},"1015":{"start":{"line":2531,"column":8},"end":{"line":2531,"column":67}},"1016":{"start":{"line":2533,"column":8},"end":{"line":2542,"column":20}},"1017":{"start":{"line":2536,"column":29},"end":{"line":2542,"column":18}},"1018":{"start":{"line":2539,"column":42},"end":{"line":2542,"column":18}},"1019":{"start":{"line":2540,"column":20},"end":{"line":2540,"column":71}},"1020":{"start":{"line":2541,"column":20},"end":{"line":2541,"column":53}},"1021":{"start":{"line":2544,"column":8},"end":{"line":2553,"column":20}},"1022":{"start":{"line":2547,"column":29},"end":{"line":2553,"column":18}},"1023":{"start":{"line":2550,"column":42},"end":{"line":2553,"column":18}},"1024":{"start":{"line":2551,"column":20},"end":{"line":2551,"column":72}},"1025":{"start":{"line":2552,"column":20},"end":{"line":2552,"column":53}},"1026":{"start":{"line":2558,"column":8},"end":{"line":2558,"column":78}},"1027":{"start":{"line":2560,"column":8},"end":{"line":2563,"column":11}},"1028":{"start":{"line":2565,"column":8},"end":{"line":2578,"column":20}},"1029":{"start":{"line":2568,"column":37},"end":{"line":2578,"column":18}},"1030":{"start":{"line":2573,"column":73},"end":{"line":2578,"column":18}},"1031":{"start":{"line":2574,"column":20},"end":{"line":2574,"column":73}},"1032":{"start":{"line":2575,"column":20},"end":{"line":2575,"column":53}},"1033":{"start":{"line":2577,"column":20},"end":{"line":2577,"column":35}},"1034":{"start":{"line":2581,"column":8},"end":{"line":2592,"column":9}},"1035":{"start":{"line":2582,"column":12},"end":{"line":2591,"column":24}},"1036":{"start":{"line":2585,"column":33},"end":{"line":2591,"column":22}},"1037":{"start":{"line":2588,"column":46},"end":{"line":2591,"column":22}},"1038":{"start":{"line":2589,"column":24},"end":{"line":2589,"column":82}},"1039":{"start":{"line":2590,"column":24},"end":{"line":2590,"column":57}},"1040":{"start":{"line":2595,"column":8},"end":{"line":2612,"column":9}},"1041":{"start":{"line":2596,"column":12},"end":{"line":2605,"column":24}},"1042":{"start":{"line":2599,"column":33},"end":{"line":2605,"column":22}},"1043":{"start":{"line":2602,"column":46},"end":{"line":2605,"column":22}},"1044":{"start":{"line":2603,"column":24},"end":{"line":2603,"column":83}},"1045":{"start":{"line":2604,"column":24},"end":{"line":2604,"column":57}},"1046":{"start":{"line":2607,"column":12},"end":{"line":2611,"column":15}},"1047":{"start":{"line":2617,"column":8},"end":{"line":2617,"column":66}},"1048":{"start":{"line":2619,"column":8},"end":{"line":2628,"column":20}},"1049":{"start":{"line":2622,"column":29},"end":{"line":2628,"column":18}},"1050":{"start":{"line":2625,"column":42},"end":{"line":2628,"column":18}},"1051":{"start":{"line":2626,"column":20},"end":{"line":2626,"column":103}},"1052":{"start":{"line":2627,"column":20},"end":{"line":2627,"column":53}},"1053":{"start":{"line":2635,"column":22},"end":{"line":2635,"column":52}},"1054":{"start":{"line":2638,"column":8},"end":{"line":2642,"column":9}},"1055":{"start":{"line":2639,"column":12},"end":{"line":2639,"column":50}},"1056":{"start":{"line":2641,"column":12},"end":{"line":2641,"column":48}},"1057":{"start":{"line":2644,"column":8},"end":{"line":2644,"column":35}},"1058":{"start":{"line":2645,"column":8},"end":{"line":2645,"column":61}},"1059":{"start":{"line":2646,"column":8},"end":{"line":2646,"column":44}},"1060":{"start":{"line":2647,"column":8},"end":{"line":2647,"column":52}}},"fnMap":{"0":{"name":"(anonymous_0)","decl":{"start":{"line":159,"column":4},"end":{"line":159,"column":null}},"loc":{"start":{"line":164,"column":28},"end":{"line":171,"column":5}}},"1":{"name":"(anonymous_1)","decl":{"start":{"line":173,"column":4},"end":{"line":173,"column":10}},"loc":{"start":{"line":173,"column":10},"end":{"line":214,"column":5}}},"2":{"name":"(anonymous_2)","decl":{"start":{"line":199,"column":47},"end":{"line":199,"column":50}},"loc":{"start":{"line":199,"column":52},"end":{"line":202,"column":9}}},"3":{"name":"(anonymous_3)","decl":{"start":{"line":210,"column":48},"end":{"line":210,"column":51}},"loc":{"start":{"line":210,"column":53},"end":{"line":213,"column":9}}},"4":{"name":"(anonymous_4)","decl":{"start":{"line":216,"column":4},"end":{"line":216,"column":11}},"loc":{"start":{"line":216,"column":11},"end":{"line":219,"column":5}}},"5":{"name":"(anonymous_5)","decl":{"start":{"line":230,"column":4},"end":{"line":230,"column":16}},"loc":{"start":{"line":230,"column":78},"end":{"line":235,"column":5}}},"6":{"name":"(anonymous_6)","decl":{"start":{"line":237,"column":4},"end":{"line":237,"column":10}},"loc":{"start":{"line":237,"column":10},"end":{"line":267,"column":5}}},"7":{"name":"(anonymous_7)","decl":{"start":{"line":264,"column":46},"end":{"line":264,"column":49}},"loc":{"start":{"line":264,"column":51},"end":{"line":266,"column":9}}},"8":{"name":"(anonymous_8)","decl":{"start":{"line":269,"column":4},"end":{"line":269,"column":11}},"loc":{"start":{"line":269,"column":11},"end":{"line":272,"column":5}}},"9":{"name":"(anonymous_9)","decl":{"start":{"line":285,"column":4},"end":{"line":285,"column":null}},"loc":{"start":{"line":291,"column":42},"end":{"line":299,"column":5}}},"10":{"name":"(anonymous_10)","decl":{"start":{"line":301,"column":4},"end":{"line":301,"column":10}},"loc":{"start":{"line":301,"column":10},"end":{"line":363,"column":5}}},"11":{"name":"(anonymous_11)","decl":{"start":{"line":330,"column":47},"end":{"line":330,"column":50}},"loc":{"start":{"line":330,"column":52},"end":{"line":336,"column":9}}},"12":{"name":"(anonymous_12)","decl":{"start":{"line":339,"column":42},"end":{"line":339,"column":43}},"loc":{"start":{"line":339,"column":48},"end":{"line":349,"column":9}}},"13":{"name":"(anonymous_13)","decl":{"start":{"line":357,"column":47},"end":{"line":357,"column":50}},"loc":{"start":{"line":357,"column":52},"end":{"line":359,"column":9}}},"14":{"name":"(anonymou
[...]
12,"column":54},"end":{"line":2212,"column":83}}]},"234":{"loc":{"start":{"line":2217,"column":24},"end":{"line":2223,"column":25}},"type":"if","locations":[{"start":{"line":2217,"column":24},"end":{"line":2223,"column":25}},{"start":{"line":2220,"column":31},"end":{"line":2223,"column":25}}]},"235":{"loc":{"start":{"line":2217,"column":28},"end":{"line":2217,"column":100}},"type":"binary-expr","locations":[{"start":{"line":2217,"column":28},"end":{"line":2217,"column":59}},{"start":{"line":2217,"column":63},"end":{"line":2217,"column":100}}]},"236":{"loc":{"start":{"line":2229,"column":16},"end":{"line":2231,"column":17}},"type":"if","locations":[{"start":{"line":2229,"column":16},"end":{"line":2231,"column":17}}]},"237":{"loc":{"start":{"line":2229,"column":20},"end":{"line":2229,"column":77}},"type":"binary-expr","locations":[{"start":{"line":2229,"column":20},"end":{"line":2229,"column":36}},{"start":{"line":2229,"column":40},"end":{"line":2229,"column":77}}]},"238":{"loc":{"start":{"line":2237,"column":12},"end":{"line":2240,"column":13}},"type":"if","locations":[{"start":{"line":2237,"column":12},"end":{"line":2240,"column":13}}]},"239":{"loc":{"start":{"line":2239,"column":16},"end":{"line":2239,"column":66}},"type":"if","locations":[{"start":{"line":2239,"column":16},"end":{"line":2239,"column":66}}]},"240":{"loc":{"start":{"line":2257,"column":8},"end":{"line":2259,"column":9}},"type":"if","locations":[{"start":{"line":2257,"column":8},"end":{"line":2259,"column":9}}]},"241":{"loc":{"start":{"line":2262,"column":8},"end":{"line":2264,"column":9}},"type":"if","locations":[{"start":{"line":2262,"column":8},"end":{"line":2264,"column":9}}]},"242":{"loc":{"start":{"line":2268,"column":30},"end":{"line":2268,"column":79}},"type":"binary-expr","locations":[{"start":{"line":2268,"column":30},"end":{"line":2268,"column":66}},{"start":{"line":2268,"column":70},"end":{"line":2268,"column":79}}]},"243":{"loc":{"start":{"line":2273,"column":12},"end":{"line":2275,"column":13}},"type":"if","locations":[{"start":{"line":2273,"column":12},"end":{"line":2275,"column":13}}]},"244":{"loc":{"start":{"line":2287,"column":12},"end":{"line":2300,"column":13}},"type":"if","locations":[{"start":{"line":2287,"column":12},"end":{"line":2300,"column":13}}]},"245":{"loc":{"start":{"line":2287,"column":16},"end":{"line":2287,"column":59}},"type":"binary-expr","locations":[{"start":{"line":2287,"column":16},"end":{"line":2287,"column":26}},{"start":{"line":2287,"column":30},"end":{"line":2287,"column":59}}]},"246":{"loc":{"start":{"line":2290,"column":16},"end":{"line":2292,"column":17}},"type":"if","locations":[{"start":{"line":2290,"column":16},"end":{"line":2292,"column":17}}]},"247":{"loc":{"start":{"line":2295,"column":16},"end":{"line":2297,"column":17}},"type":"if","locations":[{"start":{"line":2295,"column":16},"end":{"line":2297,"column":17}}]},"248":{"loc":{"start":{"line":2314,"column":12},"end":{"line":2316,"column":13}},"type":"if","locations":[{"start":{"line":2314,"column":12},"end":{"line":2316,"column":13}}]},"249":{"loc":{"start":{"line":2334,"column":8},"end":{"line":2336,"column":9}},"type":"if","locations":[{"start":{"line":2334,"column":8},"end":{"line":2336,"column":9}}]},"250":{"loc":{"start":{"line":2339,"column":8},"end":{"line":2339,"column":29}},"type":"if","locations":[{"start":{"line":2339,"column":8},"end":{"line":2339,"column":29}}]},"251":{"loc":{"start":{"line":2347,"column":12},"end":{"line":2349,"column":13}},"type":"if","locations":[{"start":{"line":2347,"column":12},"end":{"line":2349,"column":13}}]},"252":{"loc":{"start":{"line":2353,"column":12},"end":{"line":2375,"column":13}},"type":"if","locations":[{"start":{"line":2353,"column":12},"end":{"line":2375,"column":13}}]},"253":{"loc":{"start":{"line":2356,"column":16},"end":{"line":2363,"column":17}},"type":"if","locations":[{"start":{"line":2356,"column":16},"end":{"line":2363,"column":17}}]},"254":{"loc":{"start":{"line":2358,"column":20},"end":{"line":2360,"column":21}},"type":"if","locations":[{"start":{"line":2358,"column":20},"end":{"line":2360,"column":21}}]},"255":{"loc":{"start":{"line":2475,"column":65},"end":{"line":2475,"column":82}},"type":"binary-expr","locations":[{"start":{"line":2475,"column":65},"end":{"line":2475,"column":70}},{"start":{"line":2475,"column":74},"end":{"line":2475,"column":82}}]},"256":{"loc":{"start":{"line":2486,"column":64},"end":{"line":2486,"column":75}},"type":"binary-expr","locations":[{"start":{"line":2486,"column":64},"end":{"line":2486,"column":69}},{"start":{"line":2486,"column":73},"end":{"line":2486,"column":75}}]},"257":{"loc":{"start":{"line":2500,"column":26},"end":{"line":2500,"column":68}},"type":"binary-expr","locations":[{"start":{"line":2500,"column":26},"end":{"line":2500,"column":62}},{"start":{"line":2500,"column":66},"end":{"line":2500,"column":68}}]},"258":{"loc":{"start":{"line":2502,"column":59},"end":{"line":2502,"column":70}},"type":"binary-expr","locations":[{"start":{"line":2502,"column":59},"end":{"line":2502,"column":64}},{"start":{"line":2502,"column":68},"end":{"line":2502,"column":70}}]},"259":{"loc":{"start":{"line":2511,"column":26},"end":{"line":2511,"column":71}},"type":"binary-expr","locations":[{"start":{"line":2511,"column":26},"end":{"line":2511,"column":65}},{"start":{"line":2511,"column":69},"end":{"line":2511,"column":71}}]},"260":{"loc":{"start":{"line":2513,"column":62},"end":{"line":2513,"column":73}},"type":"binary-expr","locations":[{"start":{"line":2513,"column":62},"end":{"line":2513,"column":67}},{"start":{"line":2513,"column":71},"end":{"line":2513,"column":73}}]},"261":{"loc":{"start":{"line":2522,"column":26},"end":{"line":2522,"column":69}},"type":"binary-expr","locations":[{"start":{"line":2522,"column":26},"end":{"line":2522,"column":63}},{"start":{"line":2522,"column":67},"end":{"line":2522,"column":69}}]},"262":{"loc":{"start":{"line":2524,"column":60},"end":{"line":2524,"column":71}},"type":"binary-expr","locations":[{"start":{"line":2524,"column":60},"end":{"line":2524,"column":65}},{"start":{"line":2524,"column":69},"end":{"line":2524,"column":71}}]},"263":{"loc":{"start":{"line":2581,"column":8},"end":{"line":2592,"column":9}},"type":"if","locations":[{"start":{"line":2581,"column":8},"end":{"line":2592,"column":9}}]},"264":{"loc":{"start":{"line":2595,"column":8},"end":{"line":2612,"column":9}},"type":"if","locations":[{"start":{"line":2595,"column":8},"end":{"line":2612,"column":9}}]},"265":{"loc":{"start":{"line":2626,"column":60},"end":{"line":2626,"column":102}},"type":"binary-expr","locations":[{"start":{"line":2626,"column":60},"end":{"line":2626,"column":65}},{"start":{"line":2626,"column":69},"end":{"line":2626,"column":102}}]},"266":{"loc":{"start":{"line":2638,"column":8},"end":{"line":2642,"column":9}},"type":"if","locations":[{"start":{"line":2638,"column":8},"end":{"line":2642,"column":9}},{"start":{"line":2640,"column":15},"end":{"line":2642,"column":9}}]}},"s":{"0":1,"1":1,"2":1,"3":1,"4":2,"5":2,"6":2,"7":2,"8":2,"9":2,"10":2,"11":2,"12":2,"13":2,"14":2,"15":2,"16":2,"17":2,"18":2,"19":2,"20":2,"21":2,"22":0,"23":0,"24":2,"25":2,"26":2,"27":2,"28":0,"29":0,"30":0,"31":0,"32":1,"33":1,"34":1,"35":1,"36":1,"37":1,"38":1,"39":1,"40":1,"41":1,"42":1,"43":1,"44":1,"45":1,"46":1,"47":1,"48":1,"49":1,"50":1,"51":0,"52":0,"53":0,"54":5,"55":5,"56":5,"57":5,"58":5,"59":5,"60":5,"61":5,"62":5,"63":5,"64":5,"65":5,"66":5,"67":5,"68":5,"69":5,"70":5,"71":5,"72":5,"73":5,"74":5,"75":5,"76":0,"77":0,"78":0,"79":0,"80":5,"81":0,"82":0,"83":0,"84":0,"85":0,"86":0,"87":0,"88":5,"89":5,"90":5,"91":5,"92":5,"93":0,"94":5,"95":0,"96":0,"97":0,"98":1,"99":1,"100":1,"101":1,"102":1,"103":1,"104":1,"105":1,"106":1,"107":1,"108":1,"109":1,"110":1,"111":1,"112":2,"113":2,"114":2,"115":0,"116":0,"117":1,"118":1,"119":1,"120":1,"121":1,"122":0,"123":0,"124":0,"125":0,"126":1,"127":1,"128":1,"129":1,"130":1,"131":1,"132":1,"133":1,"134":1,"135":1,"136":1,"137":1,"138":1,"139":0,"140":0,"141":0,"142":0,"143":1,"144":1,"145":1,"146":1,"147":1,"148":1,"149":0,"150":1,"151":1,"152":1,"153":1,"154":0,"155":1,"156":0,"157":0,"158":0,"159":0,"160":0,"161":0,"162":0,"163":4,"164":4,"165":4,"166":4,"167":4,"168":4,"169":4,"170":4,"171":4,"172":2,"173":2,"174":2,"175":2,"176":2,"177":2,"178":2,"179":2,"180":0,"181":0,"182":2,"183":0,"184":2,"185":0,"186":2,"187":4,"188":4,"189":4,"190":4,"191":0,"192":0,"193":4,"194":0,"195":4,"196":0,"197":4,"198":4,"199":4,"200":0,"201":4,"202":4,"203":1,"204":3,"205":3,"206":0,"207":3,"208":3,"209":4,"210":5,"211":4,"212":1,"213":1,"214":3,"215":3,"216":2,"217":0,"218":0,"219":230,"220":230,"221":230,"222":230,"223":230,"224":230,"225":230,"226":26,"227":26,"228":26,"229":26,"230":26,"231":1,"232":26,"233":1,"234":26,"235":1,"236":26,"237":1,"238":26,"239":1,"240":26,"241":1,"242":26,"243":3,"244":1,"245":2,"246":1,"247":1,"248":1,"249":1,"250":1,"251":26,"252":3,"253":1,"254":2,"255":1,"256":1,"257":1,"258":1,"259":1,"260":1,"261":1,"262":1,"263":1,"264":1,"265":26,"266":4,"267":1,"268":3,"269":1,"270":26,"271":1,"272":1,"273":1,"274":1,"275":27,"276":27,"277":28,"278":28,"279":1,"280":1,"281":10,"282":10,"283":6,"284":4,"285":48,"286":4,"287":44,"288":44,"289":23,"290":21,"291":4,"292":4,"293":2,"294":2,"295":4,"296":6,"297":4,"298":3,"299":4,"300":3,"301":3,"302":3,"303":3,"304":2,"305":3,"306":3,"307":3,"308":3,"309":1,"310":2,"311":2,"312":2,"313":2,"314":1,"315":2,"316":3,"317":6,"318":6,"319":6,"320":5,"321":5,"322":5,"323":6,"324":6,"325":2,"326":2,"327":2,"328":2,"329":6,"330":56,"331":56,"332":3,"333":53,"334":53,"335":53,"336":219,"337":256,"338":1,"339":256,"340":256,"341":69,"342":69,"343":69,"344":118,"345":118,"346":99,"347":99,"348":99,"349":19,"350":19,"351":17,"352":17,"353":17,"354":2,"355":67,"356":2,"357":65,"358":37,"359":2,"360":35,"361":35,"362":1,"363":34,"364":17,"365":16,"366":1,"367":17,"368":17,"369":17,"370":17,"371":17,"372":21,"373":21,"374":19,"375":2,"376":19,"377":2,"378":17,"379":25,"380":3,"381":22,"382":4,"383":18,"384":1,"385":17,"386":2,"387":15,"388":15,"389":0,"390":15,"391":15,"392":10,"393":10,"394":10,"395":6,"396":4,"397":0,"398":15,"399":13,"400":13,"401":3,"402":10,"403":10,"404":4,"405":6,"406":100,"407":100,"408":120,"409":120,"410":67,"411":33,"412":18,"413":18,"414":1,"415":17,"416":5,"417":5,"418":2,"419":3,"420":3,"421":4,"422":1,"423":3,"424":3,"425":1,"426":1,"427":8,"428":8,"429":1,"430":7,"431":7,"432":6,"433":6,"434":6,"435":6,"436":6,"437":12,"438":5,"439":5,"440":6,"441":1,"442":5,"443":5,"444":5,"445":5,"446":5,"447":14,"448":4,"449":10,"450":10,"451":4,"452":4,"453":4,"454":10,"455":10,"456":1,"457":1,"458":1,"459":5,"460":2,"461":3,"462":3,"463":1,"464":22,"465":7,"466":7,"467":8,"468":8,"469":7,"470":7,"471":15,"472":7,"473":7,"474":8,"475":8,"476":1,"477":7,"478":7,"479":4,"480":4,"481":28,"482":28,"483":28,"484":28,"485":4,"486":3,"487":3,"488":2,"489":2,"490":2,"491":2,"492":3,"493":3,"494":11,"495":2,"496":9,"497":9,"498":6,"499":6,"500":6,"501":9,"502":9,"503":27,"504":27,"505":27,"506":8,"507":20,"508":20,"509":11,"510":8,"511":19,"512":62,"513":62,"514":41,"515":19,"516":4,"517":2,"518":2,"519":26,"520":0,"521":26,"522":2,"523":2,"524":2,"525":2,"526":2,"527":2,"528":1,"529":1,"530":1,"531":1,"532":1,"533":9,"534":9,"535":9,"536":9,"537":7,"538":7,"539":3,"540":3,"541":1,"542":2,"543":2,"544":1,"545":1,"546":5,"547":1,"548":4,"549":4,"550":3,"551":3,"552":1,"553":1,"554":0,"555":22,"556":22,"557":1,"558":21,"559":1,"560":20,"561":24,"562":24,"563":20,"564":4,"565":4,"566":1,"567":0,"568":1,"569":3,"570":3,"571":2,"572":1,"573":1,"574":1,"575":1,"576":2,"577":2,"578":0,"579":2,"580":5,"581":5,"582":1,"583":0,"584":1,"585":4,"586":4,"587":1,"588":0,"589":1,"590":3,"591":3,"592":2,"593":1,"594":1,"595":1,"596":1,"597":2,"598":2,"599":0,"600":2,"601":9,"602":9,"603":1,"604":0,"605":1,"606":8,"607":8,"608":2,"609":0,"610":2,"611":6,"612":6,"613":0,"614":0,"615":0,"616":6,"617":6,"618":6,"619":3,"620":2,"621":1,"622":2,"623":3,"624":1,"625":1,"626":1,"627":1,"628":2,"629":2,"630":2,"631":1,"632":1,"633":1,"634":1,"635":1,"636":2,"637":2,"638":1,"639":2,"640":18,"641":1,"642":1,"643":0,"644":0,"645":12,"646":12,"647":3,"648":3,"649":9,"650":9,"651":9,"652":1,"653":1,"654":8,"655":8,"656":2,"657":2,"658":6,"659":4,"660":4,"661":2,"662":2,"663":2,"664":4,"665":4,"666":7,"667":7,"668":2,"669":2,"670":5,"671":5,"672":1,"673":1,"674":4,"675":4,"676":4,"677":1,"678":3,"679":9,"680":9,"681":2,"682":2,"683":7,"684":7,"685":7,"686":1,"687":1,"688":6,"689":6,"690":6,"691":2,"692":2,"693":1,"694":1,"695":1,"696":5,"697":5,"698":1,"699":4,"700":2,"701":2,"702":2,"703":2,"704":5,"705":0,"706":0,"707":0,"708":0,"709":0,"710":0,"711":0,"712":0,"713":0,"714":0,"715":0,"716":0,"717":0,"718":8,"719":8,"720":8,"721":8,"722":8,"723":8,"724":8,"725":8,"726":6,"727":6,"728":6,"729":6,"730":6,"731":6,"732":6,"733":6,"734":6,"735":2,"736":2,"737":2,"738":1,"739":8,"740":1,"741":1,"742":1,"743":10,"744":10,"745":10,"746":10,"747":10,"748":8,"749":8,"750":8,"751":8,"752":8,"753":8,"754":8,"755":3,"756":2,"757":2,"758":1,"759":10,"760":3,"761":23,"762":9,"763":9,"764":7,"765":2,"766":2,"767":2,"768":1,"769":1,"770":1,"771":1,"772":1,"773":1,"774":1,"775":1,"776":1,"777":1,"778":4,"779":0,"780":0,"781":7,"782":7,"783":1,"784":6,"785":6,"786":6,"787":6,"788":6,"789":6,"790":6,"791":4,"792":4,"793":4,"794":1,"795":4,"796":4,"797":4,"798":2,"799":2,"800":2,"801":1,"802":6,"803":1,"804":1,"805":1,"806":0,"807":1,"808":0,"809":0,"810":0,"811":0,"812":0,"813":0,"814":0,"815":8,"816":8,"817":2,"818":6,"819":6,"820":2,"821":2,"822":4,"823":2,"824":0,"825":0,"826":0,"827":2,"828":4,"829":4,"830":4,"831":18,"832":18,"833":18,"834":18,"835":18,"836":4,"837":18,"838":2,"839":21,"840":21,"841":21,"842":21,"843":21,"844":21,"845":21,"846":4,"847":21,"848":2,"849":23,"850":23,"851":5,"852":18,"853":2,"854":16,"855":2,"856":14,"857":52,"858":52,"859":1,"860":51,"861":51,"862":51,"863":49,"864":49,"865":49,"866":49,"867":59,"868":10,"869":10,"870":49,"871":10,"872":10,"873":10,"874":10,"875":10,"876":19,"877":19,"878":7,"879":7,"880":12,"881":2,"882":12,"883":1,"884":10,"885":1,"886":9,"887":9,"888":8,"889":9,"890":1,"891":8,"892":7,"893":1,"894":39,"895":3,"896":39,"897":2,"898":2,"899":1,"900":1,"901":0,"902":2,"903":51,"904":5,"905":1,"906":4,"907":1,"908":3,"909":3,"910":3,"911":3,"912":3,"913":3,"914":3,"915":3,"916":3,"917":3,"918":6,"919":3,"920":3,"921":1,"922":2,"923":1,"924":1,"925":3,"926":3,"927":3,"928":3,"929":3,"930":2,"931":3,"932":1,"933":10,"934":1,"935":9,"936":9,"937":2,"938":7,"939":7,"940":7,"941":7,"942":6,"943":7,"944":7,"945":6,"946":2,"947":2,"948":1,"949":6,"950":6,"951":6,"952":6,"953":6,"954":1,"955":7,"956":1,"957":1,"958":26,"959":26,"960":8,"961":8,"962":8,"963":8,"964":8,"965":8,"966":2,"967":2,"968":2,"969":8,"970":8,"971":2,"972":2,"973":2,"974":8,"975":8,"976":2,"977":2,"978":2,"979":8,"980":8,"981":8,"982":2,"983":2,"984":2,"985":2,"986":8,"987":8,"988":8,"989":8,"990":8,"991":2,"992":2,"993":2,"994":8,"995":8,"996":2,"997":2,"998":2,"999":8,"1000":8,"1001":8,"1002":2,"1003":2,"1004":2,"1005":8,"1006":8,"1007":2,"1008":2,"1009":2,"1010":8,"1011":8,"1012":2,"1013":2,"1014":2,"1015":8,"1016":8,"1017":8,"1018":2,"1019":2,"1020":2,"1021":8,"1022":8,"1023":2,"1024":2,"1025":2,"1026":8,"1027":8,"1028":8,"1029":8,"1030":2,"1031":2,"1032":2,"1033":2,"1034":8,"1035":1,"1036":1,"1037":0,"1038":0,"1039":0,"1040":8,"1041":1,"1042":1,"1043":0,"1044":0,"1045":0,"1046":1,"1047":8,"1048":8,"1049":8,"1050":2,"1051":2,"1052":2,"1053":10,"1054":10,"1055":2,"1056":8,"1057":10,"1058":10,"1059":10,"1060":10},"f":{"0":2,"1":2,"2":0,"3":0,"4":0,"5":1,"6":1,"7":0,"8":0,"9":5,"10":5,"11":0,"12":0,"13":0,"14":0,"15":0,"16":1,"17":1,"18":0,"19":0,"20":0,"21":1,"22":1,"23":0,"24":0,"25":0,"26":0,"27":0,"28":0,"29":4,"30":4,"31":0,"32":0,"33":0,"34":0,"35":0,"36":0,"37":0,"38":4,"39":4,"40":2,"41":0,"42":230,"43":26,"44":26,"45":1,"46":1,"47":1,"48":1,"49":1,"50":1,"51":3,"52":3,"53":4,"54":1,"55":27,"56":27,"57":28,"58":10,"59":48,"60":44,"61":4,"62":6,"63":3,"64":4,"65":3,"66":6,"67":56,"68":219,"69":256,"70":69,"71":37,"72":17,"73":25,"74":13,"75":100,"76":18,"77":5,"78":8,"79":22,"80":8,"81":8,"82":28,"83":28,"84":2,"85":2,"86":11,"87":6,"88":6,"89":27,"90":4,"91":26,"92":2,"93":9,"94":3,"95":5,"96":22,"97":24,"98":5,"99":9,"100":18,"101":1,"102":1,"103":0,"104":0,"105":12,"106":7,"107":9,"108":0,"109":0,"110":0,"111":0,"112":0,"113":8,"114":1,"115":10,"116":3,"117":23,"118":9,"119":4,"120":0,"121":0,"122":7,"123":1,"124":1,"125":1,"126":0,"127":0,"128":0,"129":8,"130":0,"131":0,"132":0,"133":4,"134":18,"135":2,"136":21,"137":2,"138":23,"139":52,"140":5,"141":6,"142":3,"143":1,"144":10,"145":1,"146":1,"147":26,"148":8,"149":8,"150":2,"151":2,"152":8,"153":2,"154":2,"155":8,"156":2,"157":2,"158":8,"159":2,"160":2,"161":8,"162":2,"163":2,"164":8,"165":2,"166":2,"167":8,"168":2,"169":2,"170":8,"171":2,"172":2,"173":8,"174":2,"175":2,"176":8,"177":2,"178":2,"179":8,"180":2,"181":2,"182":8,"183":2,"184":2,"185":1,"186":0,"187":0,"188":1,"189":0,"190":0,"191":8,"192":2,"193":2,"194":10},"b":{"0":[0],"1":[0,0],"2":[0],"3":[0],"4":[0,0],"5":[0],"6":[0,0],"7":[0,0],"8":[0,0],"9":[0,0],"10":[0],"11":[2,2],"12":[1],"13":[0],"14":[3,3],"15":[4,1],"16":[5,4],"17":[1],"18":[1],"19":[1],"20":[1],"21":[1],"22":[1],"23":[1],"24":[1],"25":[1],"26":[1],"27":[1],"28":[3,2],"29":[6],"30":[4,44],"31":[23],"32":[44,44],"33":[4,0],"34":[2,2],"35":[4,3,2],"36":[3,0],"37":[0,3],"38":[3,3],"39":[3,0],"40":[0,3],"41":[3,3],"42":[5,4,3],"43":[1,2],"44":[3,1],"45":[1],"46":[5,0],"47":[0,5],"48":[5,5],"49":[2,0],"50":[0,2],"51":[2,2],"52":[3],"53":[53,52],"54":[1],"55":[221,35],"56":[99],"57":[17],"58":[2],"59":[2],"60":[1],"61":[17],"62":[16],"63":[17,17],"64":[19,2],"65":[2],"66":[19,2],"67":[3],"68":[25,23],"69":[4],"70":[1],"71":[2],"72":[17,16],"73":[0],"74":[6],"75":[10,9],"76":[0],"77":[4,1],"78":[3],"79":[3,0],"80":[4],"81":[67],"82":[1],"83":[2],"84":[1],"85":[1],"86":[1],"87":[5],"88":[1],"89":[4],"90":[4],"91":[1],"92":[2],"93":[7],"94":[5,2],"95":[7],"96":[7,0],"97":[1],"98":[4],"99":[28,0],"100":[2,0],"101":[1,2],"102":[2],"103":[6,0],"104":[3,6],"105":[8],"106":[11],"107":[20,20],"108":[41],"109":[62,62,60],"110":[2],"111":[0],"112":[1,1],"113":[7,0],"114":[7,6],"115":[6,1],"116":[7,1],"117":[7,0],"118":[1],"119":[1],"120":[2,1],"121":[1],"122":[0],"123":[1,21],"124":[1,20],"125":[20],"126":[1],"127":[4,3],"128":[0],"129":[1],"130":[0],"131":[1],"132":[0],"133":[1],"134":[4,3],"135":[0],"136":[1],"137":[0],"138":[1],"139":[0],"140":[1,7],"141":[8,8],"142":[1,7],"143":[8,8],"144":[2],"145":[0],"146":[0],"147":[6,6],"148":[0],"149":[3,3],"150":[6,6],"151":[1],"152":[1,2],"153":[3,3],"154":[1],"155":[1,1],"156":[2,2],"157":[1],"158":[1],"159":[3],"160":[12,10],"161":[1],"162":[2],"163":[4],"164":[2],"165":[2],"166":[7,6],"167":[1],"168":[1,3],"169":[2],"170":[9,8],"171":[1],"172":[2],"173":[1],"174":[1,4],"175":[5,1],"176":[1,4],"177":[2,2],"178":[2,0],"179":[1,1],"180":[0,0],"181":[0],"182":[0,0],"183":[0,0],"184":[0,0],"185":[8,7],"186":[0,8],"187":[8],"188":[2],"189":[1],"190":[1],"191":[3,7],"192":[3],"193":[1],"194":[7],"195":[9,3],"196":[1,1],"197":[2,1],"198":[1],"199":[1],"200":[6,0],"201":[6,0],"202":[0,6],"203":[1],"204":[2],"205":[1],"206":[0],"207":[0],"208":[2],"209":[2],"210":[2,2],"211":[4,2],"212":[4,4],"213":[3,1],"214":[4,1],"215":[4],"216":[21,20],"217":[21,13],"218":[4],"219":[5],"220":[2],"221":[2],"222":[1],"223":[49,2],"224":[10],"225":[10,39],"226":[7],"227":[2],"228":[12,11],"229":[1],"230":[1,9],"231":[17,9],"232":[1,8],"233":[9,1],"234":[7,1],"235":[8,8],"236":[3],"237":[39,39],"238":[1],"239":[0],"240":[1],"241":[1],"242":[3,0],"243":[3],"244":[3],"245":[3,3],"246":[1],"247":[1],"248":[2],"249":[1],"250":[2],"251":[6],"252":[6],"253":[2],"254":[1],"255":[2,1],"256":[2,1],"257":[8,0],"258":[2,1],"259":[8,0],"260":[2,1],"261":[8,0],"262":[2,1],"263":[1],"264":[1],"265":[2,1],"266":[2,8]}}
}
