TN:
SF:main.ts
FN:159,(anonymous_0)
FN:173,(anonymous_1)
FN:199,(anonymous_2)
FN:210,(anonymous_3)
FN:216,(anonymous_4)
FN:230,(anonymous_5)
FN:237,(anonymous_6)
FN:264,(anonymous_7)
FN:269,(anonymous_8)
FN:285,(anonymous_9)
FN:301,(anonymous_10)
FN:330,(anonymous_11)
FN:339,(anonymous_12)
FN:357,(anonymous_13)
FN:362,(anonymous_14)
FN:365,(anonymous_15)
FN:386,(anonymous_16)
FN:396,(anonymous_17)
FN:414,(anonymous_18)
FN:425,(anonymous_19)
FN:431,(anonymous_20)
FN:446,(anonymous_21)
FN:458,(anonymous_22)
FN:472,(anonymous_23)
FN:486,(anonymous_24)
FN:491,(anonymous_25)
FN:494,(anonymous_26)
FN:497,(anonymous_27)
FN:505,(anonymous_28)
FN:519,(anonymous_29)
FN:529,(anonymous_30)
FN:554,(anonymous_32)
FN:558,(anonymous_33)
FN:561,(anonymous_34)
FN:573,(anonymous_35)
FN:577,(anonymous_36)
FN:580,(anonymous_37)
FN:588,(anonymous_38)
FN:591,(anonymous_39)
FN:599,(anonymous_41)
FN:610,(anonymous_42)
FN:613,(anonymous_43)
FN:623,(anonymous_44)
FN:638,(anonymous_45)
FN:643,(anonymous_47)
FN:651,(anonymous_48)
FN:657,(anonymous_49)
FN:663,(anonymous_50)
FN:669,(anonymous_51)
FN:675,(anonymous_52)
FN:679,(anonymous_53)
FN:689,(anonymous_54)
FN:704,(anonymous_55)
FN:726,(anonymous_56)
FN:738,(anonymous_57)
FN:745,(anonymous_58)
FN:749,(anonymous_60)
FN:756,(anonymous_62)
FN:769,(anonymous_63)
FN:787,(anonymous_64)
FN:799,(anonymous_65)
FN:814,(anonymous_66)
FN:827,(anonymous_67)
FN:835,(anonymous_68)
FN:836,(anonymous_69)
FN:837,(anonymous_70)
FN:873,(anonymous_71)
FN:902,(anonymous_72)
FN:919,(anonymous_73)
FN:930,(anonymous_74)
FN:941,(anonymous_75)
FN:978,(anonymous_76)
FN:1003,(anonymous_77)
FN:1023,(anonymous_78)
FN:1078,(anonymous_79)
FN:1112,(anonymous_80)
FN:1126,(anonymous_81)
FN:1135,(anonymous_82)
FN:1170,(anonymous_83)
FN:1237,(anonymous_85)
FN:1242,(anonymous_86)
FN:1243,(anonymous_87)
FN:1264,(anonymous_88)
FN:1269,(anonymous_89)
FN:1277,(anonymous_90)
FN:1282,(anonymous_91)
FN:1291,(anonymous_92)
FN:1298,(anonymous_93)
FN:1302,(anonymous_94)
FN:1312,(anonymous_95)
FN:1340,(anonymous_96)
FN:1343,(anonymous_97)
FN:1355,(anonymous_98)
FN:1379,(anonymous_99)
FN:1400,(anonymous_100)
FN:1414,(anonymous_102)
FN:1434,(anonymous_104)
FN:1450,(anonymous_106)
FN:1487,(anonymous_108)
FN:1527,(anonymous_110)
FN:1607,(anonymous_112)
FN:1615,(anonymous_113)
FN:1616,(anonymous_114)
FN:1619,(anonymous_115)
FN:1620,(anonymous_116)
FN:1628,(anonymous_117)
FN:1667,(anonymous_119)
FN:1698,(anonymous_120)
FN:1750,(anonymous_122)
FN:1750,(anonymous_123)
FN:1770,(anonymous_124)
FN:1770,(anonymous_125)
FN:1773,(anonymous_126)
FN:1797,(anonymous_127)
FN:1842,(anonymous_129)
FN:1855,(anonymous_130)
FN:1891,(anonymous_132)
FN:1901,(anonymous_133)
FN:1903,(anonymous_134)
FN:1938,(anonymous_135)
FN:1939,(anonymous_137)
FN:1939,(anonymous_138)
FN:1947,(anonymous_139)
FN:1984,(anonymous_141)
FN:1993,(anonymous_142)
FN:1994,(anonymous_143)
FN:1999,(anonymous_144)
FN:2003,(anonymous_145)
FN:2006,(anonymous_146)
FN:2021,(anonymous_147)
FN:2037,(anonymous_149)
FN:2037,(anonymous_150)
FN:2040,(anonymous_151)
FN:2052,(anonymous_152)
FN:2065,(anonymous_154)
FN:2077,(anonymous_156)
FN:2089,(anonymous_157)
FN:2106,(anonymous_159)
FN:2116,(anonymous_160)
FN:2142,(anonymous_161)
FN:2255,(anonymous_163)
FN:2284,(anonymous_165)
FN:2307,(anonymous_166)
FN:2318,(anonymous_168)
FN:2332,(anonymous_169)
FN:2371,(anonymous_171)
FN:2377,(anonymous_172)
FN:2391,(anonymous_173)
FN:2396,(anonymous_174)
FN:2410,(anonymous_175)
FN:2412,(anonymous_176)
FN:2412,(anonymous_177)
FN:2420,(anonymous_178)
FN:2422,(anonymous_179)
FN:2422,(anonymous_180)
FN:2430,(anonymous_181)
FN:2432,(anonymous_182)
FN:2432,(anonymous_183)
FN:2445,(anonymous_184)
FN:2449,(anonymous_185)
FN:2449,(anonymous_186)
FN:2471,(anonymous_187)
FN:2474,(anonymous_188)
FN:2474,(anonymous_189)
FN:2482,(anonymous_190)
FN:2485,(anonymous_191)
FN:2485,(anonymous_192)
FN:2498,(anonymous_193)
FN:2501,(anonymous_194)
FN:2501,(anonymous_195)
FN:2509,(anonymous_196)
FN:2512,(anonymous_197)
FN:2512,(anonymous_198)
FN:2520,(anonymous_199)
FN:2523,(anonymous_200)
FN:2523,(anonymous_201)
FN:2536,(anonymous_202)
FN:2539,(anonymous_203)
FN:2539,(anonymous_204)
FN:2547,(anonymous_205)
FN:2550,(anonymous_206)
FN:2550,(anonymous_207)
FN:2568,(anonymous_208)
FN:2573,(anonymous_209)
FN:2573,(anonymous_210)
FN:2585,(anonymous_211)
FN:2588,(anonymous_212)
FN:2588,(anonymous_213)
FN:2599,(anonymous_214)
FN:2602,(anonymous_215)
FN:2602,(anonymous_216)
FN:2622,(anonymous_217)
FN:2625,(anonymous_218)
FN:2625,(anonymous_219)
FN:2634,(anonymous_220)
FNF:195
FNH:149
FNDA:2,(anonymous_0)
FNDA:2,(anonymous_1)
FNDA:0,(anonymous_2)
FNDA:0,(anonymous_3)
FNDA:0,(anonymous_4)
FNDA:1,(anonymous_5)
FNDA:1,(anonymous_6)
FNDA:0,(anonymous_7)
FNDA:0,(anonymous_8)
FNDA:5,(anonymous_9)
FNDA:5,(anonymous_10)
FNDA:0,(anonymous_11)
FNDA:0,(anonymous_12)
FNDA:0,(anonymous_13)
FNDA:0,(anonymous_14)
FNDA:0,(anonymous_15)
FNDA:1,(anonymous_16)
FNDA:1,(anonymous_17)
FNDA:0,(anonymous_18)
FNDA:0,(anonymous_19)
FNDA:0,(anonymous_20)
FNDA:1,(anonymous_21)
FNDA:1,(anonymous_22)
FNDA:0,(anonymous_23)
FNDA:0,(anonymous_24)
FNDA:0,(anonymous_25)
FNDA:0,(anonymous_26)
FNDA:0,(anonymous_27)
FNDA:0,(anonymous_28)
FNDA:4,(anonymous_29)
FNDA:4,(anonymous_30)
FNDA:0,(anonymous_32)
FNDA:0,(anonymous_33)
FNDA:0,(anonymous_34)
FNDA:0,(anonymous_35)
FNDA:0,(anonymous_36)
FNDA:0,(anonymous_37)
FNDA:0,(anonymous_38)
FNDA:4,(anonymous_39)
FNDA:4,(anonymous_41)
FNDA:2,(anonymous_42)
FNDA:0,(anonymous_43)
FNDA:230,(anonymous_44)
FNDA:26,(anonymous_45)
FNDA:26,(anonymous_47)
FNDA:1,(anonymous_48)
FNDA:1,(anonymous_49)
FNDA:1,(anonymous_50)
FNDA:1,(anonymous_51)
FNDA:1,(anonymous_52)
FNDA:1,(anonymous_53)
FNDA:3,(anonymous_54)
FNDA:3,(anonymous_55)
FNDA:4,(anonymous_56)
FNDA:1,(anonymous_57)
FNDA:27,(anonymous_58)
FNDA:27,(anonymous_60)
FNDA:28,(anonymous_62)
FNDA:10,(anonymous_63)
FNDA:48,(anonymous_64)
FNDA:44,(anonymous_65)
FNDA:4,(anonymous_66)
FNDA:6,(anonymous_67)
FNDA:3,(anonymous_68)
FNDA:4,(anonymous_69)
FNDA:3,(anonymous_70)
FNDA:6,(anonymous_71)
FNDA:56,(anonymous_72)
FNDA:219,(anonymous_73)
FNDA:256,(anonymous_74)
FNDA:69,(anonymous_75)
FNDA:37,(anonymous_76)
FNDA:17,(anonymous_77)
FNDA:25,(anonymous_78)
FNDA:13,(anonymous_79)
FNDA:100,(anonymous_80)
FNDA:18,(anonymous_81)
FNDA:5,(anonymous_82)
FNDA:8,(anonymous_83)
FNDA:22,(anonymous_85)
FNDA:8,(anonymous_86)
FNDA:8,(anonymous_87)
FNDA:28,(anonymous_88)
FNDA:28,(anonymous_89)
FNDA:2,(anonymous_90)
FNDA:2,(anonymous_91)
FNDA:11,(anonymous_92)
FNDA:6,(anonymous_93)
FNDA:6,(anonymous_94)
FNDA:27,(anonymous_95)
FNDA:4,(anonymous_96)
FNDA:26,(anonymous_97)
FNDA:2,(anonymous_98)
FNDA:9,(anonymous_99)
FNDA:3,(anonymous_100)
FNDA:5,(anonymous_102)
FNDA:22,(anonymous_104)
FNDA:24,(anonymous_106)
FNDA:5,(anonymous_108)
FNDA:9,(anonymous_110)
FNDA:18,(anonymous_112)
FNDA:1,(anonymous_113)
FNDA:1,(anonymous_114)
FNDA:0,(anonymous_115)
FNDA:0,(anonymous_116)
FNDA:12,(anonymous_117)
FNDA:7,(anonymous_119)
FNDA:9,(anonymous_120)
FNDA:0,(anonymous_122)
FNDA:0,(anonymous_123)
FNDA:0,(anonymous_124)
FNDA:0,(anonymous_125)
FNDA:0,(anonymous_126)
FNDA:8,(anonymous_127)
FNDA:1,(anonymous_129)
FNDA:10,(anonymous_130)
FNDA:3,(anonymous_132)
FNDA:23,(anonymous_133)
FNDA:9,(anonymous_134)
FNDA:4,(anonymous_135)
FNDA:0,(anonymous_137)
FNDA:0,(anonymous_138)
FNDA:7,(anonymous_139)
FNDA:1,(anonymous_141)
FNDA:1,(anonymous_142)
FNDA:1,(anonymous_143)
FNDA:0,(anonymous_144)
FNDA:0,(anonymous_145)
FNDA:0,(anonymous_146)
FNDA:8,(anonymous_147)
FNDA:0,(anonymous_149)
FNDA:0,(anonymous_150)
FNDA:0,(anonymous_151)
FNDA:4,(anonymous_152)
FNDA:18,(anonymous_154)
FNDA:2,(anonymous_156)
FNDA:21,(anonymous_157)
FNDA:2,(anonymous_159)
FNDA:23,(anonymous_160)
FNDA:52,(anonymous_161)
FNDA:5,(anonymous_163)
FNDA:6,(anonymous_165)
FNDA:3,(anonymous_166)
FNDA:1,(anonymous_168)
FNDA:10,(anonymous_169)
FNDA:1,(anonymous_171)
FNDA:1,(anonymous_172)
FNDA:26,(anonymous_173)
FNDA:8,(anonymous_174)
FNDA:8,(anonymous_175)
FNDA:2,(anonymous_176)
FNDA:2,(anonymous_177)
FNDA:8,(anonymous_178)
FNDA:2,(anonymous_179)
FNDA:2,(anonymous_180)
FNDA:8,(anonymous_181)
FNDA:2,(anonymous_182)
FNDA:2,(anonymous_183)
FNDA:8,(anonymous_184)
FNDA:2,(anonymous_185)
FNDA:2,(anonymous_186)
FNDA:8,(anonymous_187)
FNDA:2,(anonymous_188)
FNDA:2,(anonymous_189)
FNDA:8,(anonymous_190)
FNDA:2,(anonymous_191)
FNDA:2,(anonymous_192)
FNDA:8,(anonymous_193)
FNDA:2,(anonymous_194)
FNDA:2,(anonymous_195)
FNDA:8,(anonymous_196)
FNDA:2,(anonymous_197)
FNDA:2,(anonymous_198)
FNDA:8,(anonymous_199)
FNDA:2,(anonymous_200)
FNDA:2,(anonymous_201)
FNDA:8,(anonymous_202)
FNDA:2,(anonymous_203)
FNDA:2,(anonymous_204)
FNDA:8,(anonymous_205)
FNDA:2,(anonymous_206)
FNDA:2,(anonymous_207)
FNDA:8,(anonymous_208)
FNDA:2,(anonymous_209)
FNDA:2,(anonymous_210)
FNDA:1,(anonymous_211)
FNDA:0,(anonymous_212)
FNDA:0,(anonymous_213)
FNDA:1,(anonymous_214)
FNDA:0,(anonymous_215)
FNDA:0,(anonymous_216)
FNDA:8,(anonymous_217)
FNDA:2,(anonymous_218)
FNDA:2,(anonymous_219)
FNDA:10,(anonymous_220)
DA:19,1
DA:60,1
DA:65,1
DA:124,1
DA:166,2
DA:167,2
DA:168,2
DA:169,2
DA:170,2
DA:174,2
DA:175,2
DA:177,2
DA:179,2
DA:183,2
DA:188,2
DA:192,2
DA:193,2
DA:194,2
DA:195,2
DA:196,2
DA:198,2
DA:199,2
DA:200,0
DA:201,0
DA:204,2
DA:208,2
DA:209,2
DA:210,2
DA:211,0
DA:212,0
DA:217,0
DA:218,0
DA:231,1
DA:232,1
DA:233,1
DA:234,1
DA:238,1
DA:239,1
DA:241,1
DA:243,1
DA:247,1
DA:248,1
DA:250,1
DA:251,1
DA:253,1
DA:258,1
DA:259,1
DA:260,1
DA:261,1
DA:263,1
DA:264,1
DA:265,0
DA:270,0
DA:271,0
DA:293,5
DA:294,5
DA:295,5
DA:296,5
DA:297,5
DA:298,5
DA:302,5
DA:303,5
DA:305,5
DA:306,5
DA:309,5
DA:314,5
DA:315,5
DA:316,5
DA:318,5
DA:323,5
DA:324,5
DA:326,5
DA:327,5
DA:328,5
DA:329,5
DA:330,5
DA:331,0
DA:332,0
DA:333,0
DA:334,0
DA:339,5
DA:340,0
DA:341,0
DA:342,0
DA:343,0
DA:344,0
DA:346,0
DA:347,0
DA:352,5
DA:353,5
DA:354,5
DA:356,5
DA:357,5
DA:358,0
DA:362,5
DA:366,0
DA:367,0
DA:375,1
DA:391,1
DA:392,1
DA:393,1
DA:397,1
DA:398,1
DA:400,1
DA:401,1
DA:405,1
DA:406,1
DA:407,1
DA:408,1
DA:409,1
DA:411,1
DA:412,2
DA:413,2
DA:414,2
DA:415,0
DA:416,0
DA:420,1
DA:421,1
DA:422,1
DA:424,1
DA:425,1
DA:426,0
DA:427,0
DA:432,0
DA:433,0
DA:444,1
DA:452,1
DA:453,1
DA:454,1
DA:455,1
DA:459,1
DA:460,1
DA:462,1
DA:464,1
DA:468,1
DA:469,1
DA:470,1
DA:472,1
DA:473,0
DA:474,0
DA:475,0
DA:476,0
DA:480,1
DA:481,1
DA:482,1
DA:483,1
DA:485,1
DA:486,1
DA:488,1
DA:489,1
DA:490,1
DA:491,1
DA:494,1
DA:498,0
DA:499,0
DA:500,0
DA:501,0
DA:506,0
DA:507,0
DA:517,4
DA:524,4
DA:525,4
DA:526,4
DA:530,4
DA:531,4
DA:533,4
DA:536,4
DA:538,4
DA:539,2
DA:543,2
DA:544,2
DA:545,2
DA:548,2
DA:552,2
DA:553,2
DA:554,2
DA:555,0
DA:556,0
DA:558,2
DA:559,0
DA:561,2
DA:562,0
DA:566,2
DA:567,4
DA:571,4
DA:572,4
DA:573,4
DA:574,0
DA:575,0
DA:577,4
DA:578,0
DA:580,4
DA:581,0
DA:586,4
DA:587,4
DA:588,4
DA:592,4
DA:593,4
DA:595,3
DA:596,3
DA:598,3
DA:599,3
DA:600,4
DA:601,5
DA:602,4
DA:603,1
DA:604,1
DA:609,3
DA:610,3
DA:614,0
DA:615,0
DA:623,1
DA:625,230
DA:626,230
DA:627,230
DA:628,230
DA:631,230
DA:632,230
DA:636,230
DA:639,26
DA:640,26
DA:643,26
DA:644,26
DA:648,26
DA:651,1
DA:654,26
DA:657,1
DA:660,26
DA:663,1
DA:666,26
DA:669,1
DA:672,26
DA:675,1
DA:679,26
DA:680,1
DA:688,26
DA:690,3
DA:691,2
DA:692,1
DA:693,1
DA:694,1
DA:695,1
DA:696,1
DA:703,26
DA:705,3
DA:706,2
DA:707,1
DA:708,1
DA:709,1
DA:711,1
DA:712,1
DA:713,1
DA:714,1
DA:716,1
DA:717,1
DA:718,1
DA:725,26
DA:727,4
DA:728,3
DA:729,1
DA:735,26
DA:739,1
DA:740,1
DA:741,1
DA:742,1
DA:746,27
DA:750,27
DA:757,28
DA:758,28
DA:760,1
DA:761,1
DA:770,10
DA:771,10
DA:772,4
DA:788,48
DA:789,4
DA:791,44
DA:800,44
DA:801,23
DA:803,21
DA:815,4
DA:819,4
DA:820,2
DA:823,2
DA:827,6
DA:829,4
DA:836,4
DA:837,3
DA:840,3
DA:841,3
DA:844,2
DA:848,3
DA:849,3
DA:851,3
DA:852,3
DA:854,1
DA:857,2
DA:858,2
DA:861,2
DA:862,1
DA:864,2
DA:867,3
DA:874,6
DA:877,6
DA:879,6
DA:880,5
DA:881,5
DA:882,5
DA:886,6
DA:887,6
DA:888,2
DA:890,2
DA:891,2
DA:892,2
DA:895,6
DA:904,56
DA:905,56
DA:906,3
DA:910,53
DA:911,53
DA:913,53
DA:920,219
DA:931,256
DA:932,1
DA:934,256
DA:935,256
DA:942,69
DA:943,69
DA:945,69
DA:947,118
DA:948,118
DA:949,99
DA:950,99
DA:951,99
DA:955,19
DA:956,19
DA:957,17
DA:958,17
DA:959,17
DA:963,2
DA:966,67
DA:967,2
DA:970,65
DA:980,37
DA:981,2
DA:984,35
DA:985,35
DA:987,34
DA:989,17
DA:990,16
DA:992,1
DA:996,17
DA:997,17
DA:1004,17
DA:1005,17
DA:1006,21
DA:1007,21
DA:1009,19
DA:1010,2
DA:1012,19
DA:1014,2
DA:1017,17
DA:1024,25
DA:1025,3
DA:1029,22
DA:1030,4
DA:1037,18
DA:1038,1
DA:1042,17
DA:1043,2
DA:1047,15
DA:1048,15
DA:1049,0
DA:1053,15
DA:1054,10
DA:1055,10
DA:1058,10
DA:1060,6
DA:1064,4
DA:1065,0
DA:1072,15
DA:1079,13
DA:1081,13
DA:1082,3
DA:1091,10
DA:1092,10
DA:1093,4
DA:1101,6
DA:1113,100
DA:1114,100
DA:1115,120
DA:1116,120
DA:1117,67
DA:1120,33
DA:1127,18
DA:1128,18
DA:1129,17
DA:1136,5
DA:1137,5
DA:1139,3
DA:1140,3
DA:1141,4
DA:1143,3
DA:1144,3
DA:1145,1
DA:1151,1
DA:1171,8
DA:1172,8
DA:1173,1
DA:1176,7
DA:1177,7
DA:1178,6
DA:1181,6
DA:1185,6
DA:1186,6
DA:1187,12
DA:1188,5
DA:1189,5
DA:1193,6
DA:1194,1
DA:1198,5
DA:1200,5
DA:1201,5
DA:1203,5
DA:1205,14
DA:1208,10
DA:1209,10
DA:1210,4
DA:1211,4
DA:1213,10
DA:1214,10
DA:1215,1
DA:1216,1
DA:1220,5
DA:1222,2
DA:1225,3
DA:1226,3
DA:1228,1
DA:1239,22
DA:1240,7
DA:1241,7
DA:1242,8
DA:1243,8
DA:1244,7
DA:1245,7
DA:1249,15
DA:1250,7
DA:1251,7
DA:1254,8
DA:1255,8
DA:1257,7
DA:1260,7
DA:1262,4
DA:1263,4
DA:1265,28
DA:1266,28
DA:1267,28
DA:1269,28
DA:1271,4
DA:1275,3
DA:1276,3
DA:1278,2
DA:1279,2
DA:1280,2
DA:1282,2
DA:1284,3
DA:1285,3
DA:1292,11
DA:1293,2
DA:1296,9
DA:1297,9
DA:1299,6
DA:1300,6
DA:1302,6
DA:1304,9
DA:1305,9
DA:1313,27
DA:1314,27
DA:1317,27
DA:1318,8
DA:1319,20
DA:1320,20
DA:1321,11
DA:1324,8
DA:1327,19
DA:1328,62
DA:1329,62
DA:1330,41
DA:1334,19
DA:1341,4
DA:1343,2
DA:1344,26
DA:1345,26
DA:1348,2
DA:1349,2
DA:1356,2
DA:1357,2
DA:1359,2
DA:1360,2
DA:1361,1
DA:1362,1
DA:1364,1
DA:1365,1
DA:1369,1
DA:1380,9
DA:1381,9
DA:1382,9
DA:1385,9
DA:1386,7
DA:1388,7
DA:1401,3
DA:1402,3
DA:1404,2
DA:1405,2
DA:1406,1
DA:1408,1
DA:1415,5
DA:1417,4
DA:1418,4
DA:1419,3
DA:1420,3
DA:1422,1
DA:1423,1
DA:1424,0
DA:1435,22
DA:1437,22
DA:1438,1
DA:1439,21
DA:1440,1
DA:1443,20
DA:1451,24
DA:1453,24
DA:1454,20
DA:1457,4
DA:1459,4
DA:1460,1
DA:1461,0
DA:1463,1
DA:1466,3
DA:1467,3
DA:1468,2
DA:1469,1
DA:1471,1
DA:1472,1
DA:1474,1
DA:1476,2
DA:1477,2
DA:1478,0
DA:1480,2
DA:1488,5
DA:1490,5
DA:1491,1
DA:1492,0
DA:1494,1
DA:1497,4
DA:1499,4
DA:1500,1
DA:1501,0
DA:1503,1
DA:1506,3
DA:1507,3
DA:1508,2
DA:1509,1
DA:1511,1
DA:1512,1
DA:1514,1
DA:1516,2
DA:1517,2
DA:1518,0
DA:1520,2
DA:1528,9
DA:1530,9
DA:1531,1
DA:1532,0
DA:1534,1
DA:1538,8
DA:1540,8
DA:1541,2
DA:1542,0
DA:1544,2
DA:1547,6
DA:1549,6
DA:1550,0
DA:1551,0
DA:1553,0
DA:1556,6
DA:1558,6
DA:1560,6
DA:1561,3
DA:1563,2
DA:1564,1
DA:1566,2
DA:1567,3
DA:1569,1
DA:1571,1
DA:1572,1
DA:1574,1
DA:1577,2
DA:1578,2
DA:1580,2
DA:1581,1
DA:1583,1
DA:1584,1
DA:1586,1
DA:1588,1
DA:1592,2
DA:1593,2
DA:1594,1
DA:1596,2
DA:1608,18
DA:1616,1
DA:1617,1
DA:1619,0
DA:1620,0
DA:1629,12
DA:1630,12
DA:1631,3
DA:1632,3
DA:1635,9
DA:1636,9
DA:1638,9
DA:1639,1
DA:1640,1
DA:1643,8
DA:1644,8
DA:1645,2
DA:1646,2
DA:1651,6
DA:1652,4
DA:1653,4
DA:1654,2
DA:1655,2
DA:1657,2
DA:1660,4
DA:1661,4
DA:1668,7
DA:1669,7
DA:1670,2
DA:1671,2
DA:1674,5
DA:1675,5
DA:1676,1
DA:1677,1
DA:1680,4
DA:1681,4
DA:1683,4
DA:1684,1
DA:1686,3
DA:1699,9
DA:1700,9
DA:1701,2
DA:1702,2
DA:1705,7
DA:1706,7
DA:1707,7
DA:1708,1
DA:1709,1
DA:1713,6
DA:1714,6
DA:1719,6
DA:1720,2
DA:1721,2
DA:1722,1
DA:1723,1
DA:1725,1
DA:1729,5
DA:1734,5
DA:1735,1
DA:1736,4
DA:1737,2
DA:1739,2
DA:1740,2
DA:1741,2
DA:1744,5
DA:1750,0
DA:1753,0
DA:1754,0
DA:1756,0
DA:1757,0
DA:1758,0
DA:1763,0
DA:1765,0
DA:1766,0
DA:1770,0
DA:1771,0
DA:1774,0
DA:1778,0
DA:1798,8
DA:1799,8
DA:1800,8
DA:1804,8
DA:1806,8
DA:1807,8
DA:1808,8
DA:1812,8
DA:1815,6
DA:1816,6
DA:1819,6
DA:1822,6
DA:1823,6
DA:1826,6
DA:1827,6
DA:1830,6
DA:1832,6
DA:1833,2
DA:1836,2
DA:1837,2
DA:1838,1
DA:1842,8
DA:1843,1
DA:1844,1
DA:1845,1
DA:1856,10
DA:1857,10
DA:1861,10
DA:1863,10
DA:1865,10
DA:1868,8
DA:1869,8
DA:1872,8
DA:1875,8
DA:1876,8
DA:1879,8
DA:1881,8
DA:1882,3
DA:1885,2
DA:1886,2
DA:1887,1
DA:1891,10
DA:1892,3
DA:1903,23
DA:1904,9
DA:1905,9
DA:1907,2
DA:1914,2
DA:1915,2
DA:1916,1
DA:1919,1
DA:1920,1
DA:1921,1
DA:1922,1
DA:1923,1
DA:1924,1
DA:1925,1
DA:1929,1
DA:1930,1
DA:1939,4
DA:1940,0
DA:1948,7
DA:1949,7
DA:1951,6
DA:1952,6
DA:1953,6
DA:1954,6
DA:1956,6
DA:1958,6
DA:1960,6
DA:1963,4
DA:1964,4
DA:1966,4
DA:1967,1
DA:1970,4
DA:1973,4
DA:1975,4
DA:1976,2
DA:1979,2
DA:1980,2
DA:1981,1
DA:1984,6
DA:1985,1
DA:1994,1
DA:1995,1
DA:1999,0
DA:2003,1
DA:2004,0
DA:2005,0
DA:2006,0
DA:2007,0
DA:2008,0
DA:2009,0
DA:2012,0
DA:2022,8
DA:2023,8
DA:2025,6
DA:2027,6
DA:2028,2
DA:2029,2
DA:2032,4
DA:2033,2
DA:2037,0
DA:2038,0
DA:2041,0
DA:2045,2
DA:2053,4
DA:2054,4
DA:2055,4
DA:2067,18
DA:2069,18
DA:2070,18
DA:2071,18
DA:2073,18
DA:2074,4
DA:2077,18
DA:2078,2
DA:2091,21
DA:2093,21
DA:2095,21
DA:2096,21
DA:2099,21
DA:2100,21
DA:2102,21
DA:2103,4
DA:2106,21
DA:2107,2
DA:2117,23
DA:2119,23
DA:2120,5
DA:2123,18
DA:2124,2
DA:2127,16
DA:2128,2
DA:2130,14
DA:2148,52
DA:2151,52
DA:2152,1
DA:2155,51
DA:2156,51
DA:2158,51
DA:2160,49
DA:2161,49
DA:2163,49
DA:2164,59
DA:2165,10
DA:2166,10
DA:2170,49
DA:2173,10
DA:2174,10
DA:2175,10
DA:2177,10
DA:2178,19
DA:2181,19
DA:2182,7
DA:2183,7
DA:2187,12
DA:2188,2
DA:2192,12
DA:2193,1
DA:2198,10
DA:2200,1
DA:2204,9
DA:2207,9
DA:2208,8
DA:2212,9
DA:2214,1
DA:2217,8
DA:2219,7
DA:2222,1
DA:2229,39
DA:2230,3
DA:2232,39
DA:2236,2
DA:2237,2
DA:2238,1
DA:2239,1
DA:2241,2
DA:2244,51
DA:2257,5
DA:2258,1
DA:2262,4
DA:2263,1
DA:2266,3
DA:2267,3
DA:2268,3
DA:2271,3
DA:2272,3
DA:2273,3
DA:2274,3
DA:2279,3
DA:2282,3
DA:2283,3
DA:2284,6
DA:2287,3
DA:2290,3
DA:2291,1
DA:2295,2
DA:2296,1
DA:2299,1
DA:2308,3
DA:2310,3
DA:2311,3
DA:2312,3
DA:2314,3
DA:2315,2
DA:2318,3
DA:2319,1
DA:2334,10
DA:2335,1
DA:2338,9
DA:2339,9
DA:2342,7
DA:2344,7
DA:2346,7
DA:2347,7
DA:2348,6
DA:2352,7
DA:2353,7
DA:2356,6
DA:2357,2
DA:2358,2
DA:2359,1
DA:2365,6
DA:2367,6
DA:2368,6
DA:2369,6
DA:2371,6
DA:2372,1
DA:2377,7
DA:2378,1
DA:2392,26
DA:2393,26
DA:2397,8
DA:2398,8
DA:2400,8
DA:2405,8
DA:2407,8
DA:2410,8
DA:2412,2
DA:2413,2
DA:2414,2
DA:2417,8
DA:2420,8
DA:2422,2
DA:2423,2
DA:2424,2
DA:2427,8
DA:2430,8
DA:2432,2
DA:2433,2
DA:2434,2
DA:2440,8
DA:2442,8
DA:2445,8
DA:2449,2
DA:2450,2
DA:2451,2
DA:2453,2
DA:2457,8
DA:2461,8
DA:2466,8
DA:2468,8
DA:2471,8
DA:2474,2
DA:2475,2
DA:2476,2
DA:2479,8
DA:2482,8
DA:2485,2
DA:2486,2
DA:2487,2
DA:2493,8
DA:2495,8
DA:2498,8
DA:2501,2
DA:2502,2
DA:2503,2
DA:2506,8
DA:2509,8
DA:2512,2
DA:2513,2
DA:2514,2
DA:2517,8
DA:2520,8
DA:2523,2
DA:2524,2
DA:2525,2
DA:2531,8
DA:2533,8
DA:2536,8
DA:2539,2
DA:2540,2
DA:2541,2
DA:2544,8
DA:2547,8
DA:2550,2
DA:2551,2
DA:2552,2
DA:2558,8
DA:2560,8
DA:2565,8
DA:2568,8
DA:2573,2
DA:2574,2
DA:2575,2
DA:2577,2
DA:2581,8
DA:2582,1
DA:2585,1
DA:2588,0
DA:2589,0
DA:2590,0
DA:2595,8
DA:2596,1
DA:2599,1
DA:2602,0
DA:2603,0
DA:2604,0
DA:2607,1
DA:2617,8
DA:2619,8
DA:2622,8
DA:2625,2
DA:2626,2
DA:2627,2
DA:2635,10
DA:2638,10
DA:2639,2
DA:2641,8
DA:2644,10
DA:2645,10
DA:2646,10
DA:2647,10
LF:1021
LH:926
BRDA:332,0,0,0
BRDA:340,1,0,0
BRDA:340,1,1,0
BRDA:342,2,0,0
BRDA:346,3,0,0
BRDA:473,4,0,0
BRDA:473,4,1,0
BRDA:475,5,0,0
BRDA:494,6,0,0
BRDA:494,6,1,0
BRDA:494,7,0,0
BRDA:494,7,1,0
BRDA:498,8,0,0
BRDA:498,8,1,0
BRDA:498,9,0,0
BRDA:498,9,1,0
BRDA:499,10,0,0
BRDA:538,11,0,2
BRDA:538,11,1,2
BRDA:593,12,0,1
BRDA:596,13,0,0
BRDA:596,14,0,3
BRDA:596,14,1,3
BRDA:601,15,0,4
BRDA:601,15,1,1
BRDA:601,16,0,5
BRDA:601,16,1,4
BRDA:603,17,0,1
BRDA:690,18,0,1
BRDA:691,19,0,1
BRDA:695,20,0,1
BRDA:705,21,0,1
BRDA:706,22,0,1
BRDA:707,23,0,1
BRDA:711,24,0,1
BRDA:717,25,0,1
BRDA:727,26,0,1
BRDA:728,27,0,1
BRDA:728,28,0,3
BRDA:728,28,1,2
BRDA:771,29,0,6
BRDA:788,30,0,4
BRDA:788,30,1,44
BRDA:800,31,0,23
BRDA:800,32,0,44
BRDA:800,32,1,44
BRDA:815,33,0,4
BRDA:815,33,1,0
BRDA:819,34,0,2
BRDA:819,34,1,2
BRDA:819,35,0,4
BRDA:819,35,1,3
BRDA:819,35,2,2
BRDA:836,36,0,3
BRDA:836,36,1,0
BRDA:836,37,0,0
BRDA:836,37,1,3
BRDA:836,38,0,3
BRDA:836,38,1,3
BRDA:837,39,0,3
BRDA:837,39,1,0
BRDA:837,40,0,0
BRDA:837,40,1,3
BRDA:837,41,0,3
BRDA:837,41,1,3
BRDA:841,42,0,5
BRDA:841,42,1,4
BRDA:841,42,2,3
BRDA:852,43,0,1
BRDA:852,43,1,2
BRDA:852,44,0,3
BRDA:852,44,1,1
BRDA:861,45,0,1
BRDA:881,46,0,5
BRDA:881,46,1,0
BRDA:881,47,0,0
BRDA:881,47,1,5
BRDA:881,48,0,5
BRDA:881,48,1,5
BRDA:891,49,0,2
BRDA:891,49,1,0
BRDA:891,50,0,0
BRDA:891,50,1,2
BRDA:891,51,0,2
BRDA:891,51,1,2
BRDA:905,52,0,3
BRDA:913,53,0,53
BRDA:913,53,1,52
BRDA:931,54,0,1
BRDA:935,55,0,221
BRDA:935,55,1,35
BRDA:948,56,0,99
BRDA:956,57,0,17
BRDA:966,58,0,2
BRDA:980,59,0,2
BRDA:985,60,0,1
BRDA:987,61,0,17
BRDA:989,62,0,16
BRDA:989,63,0,17
BRDA:989,63,1,17
BRDA:1007,64,0,19
BRDA:1007,64,1,2
BRDA:1009,65,0,2
BRDA:1009,66,0,19
BRDA:1009,66,1,2
BRDA:1024,67,0,3
BRDA:1024,68,0,25
BRDA:1024,68,1,23
BRDA:1029,69,0,4
BRDA:1037,70,0,1
BRDA:1042,71,0,2
BRDA:1042,72,0,17
BRDA:1042,72,1,16
BRDA:1048,73,0,0
BRDA:1058,74,0,6
BRDA:1058,75,0,10
BRDA:1058,75,1,9
BRDA:1064,76,0,0
BRDA:1064,77,0,4
BRDA:1064,77,1,1
BRDA:1081,78,0,3
BRDA:1086,79,0,3
BRDA:1086,79,1,0
BRDA:1092,80,0,4
BRDA:1116,81,0,67
BRDA:1128,82,0,1
BRDA:1137,83,0,2
BRDA:1141,84,0,1
BRDA:1144,85,0,1
BRDA:1172,86,0,1
BRDA:1187,87,0,5
BRDA:1193,88,0,1
BRDA:1205,89,0,4
BRDA:1211,90,0,4
BRDA:1216,91,0,1
BRDA:1220,92,0,2
BRDA:1239,93,0,7
BRDA:1244,94,0,5
BRDA:1244,94,1,2
BRDA:1249,95,0,7
BRDA:1251,96,0,7
BRDA:1251,96,1,0
BRDA:1255,97,0,1
BRDA:1260,98,0,4
BRDA:1267,99,0,28
BRDA:1267,99,1,0
BRDA:1280,100,0,2
BRDA:1280,100,1,0
BRDA:1284,101,0,1
BRDA:1284,101,1,2
BRDA:1292,102,0,2
BRDA:1300,103,0,6
BRDA:1300,103,1,0
BRDA:1304,104,0,3
BRDA:1304,104,1,6
BRDA:1317,105,0,8
BRDA:1320,106,0,11
BRDA:1320,107,0,20
BRDA:1320,107,1,20
BRDA:1329,108,0,41
BRDA:1329,109,0,62
BRDA:1329,109,1,62
BRDA:1329,109,2,60
BRDA:1341,110,0,2
BRDA:1344,111,0,0
BRDA:1360,112,0,1
BRDA:1360,112,1,1
BRDA:1386,113,0,7
BRDA:1386,113,1,0
BRDA:1393,114,0,7
BRDA:1393,114,1,6
BRDA:1393,115,0,6
BRDA:1393,115,1,1
BRDA:1393,116,0,7
BRDA:1393,116,1,1
BRDA:1394,117,0,7
BRDA:1394,117,1,0
BRDA:1402,118,0,1
BRDA:1405,119,0,1
BRDA:1405,120,0,2
BRDA:1405,120,1,1
BRDA:1415,121,0,1
BRDA:1423,122,0,0
BRDA:1437,123,0,1
BRDA:1437,123,1,21
BRDA:1439,124,0,1
BRDA:1439,124,1,20
BRDA:1453,125,0,20
BRDA:1459,126,0,1
BRDA:1459,127,0,4
BRDA:1459,127,1,3
BRDA:1460,128,0,0
BRDA:1471,129,0,1
BRDA:1477,130,0,0
BRDA:1490,131,0,1
BRDA:1491,132,0,0
BRDA:1499,133,0,1
BRDA:1499,134,0,4
BRDA:1499,134,1,3
BRDA:1500,135,0,0
BRDA:1511,136,0,1
BRDA:1517,137,0,0
BRDA:1530,138,0,1
BRDA:1531,139,0,0
BRDA:1538,140,0,1
BRDA:1538,140,1,7
BRDA:1538,141,0,8
BRDA:1538,141,1,8
BRDA:1538,142,0,1
BRDA:1538,142,1,7
BRDA:1538,143,0,8
BRDA:1538,143,1,8
BRDA:1540,144,0,2
BRDA:1541,145,0,0
BRDA:1549,146,0,0
BRDA:1549,147,0,6
BRDA:1549,147,1,6
BRDA:1550,148,0,0
BRDA:1560,149,0,3
BRDA:1560,149,1,3
BRDA:1560,150,0,6
BRDA:1560,150,1,6
BRDA:1563,151,0,1
BRDA:1567,152,0,1
BRDA:1567,152,1,2
BRDA:1567,153,0,3
BRDA:1567,153,1,3
BRDA:1571,154,0,1
BRDA:1580,155,0,1
BRDA:1580,155,1,1
BRDA:1580,156,0,2
BRDA:1580,156,1,2
BRDA:1583,157,0,1
BRDA:1593,158,0,1
BRDA:1630,159,0,3
BRDA:1630,160,0,12
BRDA:1630,160,1,10
BRDA:1638,161,0,1
BRDA:1644,162,0,2
BRDA:1651,163,0,4
BRDA:1653,164,0,2
BRDA:1669,165,0,2
BRDA:1669,166,0,7
BRDA:1669,166,1,6
BRDA:1675,167,0,1
BRDA:1683,168,0,1
BRDA:1683,168,1,3
BRDA:1700,169,0,2
BRDA:1700,170,0,9
BRDA:1700,170,1,8
BRDA:1707,171,0,1
BRDA:1719,172,0,2
BRDA:1721,173,0,1
BRDA:1729,174,0,1
BRDA:1729,174,1,4
BRDA:1729,175,0,5
BRDA:1729,175,1,1
BRDA:1734,176,0,1
BRDA:1734,176,1,4
BRDA:1736,177,0,2
BRDA:1736,177,1,2
BRDA:1740,178,0,2
BRDA:1740,178,1,0
BRDA:1741,179,0,1
BRDA:1741,179,1,1
BRDA:1753,180,0,0
BRDA:1753,180,1,0
BRDA:1756,181,0,0
BRDA:1763,182,0,0
BRDA:1763,182,1,0
BRDA:1765,183,0,0
BRDA:1765,183,1,0
BRDA:1765,184,0,0
BRDA:1765,184,1,0
BRDA:1798,185,0,8
BRDA:1798,185,1,7
BRDA:1800,186,0,0
BRDA:1800,186,1,8
BRDA:1807,187,0,8
BRDA:1832,188,0,2
BRDA:1837,189,0,1
BRDA:1844,190,0,1
BRDA:1857,191,0,3
BRDA:1857,191,1,7
BRDA:1881,192,0,3
BRDA:1886,193,0,1
BRDA:1905,194,0,7
BRDA:1905,195,0,9
BRDA:1905,195,1,3
BRDA:1915,196,0,1
BRDA:1915,196,1,1
BRDA:1915,197,0,2
BRDA:1915,197,1,1
BRDA:1920,198,0,1
BRDA:1949,199,0,1
BRDA:1953,200,0,6
BRDA:1953,200,1,0
BRDA:1953,201,0,6
BRDA:1953,201,1,0
BRDA:1954,202,0,0
BRDA:1954,202,1,6
BRDA:1966,203,0,1
BRDA:1975,204,0,2
BRDA:1980,205,0,1
BRDA:2005,206,0,0
BRDA:2007,207,0,0
BRDA:2023,208,0,2
BRDA:2027,209,0,2
BRDA:2032,210,0,2
BRDA:2032,210,1,2
BRDA:2032,211,0,4
BRDA:2032,211,1,2
BRDA:2054,212,0,4
BRDA:2054,212,1,4
BRDA:2054,213,0,3
BRDA:2054,213,1,1
BRDA:2054,214,0,4
BRDA:2054,214,1,1
BRDA:2073,215,0,4
BRDA:2095,216,0,21
BRDA:2095,216,1,20
BRDA:2099,217,0,21
BRDA:2099,217,1,13
BRDA:2102,218,0,4
BRDA:2119,219,0,5
BRDA:2123,220,0,2
BRDA:2127,221,0,2
BRDA:2151,222,0,1
BRDA:2158,223,0,49
BRDA:2158,223,1,2
BRDA:2164,224,0,10
BRDA:2170,225,0,10
BRDA:2170,225,1,39
BRDA:2181,226,0,7
BRDA:2187,227,0,2
BRDA:2187,228,0,12
BRDA:2187,228,1,11
BRDA:2192,229,0,1
BRDA:2198,230,0,1
BRDA:2198,230,1,9
BRDA:2207,231,0,17
BRDA:2207,231,1,9
BRDA:2212,232,0,1
BRDA:2212,232,1,8
BRDA:2212,233,0,9
BRDA:2212,233,1,1
BRDA:2217,234,0,7
BRDA:2217,234,1,1
BRDA:2217,235,0,8
BRDA:2217,235,1,8
BRDA:2229,236,0,3
BRDA:2229,237,0,39
BRDA:2229,237,1,39
BRDA:2237,238,0,1
BRDA:2239,239,0,0
BRDA:2257,240,0,1
BRDA:2262,241,0,1
BRDA:2268,242,0,3
BRDA:2268,242,1,0
BRDA:2273,243,0,3
BRDA:2287,244,0,3
BRDA:2287,245,0,3
BRDA:2287,245,1,3
BRDA:2290,246,0,1
BRDA:2295,247,0,1
BRDA:2314,248,0,2
BRDA:2334,249,0,1
BRDA:2339,250,0,2
BRDA:2347,251,0,6
BRDA:2353,252,0,6
BRDA:2356,253,0,2
BRDA:2358,254,0,1
BRDA:2475,255,0,2
BRDA:2475,255,1,1
BRDA:2486,256,0,2
BRDA:2486,256,1,1
BRDA:2500,257,0,8
BRDA:2500,257,1,0
BRDA:2502,258,0,2
BRDA:2502,258,1,1
BRDA:2511,259,0,8
BRDA:2511,259,1,0
BRDA:2513,260,0,2
BRDA:2513,260,1,1
BRDA:2522,261,0,8
BRDA:2522,261,1,0
BRDA:2524,262,0,2
BRDA:2524,262,1,1
BRDA:2581,263,0,1
BRDA:2595,264,0,1
BRDA:2626,265,0,2
BRDA:2626,265,1,1
BRDA:2638,266,0,2
BRDA:2638,266,1,8
BRF:394
BRH:326
end_of_record
